This file contains any messages produced by compilers while
running configure, to aid debugging if configure makes a mistake.

It was created by pic14lib configure 0.1, which was
generated by GNU Autoconf 2.63.  Invocation command line was

  $ ./configure --disable-option-checking --prefix=/usr/local docdir=${datarootdir}/doc/${PACKAGE} --cache-file=/dev/null --srcdir=.

## --------- ##
## Platform. ##
## --------- ##

hostname = localhost.localdomain
uname -m = i686
uname -r = 2.6.9-42.ELsmp
uname -s = Linux
uname -v = #1 SMP Sat Aug 12 09:39:11 CDT 2006

/usr/bin/uname -p = unknown
/bin/uname -X     = unknown

/bin/arch              = i686
/usr/bin/arch -k       = unknown
/usr/convex/getsysinfo = unknown
/usr/bin/hostinfo      = unknown
/bin/machine           = unknown
/usr/bin/oslevel       = unknown
/bin/universe          = unknown

PATH: /usr/kerberos/bin
PATH: /usr/local/bin
PATH: /usr/bin
PATH: /bin
PATH: /usr/X11R6/bin
PATH: /home/sinomcu/bin
PATH: .


## ----------- ##
## Core tests. ##
## ----------- ##

configure:1825: checking for a BSD-compatible install
configure:1893: result: /usr/bin/install -c
configure:1904: checking whether build environment is sane
configure:1964: result: yes
configure:2105: checking for a thread-safe mkdir -p
configure:2144: result: /bin/mkdir -p
configure:2157: checking for gawk
configure:2173: found /usr/bin/gawk
configure:2184: result: gawk
configure:2195: checking whether make sets $(MAKE)
configure:2217: result: yes
configure:2362: checking for gpasm
configure:2393: result: :
configure:2403: checking for gplink
configure:2434: result: :
configure:2444: checking for gplib
configure:2475: result: :
configure:2487: error: gputils (gpasm, gplink, and gplib) are required but not found.
Either install gputils or reconfigure with --disable-pic14-port and --disable-pic16-port.

## ---------------- ##
## Cache variables. ##
## ---------------- ##

ac_cv_env_build_alias_set=
ac_cv_env_build_alias_value=
ac_cv_env_host_alias_set=
ac_cv_env_host_alias_value=
ac_cv_env_target_alias_set=
ac_cv_env_target_alias_value=
ac_cv_path_AR=:
ac_cv_path_CCAS=:
ac_cv_path_LD=:
ac_cv_path_install='/usr/bin/install -c'
ac_cv_path_mkdir=/bin/mkdir
ac_cv_prog_AWK=gawk
ac_cv_prog_make_make_set=yes

## ----------------- ##
## Output variables. ##
## ----------------- ##

ACLOCAL='${SHELL} /home/sinomcu/aaa/sn-sdcc/device/lib/mc30/missing --run aclocal-1.11'
AMDEPBACKSLASH=''
AMDEP_FALSE=''
AMDEP_TRUE=''
AMTAR='${SHELL} /home/sinomcu/aaa/sn-sdcc/device/lib/mc30/missing --run tar'
AR=':'
ARCH='16f877'
ARFLAGS=''
AUTOCONF='${SHELL} /home/sinomcu/aaa/sn-sdcc/device/lib/mc30/missing --run autoconf'
AUTOHEADER='${SHELL} /home/sinomcu/aaa/sn-sdcc/device/lib/mc30/missing --run autoheader'
AUTOMAKE='${SHELL} /home/sinomcu/aaa/sn-sdcc/device/lib/mc30/missing --run automake-1.11'
AWK='gawk'
CC=''\''/home/sinomcu/aaa/sn-sdcc/device/lib/mc30//../../../bin/sdcc'\'''
CCAS=':'
CCASDEPMODE=''
CCASFLAGS=''
CCDEPMODE=''
CFLAGS=''
CYGPATH_W='echo'
DEFS=''
DEPDIR=''
EARCH='16f1934'
ECHO_C=''
ECHO_N='-n'
ECHO_T=''
HAVE_NEW_PICS_FALSE=''
HAVE_NEW_PICS_TRUE='#'
INSTALL_DATA='${INSTALL} -m 644'
INSTALL_PROGRAM='${INSTALL}'
INSTALL_SCRIPT='${INSTALL}'
INSTALL_STRIP_PROGRAM='$(install_sh) -c -s'
LD=':'
LDFLAGS=''
LIBOBJS=''
LIBS=''
LTLIBOBJS=''
MAKEINFO='${SHELL} /home/sinomcu/aaa/sn-sdcc/device/lib/mc30/missing --run makeinfo'
MKDIR_P='/bin/mkdir -p'
OBJEXT=''
PACKAGE='pic14lib'
PACKAGE_BUGREPORT='tecodev AT users sourceforge net'
PACKAGE_NAME='pic14lib'
PACKAGE_STRING='pic14lib 0.1'
PACKAGE_TARNAME='pic14lib'
PACKAGE_VERSION='0.1'
PATH_SEPARATOR=':'
RANLIB=''
SET_MAKE=''
SHELL='/bin/sh'
STRIP=''
VERSION='0.1'
am__fastdepCCAS_FALSE=''
am__fastdepCCAS_TRUE=''
am__fastdepCC_FALSE=''
am__fastdepCC_TRUE=''
am__include=''
am__isrc=''
am__leading_dot='.'
am__quote=''
am__tar='${AMTAR} chof - "$$tardir"'
am__untar='${AMTAR} xf -'
bindir='${exec_prefix}/bin'
build_alias=''
datadir='${datarootdir}'
datarootdir='${prefix}/share'
docdir='${datarootdir}/doc/${PACKAGE}'
dvidir='${docdir}'
exec_prefix='NONE'
host_alias=''
htmldir='${docdir}'
includedir='${prefix}/include'
infodir='${datarootdir}/info'
install_sh='${SHELL} /home/sinomcu/aaa/sn-sdcc/device/lib/mc30/install-sh'
libdir='${exec_prefix}/lib/pic14'
libexecdir='${exec_prefix}/libexec'
localedir='${datarootdir}/locale'
localstatedir='${prefix}/var'
mandir='${datarootdir}/man'
mkdir_p='/bin/mkdir -p'
oldincludedir='/usr/include'
pdfdir='${docdir}'
prefix='/usr/local'
program_transform_name='s,x,x,'
psdir='${docdir}'
sbindir='${exec_prefix}/sbin'
sharedstatedir='${prefix}/com'
sysconfdir='${prefix}/etc'
target_alias=''

## ----------- ##
## confdefs.h. ##
## ----------- ##

#define PACKAGE_NAME "pic14lib"
#define PACKAGE_TARNAME "pic14lib"
#define PACKAGE_VERSION "0.1"
#define PACKAGE_STRING "pic14lib 0.1"
#define PACKAGE_BUGREPORT "tecodev AT users sourceforge net"
#define PACKAGE "pic14lib"
#define VERSION "0.1"

configure: exit 1
