This file contains any messages produced by compilers while
running configure, to aid debugging if configure makes a mistake.

It was created by configure, which was
generated by GNU Autoconf 2.65.  Invocation command line was

  $ ./configure 

## --------- ##
## Platform. ##
## --------- ##

hostname = sinomcu111-PC
uname -m = i686
uname -r = 1.0.19(0.48/3/2)
uname -s = MINGW32_NT-6.1
uname -v = 2016-07-13 17:45

/usr/bin/uname -p = unknown
/bin/uname -X     = unknown

/bin/arch              = unknown
/usr/bin/arch -k       = unknown
/usr/convex/getsysinfo = unknown
/usr/bin/hostinfo      = unknown
/bin/machine           = unknown
/usr/bin/oslevel       = unknown
/bin/universe          = unknown

PATH: .
PATH: /usr/local/bin
PATH: /mingw/bin
PATH: /bin
PATH: /e/Python3/Scripts/
PATH: /e/Python3/
PATH: /c/Windows/system32
PATH: /c/Windows
PATH: /c/Windows/System32/Wbem
PATH: /c/Windows/System32/WindowsPowerShell/v1.0/
PATH: /d/Program Files/TortoiseSVN/bin
PATH: /mingw/bin
PATH: /d/Program Files/Git/cmd
PATH: /d/Program Files/TortoiseGit/bin
PATH: .
PATH: /d/Program Files/Microsoft VS Code/bin
PATH: /e/tools/pic/gputils-0.14.1/gpasm
PATH: /e/tools/pic/gputils-0.14.1/gplink
PATH: /e/tools/pic/gputils-0.14.1/gputils


## ----------- ##
## Core tests. ##
## ----------- ##

configure:1673: checking for gpasm
configure:1701: result: /e/tools/pic/gputils-0.14.1/gpasm/gpasm.exe
configure:1711: checking for gplink
configure:1739: result: /e/tools/pic/gputils-0.14.1/gplink/gplink.exe
configure:1749: checking for gplib
configure:1777: result: /e/tools/pic/gputils-0.14.1/gputils/gplib.exe
configure:1788: checking for rm
configure:1804: found /bin/rm
configure:1816: result: rm -f
configure:1826: checking for cp
configure:1842: found /bin/cp
configure:1854: result: cp
configure:1864: checking for mv
configure:1880: found /bin/mv
configure:1892: result: mv
configure:1902: checking for ls
configure:1918: found /bin/ls
configure:1930: result: ls
configure:1940: checking for sed
configure:1956: found /bin/sed
configure:1968: result: sed
configure:1976: checking for grep that handles long lines and -e
configure:2034: result: /bin/grep
configure:2039: checking for egrep
configure:2101: result: /bin/grep -E
configure:2108: checking for mkdir
configure:2124: found /bin/mkdir
configure:2136: result: mkdir -p
configure:2146: checking for rmdir
configure:2162: found /bin/rmdir
configure:2174: result: rmdir
configure:2190: checking whether make sets $(MAKE)
configure:2212: result: yes
configure:2393: creating ./config.status

## ---------------------- ##
## Running config.status. ##
## ---------------------- ##

This file was extended by config.status, which was
generated by GNU Autoconf 2.65.  Invocation command line was

  CONFIG_FILES    = 
  CONFIG_HEADERS  = 
  CONFIG_LINKS    = 
  CONFIG_COMMANDS = 
  $ ./config.status 

on sinomcu111-PC

config.status:730: creating Makefile
config.status:730: creating Makefile.common
config.status:730: creating libdev/Makefile

## ---------------- ##
## Cache variables. ##
## ---------------- ##

ac_cv_env_build_alias_set=
ac_cv_env_build_alias_value=
ac_cv_env_host_alias_set=
ac_cv_env_host_alias_value=
ac_cv_env_target_alias_set=
ac_cv_env_target_alias_value=
ac_cv_path_EGREP='/bin/grep -E'
ac_cv_path_GREP=/bin/grep
ac_cv_prog_CP=cp
ac_cv_prog_GPASM=/e/tools/pic/gputils-0.14.1/gpasm/gpasm.exe
ac_cv_prog_GPLIB=/e/tools/pic/gputils-0.14.1/gputils/gplib.exe
ac_cv_prog_GPLINK=/e/tools/pic/gputils-0.14.1/gplink/gplink.exe
ac_cv_prog_LS=ls
ac_cv_prog_MKDIR='mkdir -p'
ac_cv_prog_MV=mv
ac_cv_prog_RM='rm -f'
ac_cv_prog_RMDIR=rmdir
ac_cv_prog_SED=sed
ac_cv_prog_make_make_set=yes

## ----------------- ##
## Output variables. ##
## ----------------- ##

CP='cp'
DEFS='-DPACKAGE_NAME=\"\" -DPACKAGE_TARNAME=\"\" -DPACKAGE_VERSION=\"\" -DPACKAGE_STRING=\"\" -DPACKAGE_BUGREPORT=\"\" -DPACKAGE_URL=\"\"'
ECHO_C=''
ECHO_N='-n'
ECHO_T=''
EGREP='/bin/grep -E'
GPASM='/e/tools/pic/gputils-0.14.1/gpasm/gpasm.exe'
GPLIB='/e/tools/pic/gputils-0.14.1/gputils/gplib.exe'
GPLINK='/e/tools/pic/gputils-0.14.1/gplink/gplink.exe'
GREP='/bin/grep'
HAVE_NEW_PICS='no'
LIBOBJS=''
LIBS=''
LS='ls'
LTLIBOBJS=''
MKDIR='mkdir -p'
MV='mv'
PACKAGE_BUGREPORT=''
PACKAGE_NAME=''
PACKAGE_STRING=''
PACKAGE_TARNAME=''
PACKAGE_URL=''
PACKAGE_VERSION=''
PATH_SEPARATOR=':'
RM='rm -f'
RMDIR='rmdir'
SED='sed'
SET_MAKE=''
SHELL='/bin/sh'
bindir='${exec_prefix}/bin'
build_alias=''
datadir='${datarootdir}'
datarootdir='${prefix}/share'
docdir='${datarootdir}/doc/${PACKAGE}'
dvidir='${docdir}'
exec_prefix='${prefix}'
host_alias=''
htmldir='${docdir}'
includedir='${prefix}/include'
infodir='${datarootdir}/info'
libdir='${exec_prefix}/lib'
libexecdir='${exec_prefix}/libexec'
localedir='${datarootdir}/locale'
localstatedir='${prefix}/var'
mandir='${datarootdir}/man'
oldincludedir='/usr/include'
pdfdir='${docdir}'
prefix='/usr/local'
program_transform_name='s,x,x,'
psdir='${docdir}'
sbindir='${exec_prefix}/sbin'
sharedstatedir='${prefix}/com'
sysconfdir='${prefix}/etc'
target_alias=''

## ----------- ##
## confdefs.h. ##
## ----------- ##

/* confdefs.h */
#define PACKAGE_NAME ""
#define PACKAGE_TARNAME ""
#define PACKAGE_VERSION ""
#define PACKAGE_STRING ""
#define PACKAGE_BUGREPORT ""
#define PACKAGE_URL ""

configure: exit 0
