gpasm-0.14.1 (Aug 18 2017)   utils/cnvfrac.S    8-18-2017  19:22:32          PAGE  1


LOC  OBJECT CODE     LINE SOURCE TEXT
  VALUE

                      00001 ;--------------------------------------------------------------------------
                      00002 ;  cnvfrac.S - convertion routine of 24 bits floating point to ASCII
                      00003 ;
                      00004 ;  Copyright (C) 2004, Vangelis Rokas <vrokas at otenet.gr>
                      00005 ;
                      00006 ;  This library is free software; you can redistribute it and/or modify it
                      00007 ;  under the terms of the GNU General Public License as published by the
                      00008 ;  Free Software Foundation; either version 2, or (at your option) any
                      00009 ;  later version.
                      00010 ;
                      00011 ;  This library is distributed in the hope that it will be useful,
                      00012 ;  but WITHOUT ANY WARRANTY; without even the implied warranty of
                      00013 ;  MERCHANTABILITY or FITNESS FOR A PARTICULAR PURPOSE. See the
                      00014 ;  GNU General Public License for more details.
                      00015 ;
                      00016 ;  You should have received a copy of the GNU General Public License 
                      00017 ;  along with this library; see the file COPYING. If not, write to the
                      00018 ;  Free Software Foundation, 51 Franklin Street, Fifth Floor, Boston,
                      00019 ;   MA 02110-1301, USA.
                      00020 ;
                      00021 ;  As a special exception, if you link this library with other files,
                      00022 ;  some of which are compiled with SDCC, to produce an executable,
                      00023 ;  this library does not by itself cause the resulting executable to
                      00024 ;  be covered by the GNU General Public License. This exception does
                      00025 ;  not however invalidate any other reasons why the executable file
                      00026 ;  might be covered by the GNU General Public License.
                      00027 ;--------------------------------------------------------------------------
                      00028 
                      00029         radix dec
                      00030         list
gpasm-0.14.1 (Aug 18 2017)   utils/cnvfrac.S    8-18-2017  19:22:32          PAGE  2


SYMBOL TABLE
  LABEL                             VALUE

@1                                0000006C
@10                               000000DA
@11                               000000E2
@12                               000000F0
@13                               00000108
@14                               00000110
@15                               0000011E
@16                               0000013A
@17                               00000142
@18                               00000150
@19                               0000016C
@2                                00000074
@20                               00000174
@21                               00000182
@22                               0000019A
@23                               000001A2
@24                               000001B0
@25                               000001D8
@26                               000001E0
@27                               000001EE
@28                               0000021A
@29                               00000222
@3                                00000082
@30                               00000230
@31                               00000260
@32                               00000268
@33                               00000276
@34                               000002A6
@35                               000002AE
@36                               000002BC
@37                               000002F4
@38                               000002FC
@39                               0000030A
@4                                0000008E
@40                               0000033E
@41                               00000346
@42                               00000354
@43                               00000394
@44                               0000039C
@45                               000003AA
@46                               000003E6
@47                               000003EE
@48                               000003FC
@49                               00000440
@5                                00000096
@50                               00000448
@51                               00000456
@52                               00000496
@53                               0000049E
@54                               000004AC
@55                               000004E4
@56                               000004EC
@57                               000004FA
gpasm-0.14.1 (Aug 18 2017)   utils/cnvfrac.S    8-18-2017  19:22:32          PAGE  3


SYMBOL TABLE
  LABEL                             VALUE 

@58                               0000052A
@59                               00000532
@6                                000000A4
@60                               00000540
@61                               0000056C
@62                               00000574
@63                               00000582
@64                               000005A2
@65                               000005AA
@66                               000005B8
@67                               000005D0
@68                               000005D8
@69                               000005E6
@7                                000000B4
@70                               000005F6
@71                               000005FE
@72                               0000060C
@73                               0000060C
@74                               00000612
@75                               00000618
@76                               0000061E
@77                               00000624
@78                               0000062A
@79                               00000630
@8                                000000BC
@80                               00000636
@81                               0000063C
@82                               00000642
@83                               00000648
@84                               0000064E
@85                               00000654
@86                               0000065A
@87                               00000660
@88                               00000666
@89                               0000066C
@9                                000000CA
@90                               00000672
@91                               00000678
@92                               0000067E
@93                               00000684
@94                               0000068A
@95                               00000690
@96                               00000696
POSTDEC1                          00000FE5
POSTINC0                          00000FEE
PREINC1                           00000FE4
STATUS                            00000FD8
WREG                              00000FE8
__18F452                          00000001
_convert_frac                     00000000
d0x00                             00000005
d0x01                             00000006
d0x02                             00000007
gpasm-0.14.1 (Aug 18 2017)   utils/cnvfrac.S    8-18-2017  19:22:32          PAGE  4


SYMBOL TABLE
  LABEL                             VALUE 

d0x03                             00000008
d0x04                             00000009
d0x05                             0000000A
d0x06                             0000000B
d0x07                             0000000C
d0x08                             0000000D
d0x09                             0000000E
d0x10                             0000000F
d0x11                             00000010
d0x12                             00000011
d0x13                             00000012
d0x14                             00000013
d0x15                             00000014
d0x16                             00000015
d0x17                             00000016
d0x18                             00000017
d0x19                             00000018
d0x20                             00000019
d0x21                             0000001A
d0x22                             0000001B
d0x23                             0000001C
d0x24                             0000001D
r0x00                             00000000
r0x01                             00000001
r0x02                             00000002
r0x03                             00000003
round_digit                       00000004

Errors   :     0
Warnings :     0 reported,     0 suppressed
Messages :     0 reported,     0 suppressed

