gpasm-0.14.1 (Aug 18 2017)   utils/cnvint.S     8-18-2017  19:22:33          PAGE  1


LOC  OBJECT CODE     LINE SOURCE TEXT
  VALUE

                      00001 ;--------------------------------------------------------------------------
                      00002 ;  cnvint.S - convertion routine of 24 bits integer to ASCII
                      00003 ;
                      00004 ;  Copyright (C) 2004, Vangelis Rokas <vrokas at otenet.gr>
                      00005 ;
                      00006 ;  This library is free software; you can redistribute it and/or modify it
                      00007 ;  under the terms of the GNU General Public License as published by the
                      00008 ;  Free Software Foundation; either version 2, or (at your option) any
                      00009 ;  later version.
                      00010 ;
                      00011 ;  This library is distributed in the hope that it will be useful,
                      00012 ;  but WITHOUT ANY WARRANTY; without even the implied warranty of
                      00013 ;  MERCHANTABILITY or FITNESS FOR A PARTICULAR PURPOSE. See the
                      00014 ;  GNU General Public License for more details.
                      00015 ;
                      00016 ;  You should have received a copy of the GNU General Public License 
                      00017 ;  along with this library; see the file COPYING. If not, write to the
                      00018 ;  Free Software Foundation, 51 Franklin Street, Fifth Floor, Boston,
                      00019 ;   MA 02110-1301, USA.
                      00020 ;
                      00021 ;  As a special exception, if you link this library with other files,
                      00022 ;  some of which are compiled with SDCC, to produce an executable,
                      00023 ;  this library does not by itself cause the resulting executable to
                      00024 ;  be covered by the GNU General Public License. This exception does
                      00025 ;  not however invalidate any other reasons why the executable file
                      00026 ;  might be covered by the GNU General Public License.
                      00027 ;--------------------------------------------------------------------------
                      00028 
                      00029         radix dec
                      00030         list
gpasm-0.14.1 (Aug 18 2017)   utils/cnvint.S     8-18-2017  19:22:33          PAGE  2


SYMBOL TABLE
  LABEL                             VALUE

@1                                000000A0
@10                               000001C4
@11                               000001E0
@12                               000001E8
@13                               00000200
@14                               00000208
@15                               0000022E
@16                               00000236
@17                               0000023E
@18                               00000246
@19                               0000024E
@2                                000000A8
@20                               00000256
@21                               0000025E
@22                               00000266
@3                                000000F8
@4                                00000100
@5                                0000013C
@6                                00000144
@7                                00000184
@8                                0000018C
@9                                000001BC
POSTDEC1                          00000FE5
POSTINC0                          00000FEE
PREINC1                           00000FE4
STATUS                            00000FD8
__18F452                          00000001
_convert_int                      00000000
d0x00                             00000004
d0x01                             00000005
d0x02                             00000006
d0x03                             00000007
d0x04                             00000008
d0x05                             00000009
d0x06                             0000000A
d0x07                             0000000B
d0x08                             0000000C
d0x09                             0000000D
digit_count                       0000000E
r0x00                             00000000
r0x01                             00000001
r0x02                             00000002
r0x03                             00000003

Errors   :     0
Warnings :     0 reported,     0 suppressed
Messages :     0 reported,     0 suppressed

