gpasm-0.14.1 (Aug 18 2017)   delay/delay10tcy.S 8-18-2017  19:21:31          PAGE  1


LOC  OBJECT CODE     LINE SOURCE TEXT
  VALUE

                      00001 ;--------------------------------------------------------------------------
                      00002 ;  delay10tcy.S
                      00003 ;
                      00004 ;  Copyright (C) 2005, Vangelis Rokas <vrokas at otenet.gr>
                      00005 ;
                      00006 ;  This library is free software; you can redistribute it and/or modify it
                      00007 ;  under the terms of the GNU General Public License as published by the
                      00008 ;  Free Software Foundation; either version 2, or (at your option) any
                      00009 ;  later version.
                      00010 ;
                      00011 ;  This library is distributed in the hope that it will be useful,
                      00012 ;  but WITHOUT ANY WARRANTY; without even the implied warranty of
                      00013 ;  MERCHANTABILITY or FITNESS FOR A PARTICULAR PURPOSE. See the
                      00014 ;  GNU General Public License for more details.
                      00015 ;
                      00016 ;  You should have received a copy of the GNU General Public License 
                      00017 ;  along with this library; see the file COPYING. If not, write to the
                      00018 ;  Free Software Foundation, 51 Franklin Street, Fifth Floor, Boston,
                      00019 ;   MA 02110-1301, USA.
                      00020 ;
                      00021 ;  As a special exception, if you link this library with other files,
                      00022 ;  some of which are compiled with SDCC, to produce an executable,
                      00023 ;  this library does not by itself cause the resulting executable to
                      00024 ;  be covered by the GNU General Public License. This exception does
                      00025 ;  not however invalidate any other reasons why the executable file
                      00026 ;  might be covered by the GNU General Public License.
                      00027 ;--------------------------------------------------------------------------
                      00028 
                      00029     include <p18fxxx.inc>
                      00001 ;--------------------------------------------------------------------------
                      00002 ;  p18fxxx.inc
                      00003 ;
                      00004 ;  Copyright (C) 2005, Vangelis Rokas <vrokas AT otenet.gr>
                      00005 ;
                      00006 ;  This library is free software; you can redistribute it and/or modify it
                      00007 ;  under the terms of the GNU General Public License as published by the
                      00008 ;  Free Software Foundation; either version 2, or (at your option) any
                      00009 ;  later version.
                      00010 ;
                      00011 ;  This library is distributed in the hope that it will be useful,
                      00012 ;  but WITHOUT ANY WARRANTY; without even the implied warranty of
                      00013 ;  MERCHANTABILITY or FITNESS FOR A PARTICULAR PURPOSE. See the
                      00014 ;  GNU General Public License for more details.
                      00015 ;
                      00016 ;  You should have received a copy of the GNU General Public License 
                      00017 ;  along with this library; see the file COPYING. If not, write to the
                      00018 ;  Free Software Foundation, 51 Franklin Street, Fifth Floor, Boston,
                      00019 ;   MA 02110-1301, USA.
                      00020 ;
                      00021 ;  As a special exception, if you link this library with other files,
                      00022 ;  some of which are compiled with SDCC, to produce an executable,
                      00023 ;  this library does not by itself cause the resulting executable to
                      00024 ;  be covered by the GNU General Public License. This exception does
gpasm-0.14.1 (Aug 18 2017)   delay/delay10tcy.S 8-18-2017  19:21:31          PAGE  2


LOC  OBJECT CODE     LINE SOURCE TEXT
  VALUE

                      00025 ;  not however invalidate any other reasons why the executable file
                      00026 ;  might be covered by the GNU General Public License.
                      00027 ;--------------------------------------------------------------------------
                      00028 
                      00029 #ifndef __P18FXXX__
                      00030 #define __P18FXXX__     1
                      00031 
                      00032 
                      00033                 list    r=dec, n=96, st=off, mm=off
                      00034 
                      00113                 list
                      00114 #endif
                      00030 
                      00031     global    _delay10tcy
                      00032     
                      00033     code
                      00034 
000000                00035 _delay10tcy:
                      00036       ; polynomial for 10tcy delay is f(x) = 10 * (x-1) + 10
000000 06E8           00037       decf      WREG, f
000002 0000           00038       nop
                      00039 
000004 50E8           00040       movf      WREG, w
000006 E000           00041       bz        @delay10_end
                      00042 
000008 D000           00043       bra       $+2
                      00044 
00000A                00045 @delay10_loop:
00000A D000           00046       bra       $+2
00000C D000           00047       bra       $+2
00000E D000           00048       bra       $+2
                      00049 
000010 0000           00050       nop
000012 2EE8           00051       decfsz    WREG, f
000014 D000           00052       bra       @delay10_loop
                      00053 
000016                00054 @delay10_end:
                      00055 
000016 0012           00056       return
                      00057 
                      00058       end

Errors   :     0
Warnings :     0 reported,     0 suppressed
Messages :     0 reported,     0 suppressed

