gpasm-0.14.1 (Aug 18 2017)   delay/delay10ktcy.S8-18-2017  19:21:31          PAGE  1


LOC  OBJECT CODE     LINE SOURCE TEXT
  VALUE

                      00001 ;--------------------------------------------------------------------------
                      00002 ;  delay10ktcy.S
                      00003 ;
                      00004 ;  Copyright (C) 2005, Vangelis Rokas <vrokas at otenet.gr>
                      00005 ;
                      00006 ;  This library is free software; you can redistribute it and/or modify it
                      00007 ;  under the terms of the GNU General Public License as published by the
                      00008 ;  Free Software Foundation; either version 2, or (at your option) any
                      00009 ;  later version.
                      00010 ;
                      00011 ;  This library is distributed in the hope that it will be useful,
                      00012 ;  but WITHOUT ANY WARRANTY; without even the implied warranty of
                      00013 ;  MERCHANTABILITY or FITNESS FOR A PARTICULAR PURPOSE. See the
                      00014 ;  GNU General Public License for more details.
                      00015 ;
                      00016 ;  You should have received a copy of the GNU General Public License 
                      00017 ;  along with this library; see the file COPYING. If not, write to the
                      00018 ;  Free Software Foundation, 51 Franklin Street, Fifth Floor, Boston,
                      00019 ;   MA 02110-1301, USA.
                      00020 ;
                      00021 ;  As a special exception, if you link this library with other files,
                      00022 ;  some of which are compiled with SDCC, to produce an executable,
                      00023 ;  this library does not by itself cause the resulting executable to
                      00024 ;  be covered by the GNU General Public License. This exception does
                      00025 ;  not however invalidate any other reasons why the executable file
                      00026 ;  might be covered by the GNU General Public License.
                      00027 ;--------------------------------------------------------------------------
                      00028 
                      00029         include <p18fxxx.inc>
                      00001 ;--------------------------------------------------------------------------
                      00002 ;  p18fxxx.inc
                      00003 ;
                      00004 ;  Copyright (C) 2005, Vangelis Rokas <vrokas AT otenet.gr>
                      00005 ;
                      00006 ;  This library is free software; you can redistribute it and/or modify it
                      00007 ;  under the terms of the GNU General Public License as published by the
                      00008 ;  Free Software Foundation; either version 2, or (at your option) any
                      00009 ;  later version.
                      00010 ;
                      00011 ;  This library is distributed in the hope that it will be useful,
                      00012 ;  but WITHOUT ANY WARRANTY; without even the implied warranty of
                      00013 ;  MERCHANTABILITY or FITNESS FOR A PARTICULAR PURPOSE. See the
                      00014 ;  GNU General Public License for more details.
                      00015 ;
                      00016 ;  You should have received a copy of the GNU General Public License 
                      00017 ;  along with this library; see the file COPYING. If not, write to the
                      00018 ;  Free Software Foundation, 51 Franklin Street, Fifth Floor, Boston,
                      00019 ;   MA 02110-1301, USA.
                      00020 ;
                      00021 ;  As a special exception, if you link this library with other files,
                      00022 ;  some of which are compiled with SDCC, to produce an executable,
                      00023 ;  this library does not by itself cause the resulting executable to
                      00024 ;  be covered by the GNU General Public License. This exception does
gpasm-0.14.1 (Aug 18 2017)   delay/delay10ktcy.S8-18-2017  19:21:31          PAGE  2


LOC  OBJECT CODE     LINE SOURCE TEXT
  VALUE

                      00025 ;  not however invalidate any other reasons why the executable file
                      00026 ;  might be covered by the GNU General Public License.
                      00027 ;--------------------------------------------------------------------------
                      00028 
                      00029 #ifndef __P18FXXX__
                      00030 #define __P18FXXX__     1
                      00031 
                      00032 
                      00033                 list    r=dec, n=96, st=off, mm=off
                      00034 
                      00113                 list
                      00114 #endif
                      00030 
                      00031         extern  _delay10tcy
                      00032         extern  _delay1ktcy
                      00033 
                      00034         global  _delay10ktcy
                      00035     
                      00036         code
                      00037 
000000                00038 _delay10ktcy:
                      00039         ; polynomial for 10ktcy delay is f(x) = 10000 * (x-1) + 10000
000000 06E8           00040         decf    WREG, f
                      00041     
000002 6EE5           00042         movwf    POSTDEC1
000004 0E09           00043         movlw    9
000006 EC00 F000      00044         call    _delay1ktcy
                      00045 
00000A 0E63           00046         movlw       99
00000C EC00 F000      00047         call        _delay10tcy
                      00048 
000010 50E4           00049         movf    PREINC1, w
                      00050  
000012 E000           00051         bz        @delay10k_end
000014 D000           00052         bra        $+2
                      00053     
000016                00054 @delay10k_loop:
000016 6EE5           00055         movwf    POSTDEC1
                      00056 
000018 0E09           00057         movlw    9
00001A EC00 F000      00058         call    _delay1ktcy
                      00059 
00001E 0E63           00060         movlw       99
000020 EC00 F000      00061         call        _delay10tcy
                      00062 
000024 D000           00063         bra        $+2
000026 D000           00064         bra        $+2
000028 0000           00065         nop                         
00002A 50E4           00066         movf    PREINC1, w
00002C 2EE8           00067         decfsz    WREG, f
00002E D000           00068         bra        @delay10k_loop
                      00069 
000030                00070 @delay10k_end:
000030 0012           00071         return
                      00072 
                      00073         end

Errors   :     0
Warnings :     0 reported,     0 suppressed
Messages :     0 reported,     0 suppressed

