gpasm-0.14.1 (Aug 18 2017)   delay/delay100tcy.S8-18-2017  19:21:30          PAGE  1


LOC  OBJECT CODE     LINE SOURCE TEXT
  VALUE

                      00001 ;--------------------------------------------------------------------------
                      00002 ;  delay100tcy.S
                      00003 ;
                      00004 ;  Copyright (C) 2005, Vangelis Rokas <vrokas at otenet.gr>
                      00005 ;
                      00006 ;  This library is free software; you can redistribute it and/or modify it
                      00007 ;  under the terms of the GNU General Public License as published by the
                      00008 ;  Free Software Foundation; either version 2, or (at your option) any
                      00009 ;  later version.
                      00010 ;
                      00011 ;  This library is distributed in the hope that it will be useful,
                      00012 ;  but WITHOUT ANY WARRANTY; without even the implied warranty of
                      00013 ;  MERCHANTABILITY or FITNESS FOR A PARTICULAR PURPOSE. See the
                      00014 ;  GNU General Public License for more details.
                      00015 ;
                      00016 ;  You should have received a copy of the GNU General Public License 
                      00017 ;  along with this library; see the file COPYING. If not, write to the
                      00018 ;  Free Software Foundation, 51 Franklin Street, Fifth Floor, Boston,
                      00019 ;   MA 02110-1301, USA.
                      00020 ;
                      00021 ;  As a special exception, if you link this library with other files,
                      00022 ;  some of which are compiled with SDCC, to produce an executable,
                      00023 ;  this library does not by itself cause the resulting executable to
                      00024 ;  be covered by the GNU General Public License. This exception does
                      00025 ;  not however invalidate any other reasons why the executable file
                      00026 ;  might be covered by the GNU General Public License.
                      00027 ;--------------------------------------------------------------------------
                      00028 
                      00029         include <p18fxxx.inc>
                      00001 ;--------------------------------------------------------------------------
                      00002 ;  p18fxxx.inc
                      00003 ;
                      00004 ;  Copyright (C) 2005, Vangelis Rokas <vrokas AT otenet.gr>
                      00005 ;
                      00006 ;  This library is free software; you can redistribute it and/or modify it
                      00007 ;  under the terms of the GNU General Public License as published by the
                      00008 ;  Free Software Foundation; either version 2, or (at your option) any
                      00009 ;  later version.
                      00010 ;
                      00011 ;  This library is distributed in the hope that it will be useful,
                      00012 ;  but WITHOUT ANY WARRANTY; without even the implied warranty of
                      00013 ;  MERCHANTABILITY or FITNESS FOR A PARTICULAR PURPOSE. See the
                      00014 ;  GNU General Public License for more details.
                      00015 ;
                      00016 ;  You should have received a copy of the GNU General Public License 
                      00017 ;  along with this library; see the file COPYING. If not, write to the
                      00018 ;  Free Software Foundation, 51 Franklin Street, Fifth Floor, Boston,
                      00019 ;   MA 02110-1301, USA.
                      00020 ;
                      00021 ;  As a special exception, if you link this library with other files,
                      00022 ;  some of which are compiled with SDCC, to produce an executable,
                      00023 ;  this library does not by itself cause the resulting executable to
                      00024 ;  be covered by the GNU General Public License. This exception does
gpasm-0.14.1 (Aug 18 2017)   delay/delay100tcy.S8-18-2017  19:21:30          PAGE  2


LOC  OBJECT CODE     LINE SOURCE TEXT
  VALUE

                      00025 ;  not however invalidate any other reasons why the executable file
                      00026 ;  might be covered by the GNU General Public License.
                      00027 ;--------------------------------------------------------------------------
                      00028 
                      00029 #ifndef __P18FXXX__
                      00030 #define __P18FXXX__     1
                      00031 
                      00032 
                      00033                 list    r=dec, n=96, st=off, mm=off
                      00034 
                      00113                 list
                      00114 #endif
                      00030 
                      00031         extern  _delay10tcy
                      00032 
                      00033         global  _delay100tcy
                      00034     
                      00035         code
                      00036 
000000                00037 _delay100tcy:
                      00038         ; polynomial for 100tcy delay is f(x) = 100 * (x-1) + 100
000000 06E8           00039         decf    WREG, f
000002 6EE5           00040         movwf   POSTDEC1
000004 0E09           00041         movlw   9
000006 EC00 F000      00042         call    _delay10tcy
                      00043 
00000A 50E4           00044         movf    PREINC1, w
                      00045 
00000C E000           00046         bz      @delay100_end
00000E D000           00047         bra     $+2
                      00048 
000010                00049 @delay100_loop:
000010 6EE5           00050         movwf   POSTDEC1
                      00051 
000012 0E09           00052         movlw   9
000014 EC00 F000      00053         call    _delay10tcy
                      00054 
000018 D000           00055         bra     $+2
                      00056 
00001A 50E4           00057         movf    PREINC1, w
00001C 0000           00058         nop
00001E D000           00059         bra     $+2
000020 2EE8           00060         decfsz  WREG, f
000022 D000           00061         bra     @delay100_loop
                      00062 
000024                00063 @delay100_end:
000024 0012           00064         return
                      00065 
                      00066         end

Errors   :     0
Warnings :     0 reported,     0 suppressed
Messages :     0 reported,     0 suppressed

