gpasm-0.14.1 (Aug 18 2017)   isspace.asm        8-18-2017  19:21:27          PAGE  1


LOC  OBJECT CODE     LINE SOURCE TEXT
  VALUE

                      00001 ;--------------------------------------------------------
                      00002 ; File Created by SDCC : free open source ANSI-C Compiler
                      00003 ; Version 3.2.0 #8004 (Aug 18 2017) (MINGW32)
                      00004 ; This file was generated Fri Aug 18 19:21:27 2017
                      00005 ;--------------------------------------------------------
                      00006 ; PIC16 port for the Microchip 16-bit core micros
                      00007 ;--------------------------------------------------------
                      00008         list    p=18f452
                      00009 
                      00010         radix dec
                      00011 
                      00012 ;--------------------------------------------------------
                      00013 ; public variables in this module
                      00014 ;--------------------------------------------------------
                      00015         global  _isspace
                      00016 
                      00017 ;--------------------------------------------------------
                      00018 ;       Equates to used internal registers
                      00019 ;--------------------------------------------------------
  00000FE8            00020 WREG    equ     0xfe8
  00000FE1            00021 FSR1L   equ     0xfe1
  00000FD9            00022 FSR2L   equ     0xfd9
  00000FE5            00023 POSTDEC1        equ     0xfe5
  00000FE4            00024 PREINC1 equ     0xfe4
  00000FDB            00025 PLUSW2  equ     0xfdb
                      00026 
                      00027 
                      00028 ; Internal registers
                      00029 .registers      udata_ovr       0x0000
000000                00030 r0x00   res     1
                      00031 
                      00032 ;--------------------------------------------------------
                      00033 ; global & static initialisations
                      00034 ;--------------------------------------------------------
                      00035 ; I code from now on!
                      00036 ; ; Starting pCode block
                      00037 ; ;ic:1:  _entry($9) :
                      00038 ; ;ic:2:        proc _isspace [k1 lr0:0 so:0]{ ia0 a2p0 re0 rm0 nos0 ru0 dp0}{char function ( unsigned-char fixed) fixed}
                      00039 S_isspace__isspace      code
000000                00040 _isspace:
                      00041 ;       .line   33; ctype/isspace.c     char isspace (unsigned char c)
000000 CFD9 FFE5      00042         MOVFF   FSR2L, POSTDEC1
000004 CFE1 FFD9      00043         MOVFF   FSR1L, FSR2L
000008 C000 FFE5      00044         MOVFF   r0x00, POSTDEC1
                      00045 ; ;ic:3: iTemp0 [k2 lr3:14 so:0]{ ia0 a2p0 re1 rm0 nos0 ru0 dp0}{unsigned-char fixed}{ sir@ _isspace_c_1_10}[r0x00 ] = recv _isspace [k1 lr0:0 so:0]{ ia0 a2p0 re0 rm0 nos0 ru0 dp0}{char function ( unsigned-char fixed) fixed}
00000C 0E02           00046         MOVLW   0x02
00000E CFDB F000      00047         MOVFF   PLUSW2, r0x00
                      00048 ; ;ic:4:        iTemp1 [k4 lr4:5 so:0]{ ia0 a2p0 re0 rm0 nos0 ru0 dp0}{char fixed} = iTemp0 [k2 lr3:14 so:0]{ ia0 a2p0 re1 rm0 nos0 ru0 dp0}{unsigned-char fixed}{ sir@ _isspace_c_1_10}[r0x00 ] == 0x20 {unsigned-char literal}
                      00049 ;       .line   35; ctype/isspace.c     if ( c == UC(' ')  ||
000012 5000           00050         MOVF    r0x00, W
000014 0A20           00051         XORLW   0x20
000016 E000           00052         BZ      _00105_DS_
                      00053 ; ;ic:5:        if iTemp1 [k4 lr4:5 so:0]{ ia0 a2p0 re0 rm0 nos0 ru0 dp0}{char fixed} != 0 goto _iftrue_0($1)
gpasm-0.14.1 (Aug 18 2017)   isspace.asm        8-18-2017  19:21:27          PAGE  2


LOC  OBJECT CODE     LINE SOURCE TEXT
  VALUE

                      00054 ; ;ic:6:        iTemp2 [k5 lr6:7 so:0]{ ia0 a2p0 re0 rm0 nos0 ru0 dp0}{char fixed} = iTemp0 [k2 lr3:14 so:0]{ ia0 a2p0 re1 rm0 nos0 ru0 dp0}{unsigned-char fixed}{ sir@ _isspace_c_1_10}[r0x00 ] == 0xc {unsigned-char literal}
                      00055 ;       .line   36; ctype/isspace.c     c == UC('\f') ||
000018 5000           00056         MOVF    r0x00, W
00001A 0A0C           00057         XORLW   0x0c
00001C E000           00058         BZ      _00105_DS_
                      00059 ; ;ic:7:        if iTemp2 [k5 lr6:7 so:0]{ ia0 a2p0 re0 rm0 nos0 ru0 dp0}{char fixed} != 0 goto _iftrue_0($1)
                      00060 ; ;ic:8:        iTemp3 [k6 lr8:9 so:0]{ ia0 a2p0 re0 rm0 nos0 ru0 dp0}{char fixed} = iTemp0 [k2 lr3:14 so:0]{ ia0 a2p0 re1 rm0 nos0 ru0 dp0}{unsigned-char fixed}{ sir@ _isspace_c_1_10}[r0x00 ] == 0xa {unsigned-char literal}
                      00061 ;       .line   37; ctype/isspace.c     c == UC('\n') ||
00001E 5000           00062         MOVF    r0x00, W
000020 0A0A           00063         XORLW   0x0a
000022 E000           00064         BZ      _00105_DS_
                      00065 ; ;ic:9:        if iTemp3 [k6 lr8:9 so:0]{ ia0 a2p0 re0 rm0 nos0 ru0 dp0}{char fixed} != 0 goto _iftrue_0($1)
                      00066 ; ;ic:10:       iTemp4 [k7 lr10:11 so:0]{ ia0 a2p0 re0 rm0 nos0 ru0 dp0}{char fixed} = iTemp0 [k2 lr3:14 so:0]{ ia0 a2p0 re1 rm0 nos0 ru0 dp0}{unsigned-char fixed}{ sir@ _isspace_c_1_10}[r0x00 ] == 0xd {unsigned-char literal}
                      00067 ;       .line   38; ctype/isspace.c     c == UC('\r') ||
000024 5000           00068         MOVF    r0x00, W
000026 0A0D           00069         XORLW   0x0d
000028 E000           00070         BZ      _00105_DS_
                      00071 ; ;ic:11:       if iTemp4 [k7 lr10:11 so:0]{ ia0 a2p0 re0 rm0 nos0 ru0 dp0}{char fixed} != 0 goto _iftrue_0($1)
                      00072 ; ;ic:12:       iTemp5 [k8 lr12:13 so:0]{ ia0 a2p0 re0 rm0 nos0 ru0 dp0}{char fixed} = iTemp0 [k2 lr3:14 so:0]{ ia0 a2p0 re1 rm0 nos0 ru0 dp0}{unsigned-char fixed}{ sir@ _isspace_c_1_10}[r0x00 ] == 0x9 {unsigned-char literal}
                      00073 ;       .line   39; ctype/isspace.c     c == UC('\t') ||
00002A 5000           00074         MOVF    r0x00, W
00002C 0A09           00075         XORLW   0x09
00002E E000           00076         BZ      _00105_DS_
                      00077 ; ;ic:13:       if iTemp5 [k8 lr12:13 so:0]{ ia0 a2p0 re0 rm0 nos0 ru0 dp0}{char fixed} != 0 goto _iftrue_0($1)
                      00078 ; ;ic:14:       iTemp6 [k9 lr14:15 so:0]{ ia0 a2p0 re0 rm0 nos0 ru0 dp0}{char fixed} = iTemp0 [k2 lr3:14 so:0]{ ia0 a2p0 re1 rm0 nos0 ru0 dp0}{unsigned-char fixed}{ sir@ _isspace_c_1_10}[r0x00 ] == 0xb {unsigned-char literal}
                      00079 ;       .line   40; ctype/isspace.c     c == UC('\v') )
000030 5000           00080         MOVF    r0x00, W
000032 0A0B           00081         XORLW   0x0b
000034 E100           00082         BNZ     _00106_DS_
                      00083 ; ;ic:15:       if iTemp6 [k9 lr14:15 so:0]{ ia0 a2p0 re0 rm0 nos0 ru0 dp0}{char fixed} == 0 goto _iffalse_0($2)
                      00084 ; ;ic:16:  _iftrue_0($1) :
                      00085 ; ;ic:17:       ret 0x1 {const-unsigned-char literal}
000036                00086 _00105_DS_:
                      00087 ;       .line   41; ctype/isspace.c     return 1;
000036 0E01           00088         MOVLW   0x01
000038 D000           00089         BRA     _00112_DS_
                      00090 ; ;ic:18:  _iffalse_0($2) :
                      00091 ; ;ic:19:       ret 0x0 {const-unsigned-char literal}
00003A                00092 _00106_DS_:
                      00093 ;       .line   42; ctype/isspace.c     return 0;
00003A 6AE8           00094         CLRF    WREG
                      00095 ; ;ic:20:  _return($8) :
                      00096 ; ;ic:21:       eproc _isspace [k1 lr0:0 so:0]{ ia0 a2p0 re0 rm0 nos0 ru0 dp0}{char function ( unsigned-char fixed) fixed}
00003C                00097 _00112_DS_:
00003C CFE4 F000      00098         MOVFF   PREINC1, r0x00
000040 CFE4 FFD9      00099         MOVFF   PREINC1, FSR2L
000044 0012           00100         RETURN  
                      00101 
                      00102 
                      00103 
                      00104 ; Statistics:
                      00105 ; code size:       70 (0x0046) bytes ( 0.05%)
                      00106 ;                  35 (0x0023) words
gpasm-0.14.1 (Aug 18 2017)   isspace.asm        8-18-2017  19:21:27          PAGE  3


LOC  OBJECT CODE     LINE SOURCE TEXT
  VALUE

                      00107 ; udata size:       0 (0x0000) bytes ( 0.00%)
                      00108 ; access size:      1 (0x0001) bytes
                      00109 
                      00110 
                      00111         end
gpasm-0.14.1 (Aug 18 2017)   isspace.asm        8-18-2017  19:21:27          PAGE  4


SYMBOL TABLE
  LABEL                             VALUE

FSR1L                             00000FE1
FSR2L                             00000FD9
PLUSW2                            00000FDB
POSTDEC1                          00000FE5
PREINC1                           00000FE4
WREG                              00000FE8
_00105_DS_                        00000036
_00106_DS_                        0000003A
_00112_DS_                        0000003C
__18F452                          00000001
_isspace                          00000000
r0x00                             00000000

Errors   :     0
Warnings :     0 reported,     0 suppressed
Messages :     0 reported,     0 suppressed

