gpasm-0.14.1 (Aug 18 2017)   memcpyram2ram.asm  8-18-2017  19:22:08          PAGE  1


LOC  OBJECT CODE     LINE SOURCE TEXT
  VALUE

                      00001 ;--------------------------------------------------------
                      00002 ; File Created by SDCC : free open source ANSI-C Compiler
                      00003 ; Version 3.2.0 #8004 (Aug 18 2017) (MINGW32)
                      00004 ; This file was generated Fri Aug 18 19:22:08 2017
                      00005 ;--------------------------------------------------------
                      00006 ; PIC16 port for the Microchip 16-bit core micros
                      00007 ;--------------------------------------------------------
                      00008         list    p=18f452
                      00009 
                      00010         radix dec
                      00011 
                      00012 ;--------------------------------------------------------
                      00013 ; public variables in this module
                      00014 ;--------------------------------------------------------
                      00015         global  _memcpyram2ram
                      00016 
                      00017 ;--------------------------------------------------------
                      00018 ;       Equates to used internal registers
                      00019 ;--------------------------------------------------------
  00000FD8            00020 STATUS  equ     0xfd8
  00000FE8            00021 WREG    equ     0xfe8
  00000FE9            00022 FSR0L   equ     0xfe9
  00000FEA            00023 FSR0H   equ     0xfea
  00000FE1            00024 FSR1L   equ     0xfe1
  00000FD9            00025 FSR2L   equ     0xfd9
  00000FEF            00026 INDF0   equ     0xfef
  00000FE5            00027 POSTDEC1        equ     0xfe5
  00000FE4            00028 PREINC1 equ     0xfe4
  00000FDB            00029 PLUSW2  equ     0xfdb
  00000FF3            00030 PRODL   equ     0xff3
                      00031 
                      00032 
                      00033 ; Internal registers
                      00034 .registers      udata_ovr       0x0000
000000                00035 r0x00   res     1
000001                00036 r0x01   res     1
000002                00037 r0x02   res     1
000003                00038 r0x03   res     1
000004                00039 r0x04   res     1
000005                00040 r0x05   res     1
000006                00041 r0x06   res     1
000007                00042 r0x07   res     1
000008                00043 r0x08   res     1
000009                00044 r0x09   res     1
                      00045 
                      00046 ;--------------------------------------------------------
                      00047 ; global & static initialisations
                      00048 ;--------------------------------------------------------
                      00049 ; I code from now on!
                      00050 ; ; Starting pCode block
                      00051 ; ;ic:1:  _entry($5) :
                      00052 ; ;ic:2:        proc _memcpyram2ram [k1 lr0:0 so:0]{ ia0 a2p0 re0 rm0 nos0 ru0 dp0}{void near* function ( void near* fixed, void near* fixed, unsigned-int fixed) data}
                      00053 S_memcpyram2ram__memcpyram2ram  code
gpasm-0.14.1 (Aug 18 2017)   memcpyram2ram.asm  8-18-2017  19:22:08          PAGE  2


LOC  OBJECT CODE     LINE SOURCE TEXT
  VALUE

000000                00054 _memcpyram2ram:
                      00055 ;       .line   32; string/memcpyram2ram.c      memcpyram2ram (__data void *dst, __data void *src, size_t acount)
000000 CFD9 FFE5      00056         MOVFF   FSR2L, POSTDEC1
000004 CFE1 FFD9      00057         MOVFF   FSR1L, FSR2L
000008 C000 FFE5      00058         MOVFF   r0x00, POSTDEC1
00000C C000 FFE5      00059         MOVFF   r0x01, POSTDEC1
000010 C000 FFE5      00060         MOVFF   r0x02, POSTDEC1
000014 C000 FFE5      00061         MOVFF   r0x03, POSTDEC1
000018 C000 FFE5      00062         MOVFF   r0x04, POSTDEC1
00001C C000 FFE5      00063         MOVFF   r0x05, POSTDEC1
000020 C000 FFE5      00064         MOVFF   r0x06, POSTDEC1
000024 C000 FFE5      00065         MOVFF   r0x07, POSTDEC1
000028 C000 FFE5      00066         MOVFF   r0x08, POSTDEC1
00002C C000 FFE5      00067         MOVFF   r0x09, POSTDEC1
                      00068 ; ;ic:3: iTemp0 [k2 lr3:19 so:0]{ ia0 a2p0 re1 rm0 nos0 ru0 dp0}{void near* fixed}{ sir@ _memcpyram2ram_dst_1_28}[r0x00 r0x01 ] = recv _memcpyram2ram [k1 lr0:0 so:0]{ ia0 a2p0 re0 rm0 nos0 ru0 dp0}{void near* function ( void near* fixed, void near* fixed, unsigned-int fixed) data}
000030 0E02           00069         MOVLW   0x02
000032 CFDB F000      00070         MOVFF   PLUSW2, r0x00
000036 0E03           00071         MOVLW   0x03
000038 CFDB F000      00072         MOVFF   PLUSW2, r0x01
                      00073 ; ;ic:4: iTemp1 [k4 lr4:7 so:0]{ ia0 a2p0 re1 rm0 nos0 ru0 dp0}{void near* fixed}{ sir@ _memcpyram2ram_src_1_28}[r0x02 r0x03 ] = recv _memcpyram2ram [k1 lr0:0 so:0]{ ia0 a2p0 re0 rm0 nos0 ru0 dp0}{void near* function ( void near* fixed, void near* fixed, unsigned-int fixed) data}
00003C 0E04           00074         MOVLW   0x04
00003E CFDB F000      00075         MOVFF   PLUSW2, r0x02
000042 0E05           00076         MOVLW   0x05
000044 CFDB F000      00077         MOVFF   PLUSW2, r0x03
                      00078 ; ;ic:5: iTemp8 [k15 lr5:17 so:0]{ ia0 a2p0 re0 rm0 nos0 ru0 dp0}{unsigned-int fixed}[r0x04 r0x05 ] = recv _memcpyram2ram [k1 lr0:0 so:0]{ ia0 a2p0 re0 rm0 nos0 ru0 dp0}{void near* function ( void near* fixed, void near* fixed, unsigned-int fixed) data}
000048 0E06           00079         MOVLW   0x06
00004A CFDB F000      00080         MOVFF   PLUSW2, r0x04
00004E 0E07           00081         MOVLW   0x07
000050 CFDB F000      00082         MOVFF   PLUSW2, r0x05
                      00083 ; ;ic:6:        iTemp10 [k17 lr6:17 so:0]{ ia0 a2p0 re0 rm0 nos0 ru0 dp0}{char near* fixed}[r0x06 r0x07 ] = (char near* fixed)iTemp0 [k2 lr3:19 so:0]{ ia0 a2p0 re1 rm0 nos0 ru0 dp0}{void near* fixed}{ sir@ _memcpyram2ram_dst_1_28}[r0x00 r0x01 ]
                      00084 ;       .line   34; string/memcpyram2ram.c      char __data *d = dst;
000054 5000           00085         MOVF    r0x00, W
000056 6E00           00086         MOVWF   r0x06
000058 5000           00087         MOVF    r0x01, W
00005A 6E00           00088         MOVWF   r0x07
                      00089 ; ;ic:7:        iTemp12 [k19 lr7:17 so:0]{ ia0 a2p0 re0 rm0 nos0 ru0 dp0}{char near* fixed}[r0x02 r0x03 ] = (char near* fixed)iTemp1 [k4 lr4:7 so:0]{ ia0 a2p0 re1 rm0 nos0 ru0 dp0}{void near* fixed}{ sir@ _memcpyram2ram_src_1_28}[r0x02 r0x03 ]
                      00090 ; ;ic:9:  _whilecontinue_0($1) :
                      00091 ; ;ic:10:       iTemp7 [k14 lr10:12 so:0]{ ia0 a2p0 re0 rm0 nos1 ru0 dp0}{unsigned-int fixed}[r0x08 r0x09 ] := iTemp8 [k15 lr5:17 so:0]{ ia0 a2p0 re0 rm0 nos0 ru0 dp0}{unsigned-int fixed}[r0x04 r0x05 ]
00005C                00092 _00105_DS_:
                      00093 ;       .line   40; string/memcpyram2ram.c      while (acount--)
00005C C000 F000      00094         MOVFF   r0x04, r0x08
000060 C000 F000      00095         MOVFF   r0x05, r0x09
                      00096 ; ;ic:11:       iTemp8 [k15 lr5:17 so:0]{ ia0 a2p0 re0 rm0 nos0 ru0 dp0}{unsigned-int fixed}[r0x04 r0x05 ] = iTemp8 [k15 lr5:17 so:0]{ ia0 a2p0 re0 rm0 nos0 ru0 dp0}{unsigned-int fixed}[r0x04 r0x05 ] - 0x1 {const-unsigned-char literal}
000064 0EFF           00097         MOVLW   0xff
000066 2600           00098         ADDWF   r0x04, F
000068 2200           00099         ADDWFC  r0x05, F
                      00100 ; ;ic:12:       if iTemp7 [k14 lr10:12 so:0]{ ia0 a2p0 re0 rm0 nos1 ru0 dp0}{unsigned-int fixed}[r0x08 r0x09 ] == 0 goto _whilebreak_0($3)
00006A 5000           00101         MOVF    r0x08, W
00006C 1000           00102         IORWF   r0x09, W
00006E E000           00103         BZ      _00107_DS_
                      00104 ; ;ic:13:       iTemp13 [k20 lr13:15 so:0]{ ia0 a2p0 re0 rm0 nos0 ru0 dp0}{char register}[r0x08 ] = @[iTemp12 [k19 lr7:17 so:0]{ ia1 a2p0 re0 rm0 nos0 ru0 dp0}{char near* fixed}[r0x02 r0x03 ] + 0x0 {const-unsigned-char literal}]
                      00105 ;       .line   41; string/memcpyram2ram.c      *d++ = *s++;
000070 C000 FFE9      00106         MOVFF   r0x02, FSR0L
gpasm-0.14.1 (Aug 18 2017)   memcpyram2ram.asm  8-18-2017  19:22:08          PAGE  3


LOC  OBJECT CODE     LINE SOURCE TEXT
  VALUE

000074 C000 FFEA      00107         MOVFF   r0x03, FSR0H
000078 CFEF F000      00108         MOVFF   INDF0, r0x08
                      00109 ; ;ic:14:       iTemp12 [k19 lr7:17 so:0]{ ia0 a2p0 re0 rm0 nos0 ru0 dp0}{char near* fixed}[r0x02 r0x03 ] = iTemp12 [k19 lr7:17 so:0]{ ia0 a2p0 re0 rm0 nos0 ru0 dp0}{char near* fixed}[r0x02 r0x03 ] + 0x1 {const-unsigned-char literal}
00007C 4A00           00110         INFSNZ  r0x02, F
00007E 2A00           00111         INCF    r0x03, F
                      00112 ; ;ic:15:       *(iTemp10 [k17 lr6:17 so:0]{ ia1 a2p0 re0 rm0 nos0 ru0 dp0}{char near* fixed}[r0x06 r0x07 ]) := iTemp13 [k20 lr13:15 so:0]{ ia0 a2p0 re0 rm0 nos0 ru0 dp0}{char register}[r0x08 ]
000080 C000 FFE9      00113         MOVFF   r0x06, FSR0L
000084 C000 FFEA      00114         MOVFF   r0x07, FSR0H
000088 C000 FFEF      00115         MOVFF   r0x08, INDF0
                      00116 ; ;ic:16:       iTemp10 [k17 lr6:17 so:0]{ ia0 a2p0 re0 rm0 nos0 ru0 dp0}{char near* fixed}[r0x06 r0x07 ] = iTemp10 [k17 lr6:17 so:0]{ ia0 a2p0 re0 rm0 nos0 ru0 dp0}{char near* fixed}[r0x06 r0x07 ] + 0x1 {const-unsigned-char literal}
00008C 4A00           00117         INFSNZ  r0x06, F
00008E 2A00           00118         INCF    r0x07, F
                      00119 ; ;ic:17:        goto _whilecontinue_0($1)
000090 D000           00120         BRA     _00105_DS_
                      00121 ; ;ic:18:  _whilebreak_0($3) :
                      00122 ; ;ic:19:       ret iTemp0 [k2 lr3:19 so:0]{ ia0 a2p0 re1 rm0 nos0 ru0 dp0}{void near* fixed}{ sir@ _memcpyram2ram_dst_1_28}[r0x00 r0x01 ]
000092                00123 _00107_DS_:
                      00124 ;       .line   43; string/memcpyram2ram.c      return dst;
000092 C000 FFF3      00125         MOVFF   r0x01, PRODL
000096 5000           00126         MOVF    r0x00, W
                      00127 ; ;ic:20:  _return($4) :
                      00128 ; ;ic:21:       eproc _memcpyram2ram [k1 lr0:0 so:0]{ ia0 a2p0 re0 rm0 nos0 ru0 dp0}{void near* function ( void near* fixed, void near* fixed, unsigned-int fixed) data}
000098 CFE4 F000      00129         MOVFF   PREINC1, r0x09
00009C CFE4 F000      00130         MOVFF   PREINC1, r0x08
0000A0 CFE4 F000      00131         MOVFF   PREINC1, r0x07
0000A4 CFE4 F000      00132         MOVFF   PREINC1, r0x06
0000A8 CFE4 F000      00133         MOVFF   PREINC1, r0x05
0000AC CFE4 F000      00134         MOVFF   PREINC1, r0x04
0000B0 CFE4 F000      00135         MOVFF   PREINC1, r0x03
0000B4 CFE4 F000      00136         MOVFF   PREINC1, r0x02
0000B8 CFE4 F000      00137         MOVFF   PREINC1, r0x01
0000BC CFE4 F000      00138         MOVFF   PREINC1, r0x00
0000C0 CFE4 FFD9      00139         MOVFF   PREINC1, FSR2L
0000C4 0012           00140         RETURN  
                      00141 
                      00142 
                      00143 
                      00144 ; Statistics:
                      00145 ; code size:      198 (0x00c6) bytes ( 0.15%)
                      00146 ;                  99 (0x0063) words
                      00147 ; udata size:       0 (0x0000) bytes ( 0.00%)
                      00148 ; access size:     10 (0x000a) bytes
                      00149 
                      00150 
                      00151         end
gpasm-0.14.1 (Aug 18 2017)   memcpyram2ram.asm  8-18-2017  19:22:08          PAGE  4


SYMBOL TABLE
  LABEL                             VALUE

FSR0H                             00000FEA
FSR0L                             00000FE9
FSR1L                             00000FE1
FSR2L                             00000FD9
INDF0                             00000FEF
PLUSW2                            00000FDB
POSTDEC1                          00000FE5
PREINC1                           00000FE4
PRODL                             00000FF3
STATUS                            00000FD8
WREG                              00000FE8
_00105_DS_                        0000005C
_00107_DS_                        00000092
__18F452                          00000001
_memcpyram2ram                    00000000
r0x00                             00000000
r0x01                             00000001
r0x02                             00000002
r0x03                             00000003
r0x04                             00000004
r0x05                             00000005
r0x06                             00000006
r0x07                             00000007
r0x08                             00000008
r0x09                             00000009

Errors   :     0
Warnings :     0 reported,     0 suppressed
Messages :     0 reported,     0 suppressed

