gpasm-0.14.1 (Aug 18 2017)   strcat.asm         8-18-2017  19:22:12          PAGE  1


LOC  OBJECT CODE     LINE SOURCE TEXT
  VALUE

                      00001 ;--------------------------------------------------------
                      00002 ; File Created by SDCC : free open source ANSI-C Compiler
                      00003 ; Version 3.2.0 #8004 (Aug 18 2017) (MINGW32)
                      00004 ; This file was generated Fri Aug 18 19:22:12 2017
                      00005 ;--------------------------------------------------------
                      00006 ; PIC16 port for the Microchip 16-bit core micros
                      00007 ;--------------------------------------------------------
                      00008         list    p=18f452
                      00009 
                      00010         radix dec
                      00011 
                      00012 ;--------------------------------------------------------
                      00013 ; public variables in this module
                      00014 ;--------------------------------------------------------
                      00015         global  _strcat
                      00016 
                      00017 ;--------------------------------------------------------
                      00018 ; extern variables in this module
                      00019 ;--------------------------------------------------------
                      00020         extern  __gptrget1
                      00021         extern  __gptrput1
                      00022 
                      00023 ;--------------------------------------------------------
                      00024 ;       Equates to used internal registers
                      00025 ;--------------------------------------------------------
  00000FD8            00026 STATUS  equ     0xfd8
  00000FE8            00027 WREG    equ     0xfe8
  00000FE9            00028 FSR0L   equ     0xfe9
  00000FE1            00029 FSR1L   equ     0xfe1
  00000FD9            00030 FSR2L   equ     0xfd9
  00000FE5            00031 POSTDEC1        equ     0xfe5
  00000FE4            00032 PREINC1 equ     0xfe4
  00000FDB            00033 PLUSW2  equ     0xfdb
  00000FF3            00034 PRODL   equ     0xff3
  00000FF4            00035 PRODH   equ     0xff4
                      00036 
                      00037 
                      00038 ; Internal registers
                      00039 .registers      udata_ovr       0x0000
000000                00040 r0x00   res     1
000001                00041 r0x01   res     1
000002                00042 r0x02   res     1
000003                00043 r0x03   res     1
000004                00044 r0x04   res     1
000005                00045 r0x05   res     1
000006                00046 r0x06   res     1
000007                00047 r0x07   res     1
000008                00048 r0x08   res     1
000009                00049 r0x09   res     1
                      00050 
                      00051 ;--------------------------------------------------------
                      00052 ; global & static initialisations
                      00053 ;--------------------------------------------------------
gpasm-0.14.1 (Aug 18 2017)   strcat.asm         8-18-2017  19:22:12          PAGE  2


LOC  OBJECT CODE     LINE SOURCE TEXT
  VALUE

                      00054 ; I code from now on!
                      00055 ; ; Starting pCode block
                      00056 ; ;ic:1:  _entry($8) :
                      00057 ; ;ic:2:        proc _strcat [k1 lr0:0 so:0]{ ia0 a2p0 re0 rm0 nos0 ru0 dp0}{char generic* function ( char generic* fixed, char generic* fixed) fixed}
                      00058 S_strcat__strcat        code
000000                00059 _strcat:
                      00060 ;       .line   32; string/strcat.c     strcat (char *dst, char *src)
000000 CFD9 FFE5      00061         MOVFF   FSR2L, POSTDEC1
000004 CFE1 FFD9      00062         MOVFF   FSR1L, FSR2L
000008 C000 FFE5      00063         MOVFF   r0x00, POSTDEC1
00000C C000 FFE5      00064         MOVFF   r0x01, POSTDEC1
000010 C000 FFE5      00065         MOVFF   r0x02, POSTDEC1
000014 C000 FFE5      00066         MOVFF   r0x03, POSTDEC1
000018 C000 FFE5      00067         MOVFF   r0x04, POSTDEC1
00001C C000 FFE5      00068         MOVFF   r0x05, POSTDEC1
000020 C000 FFE5      00069         MOVFF   r0x06, POSTDEC1
000024 C000 FFE5      00070         MOVFF   r0x07, POSTDEC1
000028 C000 FFE5      00071         MOVFF   r0x08, POSTDEC1
00002C C000 FFE5      00072         MOVFF   r0x09, POSTDEC1
                      00073 ; ;ic:3: iTemp0 [k2 lr3:22 so:0]{ ia0 a2p0 re1 rm0 nos0 ru0 dp0}{char generic* fixed}{ sir@ _strcat_dst_1_28}[r0x00 r0x01 r0x02 ] = recv _strcat [k1 lr0:0 so:0]{ ia0 a2p0 re0 rm0 nos0 ru0 dp0}{char generic* function ( char generic* fixed, char generic* fixed) fixed}
000030 0E02           00074         MOVLW   0x02
000032 CFDB F000      00075         MOVFF   PLUSW2, r0x00
000036 0E03           00076         MOVLW   0x03
000038 CFDB F000      00077         MOVFF   PLUSW2, r0x01
00003C 0E04           00078         MOVLW   0x04
00003E CFDB F000      00079         MOVFF   PLUSW2, r0x02
                      00080 ; ;ic:4: iTemp1 [k4 lr4:13 so:0]{ ia0 a2p0 re1 rm0 nos0 ru0 dp0}{char generic* fixed}{ sir@ _strcat_src_1_28}[r0x03 r0x04 r0x05 ] = recv _strcat [k1 lr0:0 so:0]{ ia0 a2p0 re0 rm0 nos0 ru0 dp0}{char generic* function ( char generic* fixed, char generic* fixed) fixed}
000042 0E05           00081         MOVLW   0x05
000044 CFDB F000      00082         MOVFF   PLUSW2, r0x03
000048 0E06           00083         MOVLW   0x06
00004A CFDB F000      00084         MOVFF   PLUSW2, r0x04
00004E 0E07           00085         MOVLW   0x07
000050 CFDB F000      00086         MOVFF   PLUSW2, r0x05
                      00087 ; ;ic:5:        iTemp6 [k11 lr5:14 so:0]{ ia0 a2p0 re0 rm0 nos0 ru0 dp0}{char generic* fixed}{ sir@ _strcat_cp_1_29}[r0x06 r0x07 r0x08 ] := iTemp0 [k2 lr3:22 so:0]{ ia0 a2p0 re1 rm0 nos0 ru0 dp0}{char generic* fixed}{ sir@ _strcat_dst_1_28}[r0x00 r0x01 r0x02 ]
                      00088 ;       .line   37; string/strcat.c     while (*cp)
000054 C000 F000      00089         MOVFF   r0x00, r0x06
000058 C000 F000      00090         MOVFF   r0x01, r0x07
00005C C000 F000      00091         MOVFF   r0x02, r0x08
                      00092 ; ;ic:7:  _whilecontinue_0($1) :
                      00093 ; ;ic:8:        iTemp4 [k9 lr8:9 so:0]{ ia0 a2p0 re0 rm0 nos0 ru0 dp0}{char register}[r0x09 ] = @[iTemp6 [k11 lr5:14 so:0]{ ia1 a2p0 re0 rm0 nos0 ru0 dp0}{char generic* fixed}{ sir@ _strcat_cp_1_29}[r0x06 r0x07 r0x08 ] + 0x0 {const-unsigned-char literal}]
000060                00094 _00105_DS_:
000060 C000 FFE9      00095         MOVFF   r0x06, FSR0L
000064 C000 FFF3      00096         MOVFF   r0x07, PRODL
000068 5000           00097         MOVF    r0x08, W
00006A EC00 F000      00098         CALL    __gptrget1
00006E 6E00           00099         MOVWF   r0x09
                      00100 ; ;ic:9:        if iTemp4 [k9 lr8:9 so:0]{ ia0 a2p0 re0 rm0 nos0 ru0 dp0}{char register}[r0x09 ] == 0 goto preHeaderLbl1($11)
000070 5000           00101         MOVF    r0x09, W
000072 E000           00102         BZ      _00108_DS_
                      00103 ; ;ic:10:       iTemp6 [k11 lr5:14 so:0]{ ia0 a2p0 re0 rm0 nos0 ru0 dp0}{char generic* fixed}{ sir@ _strcat_cp_1_29}[r0x06 r0x07 r0x08 ] = iTemp6 [k11 lr5:14 so:0]{ ia0 a2p0 re0 rm0 nos0 ru0 dp0}{char generic* fixed}{ sir@ _strcat_cp_1_29}[r0x06 r0x07 r0x08 ] + 0x1 {const-unsigned-char literal}
                      00104 ;       .line   38; string/strcat.c     cp++;
000074 2A00           00105         INCF    r0x06, F
000076 E300           00106         BNC     _00105_DS_
gpasm-0.14.1 (Aug 18 2017)   strcat.asm         8-18-2017  19:22:12          PAGE  3


LOC  OBJECT CODE     LINE SOURCE TEXT
  VALUE

000078 4A00           00107         INFSNZ  r0x07, F
00007A 2A00           00108         INCF    r0x08, F
                      00109 ; ;ic:11:        goto _whilecontinue_0($1)
00007C                00110 _00123_DS_:
00007C D000           00111         BRA     _00105_DS_
                      00112 ; ;ic:12:  preHeaderLbl1($11) :
                      00113 ; ;ic:13:       iTemp10 [k15 lr13:21 so:0]{ ia0 a2p0 re0 rm0 nos0 ru0 dp0}{char generic* fixed}[r0x03 r0x04 r0x05 ] := iTemp1 [k4 lr4:13 so:0]{ ia0 a2p0 re1 rm0 nos0 ru0 dp0}{char generic* fixed}{ sir@ _strcat_src_1_28}[r0x03 r0x04 r0x05 ]
                      00114 ; ;ic:14:       iTemp8 [k13 lr14:21 so:0]{ ia0 a2p0 re0 rm0 nos0 ru0 dp0}{char generic* fixed}{ sir@ _strcat_cp_1_29}[r0x06 r0x07 r0x08 ] := iTemp6 [k11 lr5:14 so:0]{ ia0 a2p0 re0 rm0 nos0 ru0 dp0}{char generic* fixed}{ sir@ _strcat_cp_1_29}[r0x06 r0x07 r0x08 ]
                      00115 ; ;ic:16:  _whilecontinue_1($4) :
                      00116 ; ;ic:17:       iTemp11 [k16 lr17:21 so:0]{ ia0 a2p0 re0 rm0 nos0 ru0 dp0}{char register}[r0x09 ] = @[iTemp10 [k15 lr13:21 so:0]{ ia1 a2p0 re0 rm0 nos0 ru0 dp0}{char generic* fixed}[r0x03 r0x04 r0x05 ] + 0x0 {const-unsigned-char literal}]
00007E                00117 _00108_DS_:
                      00118 ;       .line   41; string/strcat.c     while (*cp++ = *src++)
00007E C000 FFE9      00119         MOVFF   r0x03, FSR0L
000082 C000 FFF3      00120         MOVFF   r0x04, PRODL
000086 5000           00121         MOVF    r0x05, W
000088 EC00 F000      00122         CALL    __gptrget1
00008C 6E00           00123         MOVWF   r0x09
                      00124 ; ;ic:18:       iTemp10 [k15 lr13:21 so:0]{ ia0 a2p0 re0 rm0 nos0 ru0 dp0}{char generic* fixed}[r0x03 r0x04 r0x05 ] = iTemp10 [k15 lr13:21 so:0]{ ia0 a2p0 re0 rm0 nos0 ru0 dp0}{char generic* fixed}[r0x03 r0x04 r0x05 ] + 0x1 {const-unsigned-char literal}
00008E 2A00           00125         INCF    r0x03, F
000090 E300           00126         BNC     _00124_DS_
000092 4A00           00127         INFSNZ  r0x04, F
000094 2A00           00128         INCF    r0x05, F
                      00129 ; ;ic:19:       *(iTemp8 [k13 lr14:21 so:0]{ ia1 a2p0 re0 rm0 nos0 ru0 dp0}{char generic* fixed}{ sir@ _strcat_cp_1_29}[r0x06 r0x07 r0x08 ]) := iTemp11 [k16 lr17:21 so:0]{ ia0 a2p0 re0 rm0 nos0 ru0 dp0}{char register}[r0x09 ]
000096                00130 _00124_DS_:
000096 C000 FFE5      00131         MOVFF   r0x09, POSTDEC1
00009A C000 FFE9      00132         MOVFF   r0x06, FSR0L
00009E C000 FFF3      00133         MOVFF   r0x07, PRODL
0000A2 5000           00134         MOVF    r0x08, W
0000A4 EC00 F000      00135         CALL    __gptrput1
                      00136 ; ;ic:20:       iTemp8 [k13 lr14:21 so:0]{ ia0 a2p0 re0 rm0 nos0 ru0 dp0}{char generic* fixed}{ sir@ _strcat_cp_1_29}[r0x06 r0x07 r0x08 ] = iTemp8 [k13 lr14:21 so:0]{ ia0 a2p0 re0 rm0 nos0 ru0 dp0}{char generic* fixed}{ sir@ _strcat_cp_1_29}[r0x06 r0x07 r0x08 ] + 0x1 {const-unsigned-char literal}
0000A8 2A00           00137         INCF    r0x06, F
0000AA E300           00138         BNC     _00125_DS_
0000AC 4A00           00139         INFSNZ  r0x07, F
0000AE 2A00           00140         INCF    r0x08, F
                      00141 ; ;ic:21:       if iTemp11 [k16 lr17:21 so:0]{ ia0 a2p0 re0 rm0 nos0 ru0 dp0}{char register}[r0x09 ] != 0 goto _whilecontinue_1($4)
0000B0                00142 _00125_DS_:
0000B0 5000           00143         MOVF    r0x09, W
0000B2 E100           00144         BNZ     _00108_DS_
                      00145 ; ;ic:22:       ret iTemp0 [k2 lr3:22 so:0]{ ia0 a2p0 re1 rm0 nos0 ru0 dp0}{char generic* fixed}{ sir@ _strcat_dst_1_28}[r0x00 r0x01 r0x02 ]
                      00146 ;       .line   45; string/strcat.c     return dst;
0000B4 C000 FFF4      00147         MOVFF   r0x02, PRODH
0000B8 C000 FFF3      00148         MOVFF   r0x01, PRODL
0000BC 5000           00149         MOVF    r0x00, W
                      00150 ; ;ic:23:  _return($7) :
                      00151 ; ;ic:24:       eproc _strcat [k1 lr0:0 so:0]{ ia0 a2p0 re0 rm0 nos0 ru0 dp0}{char generic* function ( char generic* fixed, char generic* fixed) fixed}
0000BE CFE4 F000      00152         MOVFF   PREINC1, r0x09
0000C2 CFE4 F000      00153         MOVFF   PREINC1, r0x08
0000C6 CFE4 F000      00154         MOVFF   PREINC1, r0x07
0000CA CFE4 F000      00155         MOVFF   PREINC1, r0x06
0000CE CFE4 F000      00156         MOVFF   PREINC1, r0x05
0000D2 CFE4 F000      00157         MOVFF   PREINC1, r0x04
0000D6 CFE4 F000      00158         MOVFF   PREINC1, r0x03
0000DA CFE4 F000      00159         MOVFF   PREINC1, r0x02
gpasm-0.14.1 (Aug 18 2017)   strcat.asm         8-18-2017  19:22:12          PAGE  4


LOC  OBJECT CODE     LINE SOURCE TEXT
  VALUE

0000DE CFE4 F000      00160         MOVFF   PREINC1, r0x01
0000E2 CFE4 F000      00161         MOVFF   PREINC1, r0x00
0000E6 CFE4 FFD9      00162         MOVFF   PREINC1, FSR2L
0000EA 0012           00163         RETURN  
                      00164 
                      00165 
                      00166 
                      00167 ; Statistics:
                      00168 ; code size:      236 (0x00ec) bytes ( 0.18%)
                      00169 ;                 118 (0x0076) words
                      00170 ; udata size:       0 (0x0000) bytes ( 0.00%)
                      00171 ; access size:     10 (0x000a) bytes
                      00172 
                      00173 
                      00174         end
gpasm-0.14.1 (Aug 18 2017)   strcat.asm         8-18-2017  19:22:12          PAGE  5


SYMBOL TABLE
  LABEL                             VALUE

FSR0L                             00000FE9
FSR1L                             00000FE1
FSR2L                             00000FD9
PLUSW2                            00000FDB
POSTDEC1                          00000FE5
PREINC1                           00000FE4
PRODH                             00000FF4
PRODL                             00000FF3
STATUS                            00000FD8
WREG                              00000FE8
_00105_DS_                        00000060
_00108_DS_                        0000007E
_00123_DS_                        0000007C
_00124_DS_                        00000096
_00125_DS_                        000000B0
__18F452                          00000001
__gptrget1                        00000000
__gptrput1                        00000000
_strcat                           00000000
r0x00                             00000000
r0x01                             00000001
r0x02                             00000002
r0x03                             00000003
r0x04                             00000004
r0x05                             00000005
r0x06                             00000006
r0x07                             00000007
r0x08                             00000008
r0x09                             00000009

Errors   :     0
Warnings :     0 reported,     0 suppressed
Messages :     0 reported,     0 suppressed

