gpasm-0.14.1 (Aug 18 2017)   strmmssp.asm       8-18-2017  19:21:41          PAGE  1


LOC  OBJECT CODE     LINE SOURCE TEXT
  VALUE

                      00001 ;--------------------------------------------------------
                      00002 ; File Created by SDCC : free open source ANSI-C Compiler
                      00003 ; Version 3.2.0 #8004 (Aug 18 2017) (MINGW32)
                      00004 ; This file was generated Fri Aug 18 19:21:41 2017
                      00005 ;--------------------------------------------------------
                      00006 ; PIC16 port for the Microchip 16-bit core micros
                      00007 ;--------------------------------------------------------
                      00008         list    p=18f452
                      00009 
                      00010         radix dec
                      00011 
                      00012 ;--------------------------------------------------------
                      00013 ; public variables in this module
                      00014 ;--------------------------------------------------------
                      00015         global  ___stream_mssp_putchar
                      00016 
                      00017 ;--------------------------------------------------------
                      00018 ; extern variables in this module
                      00019 ;--------------------------------------------------------
                      00020         extern  _SSPBUF
                      00021 
                      00022 ;--------------------------------------------------------
                      00023 ; global & static initialisations
                      00024 ;--------------------------------------------------------
                      00025 ; I code from now on!
                      00026 ; ; Starting pCode block
                      00027 ; ;ic:1:  _entry($2) :
                      00028 ; ;ic:2:        proc ___stream_mssp_putchar [k1 lr0:0 so:0]{ ia0 a2p0 re0 rm0 nos0 ru0 dp0}{void function ( char fixed) fixed}
                      00029 S_strmmssp____stream_mssp_putchar       code
000000                00030 ___stream_mssp_putchar:
                      00031 ; ;ic:3: inline
000000 6E00           00032         MOVWF _SSPBUF, 0
000002 0012           00033         RETURN
                      00034         
                      00035 ; ;ic:4:  _return($1) :
                      00036 ; ;ic:5:        eproc ___stream_mssp_putchar [k1 lr0:0 so:0]{ ia0 a2p0 re0 rm0 nos0 ru0 dp0}{void function ( char fixed) fixed}
                      00037 
                      00038 
                      00039 ; Statistics:
                      00040 ; code size:        6 (0x0006) bytes ( 0.00%)
                      00041 ;                   3 (0x0003) words
                      00042 ; udata size:       0 (0x0000) bytes ( 0.00%)
                      00043 ; access size:      0 (0x0000) bytes
                      00044 
                      00045 
                      00046         end
gpasm-0.14.1 (Aug 18 2017)   strmmssp.asm       8-18-2017  19:21:41          PAGE  2


SYMBOL TABLE
  LABEL                             VALUE

_SSPBUF                           00000000
__18F452                          00000001
___stream_mssp_putchar            00000000

Errors   :     0
Warnings :     0 reported,     0 suppressed
Messages :     0 reported,     0 suppressed

