This file contains any messages produced by compilers while
running configure, to aid debugging if configure makes a mistake.

It was created by configure, which was
generated by GNU Autoconf 2.64.  Invocation command line was

  $ ./configure --disable-option-checking --prefix=/usr/local CFLAGS=-g CXXFLAGS=-g sdccconf_h_dir_separator=\\ --disable-mcs51-port --disable-z80-port --disable-z180-port --disable-r2k-port --disable-r3ka-port --disable-gbz80-port --disable-ds390-port --disable-ds400-port --disable-hc08-port --disable-s08-port --disable-packihx --disable-sdbinutil --disable-sdcdb --disable-pic14-port --disable-pic16-port --disable-device-lib --disable-ucsim docdir=${datarootdir}/doc/${PACKAGE} --cache-file=/dev/null --srcdir=.

## --------- ##
## Platform. ##
## --------- ##

hostname = sinomcu111-PC
uname -m = i686
uname -r = 1.0.19(0.48/3/2)
uname -s = MINGW32_NT-6.1
uname -v = 2016-07-13 17:45

/usr/bin/uname -p = unknown
/bin/uname -X     = unknown

/bin/arch              = unknown
/usr/bin/arch -k       = unknown
/usr/convex/getsysinfo = unknown
/usr/bin/hostinfo      = unknown
/bin/machine           = unknown
/usr/bin/oslevel       = unknown
/bin/universe          = unknown

PATH: .
PATH: /usr/local/bin
PATH: /mingw/bin
PATH: /bin
PATH: /e/Python3/Scripts/
PATH: /e/Python3/
PATH: /c/Windows/system32
PATH: /c/Windows
PATH: /c/Windows/System32/Wbem
PATH: /c/Windows/System32/WindowsPowerShell/v1.0/
PATH: /d/Program Files/TortoiseSVN/bin
PATH: /mingw/bin
PATH: /d/Program Files/Git/cmd
PATH: /d/Program Files/TortoiseGit/bin
PATH: .
PATH: /d/Program Files/Microsoft VS Code/bin


## ----------- ##
## Core tests. ##
## ----------- ##

configure:2230: checking build system type
configure:2244: result: i686-pc-mingw32
configure:2291: checking host system type
configure:2304: result: i686-pc-mingw32
configure:2324: checking target system type
configure:2337: result: i686-pc-mingw32
configure:2391: checking for a BSD-compatible install
configure:2459: result: /bin/install -c
configure:2470: checking whether ln works
configure:2492: result: yes
configure:2496: checking whether ln -s works
configure:2503: result: no, using cp -p
configure:2507: checking for a sed that does not truncate output
configure:2571: result: /bin/sed
configure:2580: checking for gawk
configure:2596: found /bin/gawk
configure:2607: result: gawk
configure:3742: checking for gcc
configure:3758: found /mingw/bin/gcc
configure:3769: result: gcc
configure:3998: checking for C compiler version
configure:4007: gcc --version >&5
gcc.exe (GCC) 5.3.0
Copyright (C) 2015 Free Software Foundation, Inc.
This is free software; see the source for copying conditions.  There is NO
warranty; not even for MERCHANTABILITY or FITNESS FOR A PARTICULAR PURPOSE.

configure:4018: $? = 0
configure:4007: gcc -v >&5
Using built-in specs.
COLLECT_GCC=E:\MinGW\bin\gcc.exe
COLLECT_LTO_WRAPPER=e:/mingw/bin/../libexec/gcc/mingw32/5.3.0/lto-wrapper.exe
Target: mingw32
Configured with: ../src/gcc-5.3.0/configure --build=x86_64-pc-linux-gnu --host=mingw32 --prefix=/mingw --disable-win32-registry --target=mingw32 --with-arch=i586 --enable-languages=c,c++,objc,obj-c++,fortran,ada --enable-static --enable-shared --enable-threads --with-dwarf2 --disable-sjlj-exceptions --enable-version-specific-runtime-libs --with-libintl-prefix=/mingw --enable-libstdcxx-debug --with-tune=generic --enable-libgomp --disable-libvtv --enable-nls : (reconfigured) ../src/gcc-5.3.0/configure --build=x86_64-pc-linux-gnu --host=mingw32 --prefix=/mingw --disable-win32-registry --target=mingw32 --with-arch=i586 --enable-languages=c,c++,objc,obj-c++,fortran,ada --enable-static --enable-shared --enable-threads --with-dwarf2 --disable-sjlj-exceptions --enable-version-specific-runtime-libs --with-libiconv-prefix=/mingw --with-libintl-prefix=/mingw --enable-libstdcxx-debug --with-tune=generic --enable-libgomp --disable-libvtv --enable-nls
Thread model: win32
gcc version 5.3.0 (GCC) 
configure:4018: $? = 0
configure:4007: gcc -V >&5
gcc.exe: error: unrecognized command line option '-V'
gcc.exe: fatal error: no input files
compilation terminated.
configure:4018: $? = 1
configure:4007: gcc -qversion >&5
gcc.exe: error: unrecognized command line option '-qversion'
gcc.exe: fatal error: no input files
compilation terminated.
configure:4018: $? = 1
configure:4038: checking for C compiler default output file name
configure:4060: gcc -g   conftest.c  >&5
configure:4064: $? = 0
configure:4101: result: a.exe
configure:4117: checking whether the C compiler works
configure:4126: ./a.exe
configure:4130: $? = 0
configure:4145: result: yes
configure:4152: checking whether we are cross compiling
configure:4154: result: no
configure:4157: checking for suffix of executables
configure:4164: gcc -o conftest.exe -g   conftest.c  >&5
configure:4168: $? = 0
configure:4190: result: .exe
configure:4196: checking for suffix of object files
configure:4218: gcc -c -g  conftest.c >&5
configure:4222: $? = 0
configure:4243: result: o
configure:4247: checking whether we are using the GNU C compiler
configure:4266: gcc -c -g  conftest.c >&5
configure:4266: $? = 0
configure:4275: result: yes
configure:4284: checking whether gcc accepts -g
configure:4304: gcc -c -g  conftest.c >&5
configure:4304: $? = 0
configure:4345: result: yes
configure:4362: checking for gcc option to accept ISO C89
configure:4426: gcc  -c -g  conftest.c >&5
configure:4426: $? = 0
configure:4439: result: none needed
configure:4517: checking for g++
configure:4533: found /mingw/bin/g++
configure:4544: result: g++
configure:4571: checking for C++ compiler version
configure:4580: g++ --version >&5
g++.exe (GCC) 5.3.0
Copyright (C) 2015 Free Software Foundation, Inc.
This is free software; see the source for copying conditions.  There is NO
warranty; not even for MERCHANTABILITY or FITNESS FOR A PARTICULAR PURPOSE.

configure:4591: $? = 0
configure:4580: g++ -v >&5
Using built-in specs.
COLLECT_GCC=E:\MinGW\bin\g++.exe
COLLECT_LTO_WRAPPER=e:/mingw/bin/../libexec/gcc/mingw32/5.3.0/lto-wrapper.exe
Target: mingw32
Configured with: ../src/gcc-5.3.0/configure --build=x86_64-pc-linux-gnu --host=mingw32 --prefix=/mingw --disable-win32-registry --target=mingw32 --with-arch=i586 --enable-languages=c,c++,objc,obj-c++,fortran,ada --enable-static --enable-shared --enable-threads --with-dwarf2 --disable-sjlj-exceptions --enable-version-specific-runtime-libs --with-libintl-prefix=/mingw --enable-libstdcxx-debug --with-tune=generic --enable-libgomp --disable-libvtv --enable-nls : (reconfigured) ../src/gcc-5.3.0/configure --build=x86_64-pc-linux-gnu --host=mingw32 --prefix=/mingw --disable-win32-registry --target=mingw32 --with-arch=i586 --enable-languages=c,c++,objc,obj-c++,fortran,ada --enable-static --enable-shared --enable-threads --with-dwarf2 --disable-sjlj-exceptions --enable-version-specific-runtime-libs --with-libiconv-prefix=/mingw --with-libintl-prefix=/mingw --enable-libstdcxx-debug --with-tune=generic --enable-libgomp --disable-libvtv --enable-nls
Thread model: win32
gcc version 5.3.0 (GCC) 
configure:4591: $? = 0
configure:4580: g++ -V >&5
g++.exe: error: unrecognized command line option '-V'
g++.exe: fatal error: no input files
compilation terminated.
configure:4591: $? = 1
configure:4580: g++ -qversion >&5
g++.exe: error: unrecognized command line option '-qversion'
g++.exe: fatal error: no input files
compilation terminated.
configure:4591: $? = 1
configure:4595: checking whether we are using the GNU C++ compiler
configure:4614: g++ -c -g  conftest.cpp >&5
configure:4614: $? = 0
configure:4623: result: yes
configure:4632: checking whether g++ accepts -g
configure:4652: g++ -c -g  conftest.cpp >&5
configure:4652: $? = 0
configure:4693: result: yes
configure:4782: checking for gnatbind
configure:4798: found /mingw/bin/gnatbind
configure:4809: result: gnatbind
configure:4874: checking for gnatmake
configure:4890: found /mingw/bin/gnatmake
configure:4901: result: gnatmake
configure:4923: checking whether compiler driver understands Ada
configure:4946: result: yes
configure:4955: checking how to compare bootstrapped objects
configure:4980: result: cmp --ignore-initial=16 $$f1 $$f2
configure:5052: checking for objdir
configure:5067: result: .libs
configure:5609: checking for PWL_handle_timeout in -lpwl
configure:5634: gcc -o conftest.exe -g   conftest.c -lpwl    -lstdc++ -lm >&5
e:/mingw/bin/../lib/gcc/mingw32/5.3.0/../../../../mingw32/bin/ld.exe: cannot find -lpwl
collect2.exe: error: ld returned 1 exit status

## ---------------- ##
## Cache variables. ##
## ---------------- ##

ac_cv_build=i686-pc-mingw32
ac_cv_c_compiler_gnu=yes
ac_cv_cxx_compiler_gnu=yes
ac_cv_env_AR_FOR_TARGET_set=
ac_cv_env_AR_FOR_TARGET_value=
ac_cv_env_AR_set=
ac_cv_env_AR_value=
ac_cv_env_AS_FOR_TARGET_set=
ac_cv_env_AS_FOR_TARGET_value=
ac_cv_env_AS_set=
ac_cv_env_AS_value=
ac_cv_env_CCC_set=
ac_cv_env_CCC_value=
ac_cv_env_CC_FOR_TARGET_set=
ac_cv_env_CC_FOR_TARGET_value=
ac_cv_env_CC_set=
ac_cv_env_CC_value=
ac_cv_env_CFLAGS_set=set
ac_cv_env_CFLAGS_value=-g
ac_cv_env_CPPFLAGS_set=
ac_cv_env_CPPFLAGS_value=
ac_cv_env_CXXFLAGS_set=set
ac_cv_env_CXXFLAGS_value=-g
ac_cv_env_CXX_FOR_TARGET_set=
ac_cv_env_CXX_FOR_TARGET_value=
ac_cv_env_CXX_set=
ac_cv_env_CXX_value=
ac_cv_env_DLLTOOL_FOR_TARGET_set=
ac_cv_env_DLLTOOL_FOR_TARGET_value=
ac_cv_env_DLLTOOL_set=
ac_cv_env_DLLTOOL_value=
ac_cv_env_GCC_FOR_TARGET_set=
ac_cv_env_GCC_FOR_TARGET_value=
ac_cv_env_GCJ_FOR_TARGET_set=
ac_cv_env_GCJ_FOR_TARGET_value=
ac_cv_env_GFORTRAN_FOR_TARGET_set=
ac_cv_env_GFORTRAN_FOR_TARGET_value=
ac_cv_env_GOC_FOR_TARGET_set=
ac_cv_env_GOC_FOR_TARGET_value=
ac_cv_env_LDFLAGS_set=
ac_cv_env_LDFLAGS_value=
ac_cv_env_LD_FOR_TARGET_set=
ac_cv_env_LD_FOR_TARGET_value=
ac_cv_env_LD_set=
ac_cv_env_LD_value=
ac_cv_env_LIBS_set=
ac_cv_env_LIBS_value=
ac_cv_env_LIPO_FOR_TARGET_set=
ac_cv_env_LIPO_FOR_TARGET_value=
ac_cv_env_LIPO_set=
ac_cv_env_LIPO_value=
ac_cv_env_NM_FOR_TARGET_set=
ac_cv_env_NM_FOR_TARGET_value=
ac_cv_env_NM_set=
ac_cv_env_NM_value=
ac_cv_env_OBJCOPY_set=
ac_cv_env_OBJCOPY_value=
ac_cv_env_OBJDUMP_FOR_TARGET_set=
ac_cv_env_OBJDUMP_FOR_TARGET_value=
ac_cv_env_OBJDUMP_set=
ac_cv_env_OBJDUMP_value=
ac_cv_env_RANLIB_FOR_TARGET_set=
ac_cv_env_RANLIB_FOR_TARGET_value=
ac_cv_env_RANLIB_set=
ac_cv_env_RANLIB_value=
ac_cv_env_STRIP_FOR_TARGET_set=
ac_cv_env_STRIP_FOR_TARGET_value=
ac_cv_env_STRIP_set=
ac_cv_env_STRIP_value=
ac_cv_env_WINDMC_FOR_TARGET_set=
ac_cv_env_WINDMC_FOR_TARGET_value=
ac_cv_env_WINDMC_set=
ac_cv_env_WINDMC_value=
ac_cv_env_WINDRES_FOR_TARGET_set=
ac_cv_env_WINDRES_FOR_TARGET_value=
ac_cv_env_WINDRES_set=
ac_cv_env_WINDRES_value=
ac_cv_env_build_alias_set=
ac_cv_env_build_alias_value=
ac_cv_env_build_configargs_set=
ac_cv_env_build_configargs_value=
ac_cv_env_host_alias_set=
ac_cv_env_host_alias_value=
ac_cv_env_host_configargs_set=
ac_cv_env_host_configargs_value=
ac_cv_env_target_alias_set=
ac_cv_env_target_alias_value=
ac_cv_env_target_configargs_set=
ac_cv_env_target_configargs_value=
ac_cv_exeext=.exe
ac_cv_host=i686-pc-mingw32
ac_cv_objext=o
ac_cv_path_SED=/bin/sed
ac_cv_path_install='/bin/install -c'
ac_cv_prog_AWK=gawk
ac_cv_prog_ac_ct_CC=gcc
ac_cv_prog_ac_ct_CXX=g++
ac_cv_prog_ac_ct_GNATBIND=gnatbind
ac_cv_prog_ac_ct_GNATMAKE=gnatmake
ac_cv_prog_cc_c89=
ac_cv_prog_cc_g=yes
ac_cv_prog_cxx_g=yes
ac_cv_target=i686-pc-mingw32
acx_cv_cc_gcc_supports_ada=yes
acx_cv_prog_LN=ln
gcc_cv_prog_cmp_skip='cmp --ignore-initial=16 $$f1 $$f2'
lt_cv_objdir=.libs

## ----------------- ##
## Output variables. ##
## ----------------- ##

AR=''
AR_FOR_BUILD='$(AR)'
AR_FOR_TARGET=''
AS=''
AS_FOR_BUILD='$(AS)'
AS_FOR_TARGET=''
AWK='gawk'
BISON=''
BUILD_CONFIG=''
CC='gcc'
CC_FOR_BUILD='$(CC)'
CC_FOR_TARGET=''
CFLAGS='-g'
CFLAGS_FOR_BUILD=''
CFLAGS_FOR_TARGET=''
COMPILER_AS_FOR_TARGET=''
COMPILER_LD_FOR_TARGET=''
COMPILER_NM_FOR_TARGET=''
CONFIGURE_GDB_TK=''
CPPFLAGS=''
CXX='g++'
CXXFLAGS='-g'
CXXFLAGS_FOR_BUILD=''
CXXFLAGS_FOR_TARGET=''
CXX_FOR_BUILD='$(CXX)'
CXX_FOR_TARGET=''
DEBUG_PREFIX_CFLAGS_FOR_TARGET=''
DEFS=''
DLLTOOL=''
DLLTOOL_FOR_BUILD='$(DLLTOOL)'
DLLTOOL_FOR_TARGET=''
ECHO_C=''
ECHO_N='-n'
ECHO_T=''
EXEEXT='.exe'
EXPECT=''
EXTRA_CONFIGARGS_LIBJAVA='--disable-static'
FLAGS_FOR_TARGET=''
FLEX=''
GCC_FOR_TARGET=''
GCC_SHLIB_SUBDIR=''
GCJ_FOR_BUILD='$(GCJ)'
GCJ_FOR_TARGET=''
GDB_TK=''
GFORTRAN_FOR_BUILD='$(GFORTRAN)'
GFORTRAN_FOR_TARGET=''
GNATBIND='gnatbind'
GNATMAKE='gnatmake'
GOC_FOR_BUILD='$(GOC)'
GOC_FOR_TARGET=''
INSTALL_DATA='${INSTALL} -m 644'
INSTALL_GDB_TK=''
INSTALL_PROGRAM='${INSTALL}'
INSTALL_SCRIPT='${INSTALL}'
LD='e:/mingw/bin/../lib/gcc/mingw32/5.3.0/../../../../mingw32/bin/ld.exe'
LDFLAGS=''
LDFLAGS_FOR_BUILD=''
LDFLAGS_FOR_TARGET=''
LD_FOR_BUILD='$(LD)'
LD_FOR_TARGET=''
LEX=''
LIBOBJS=''
LIBS='-lpwl    -lstdc++ -lm'
LIPO=''
LIPO_FOR_TARGET=''
LN='ln'
LN_S='cp -p'
LTLIBOBJS=''
M4=''
MAINT=''
MAINTAINER_MODE_FALSE=''
MAINTAINER_MODE_TRUE=''
MAKEINFO=''
NM=''
NM_FOR_BUILD='$(NM)'
NM_FOR_TARGET=''
OBJCOPY=''
OBJDUMP=''
OBJDUMP_FOR_TARGET=''
OBJEXT='o'
PACKAGE_BUGREPORT=''
PACKAGE_NAME=''
PACKAGE_STRING=''
PACKAGE_TARNAME=''
PACKAGE_URL=''
PACKAGE_VERSION=''
PATH_SEPARATOR=':'
POSTSTAGE1_CONFIGURE_FLAGS=''
RANLIB=''
RANLIB_FOR_BUILD='$(RANLIB)'
RANLIB_FOR_TARGET=''
RAW_CXX_FOR_TARGET=''
RPATH_ENVVAR=''
RUNTEST=''
SED='/bin/sed'
SHELL='/bin/sh'
STRIP=''
STRIP_FOR_TARGET=''
SYSROOT_CFLAGS_FOR_TARGET=''
TOPLEVEL_CONFIGURE_ARGUMENTS='./configure --disable-option-checking --prefix=/usr/local CFLAGS=-g CXXFLAGS=-g '\''sdccconf_h_dir_separator=\\'\'' --disable-mcs51-port --disable-z80-port --disable-z180-port --disable-r2k-port --disable-r3ka-port --disable-gbz80-port --disable-ds390-port --disable-ds400-port --disable-hc08-port --disable-s08-port --disable-packihx --disable-sdbinutil --disable-sdcdb --disable-pic14-port --disable-pic16-port --disable-device-lib --disable-ucsim docdir='\''$${datarootdir}/doc/$${PACKAGE}'\'' --cache-file=/dev/null --srcdir=.'
WINDMC=''
WINDMC_FOR_BUILD='$(WINDMC)'
WINDMC_FOR_TARGET=''
WINDRES=''
WINDRES_FOR_BUILD='$(WINDRES)'
WINDRES_FOR_TARGET=''
YACC=''
ac_ct_CC='gcc'
ac_ct_CXX='g++'
bindir='${exec_prefix}/bin'
build='i686-pc-mingw32'
build_alias=''
build_configargs=''
build_configdirs='build-libiberty build-texinfo build-flex build-bison build-m4 build-fixincludes'
build_cpu='i686'
build_libsubdir='build-i686-pc-mingw32'
build_noncanonical='i686-pc-mingw32'
build_os='mingw32'
build_subdir='build-i686-pc-mingw32'
build_tooldir=''
build_vendor='pc'
clooginc=''
clooglibs=''
compare_exclusions=''
configdirs='intl libiberty opcodes bfd readline tcl tk itcl libgui zlib libcpp libdecnumber gmp mpfr mpc ppl cloog libelf libiconv flex bison binutils gas ld fixincludes gcc cgen sid sim gdb gprof etc expect dejagnu m4 utils guile fastjar gnattools'
datadir='${datarootdir}'
datarootdir='${prefix}/share'
do_compare='cmp --ignore-initial=16 $$f1 $$f2'
docdir='${datarootdir}/doc/${PACKAGE}'
dvidir='${docdir}'
exec_prefix='NONE'
extra_host_libiberty_configure_flags=''
extra_mpc_gmp_configure_flags=''
extra_mpc_mpfr_configure_flags=''
extra_mpfr_configure_flags=''
gmpinc=''
gmplibs='-lmpc -lmpfr -lgmp'
host='i686-pc-mingw32'
host_alias=''
host_configargs=''
host_cpu='i686'
host_noncanonical='i686-pc-mingw32'
host_os='mingw32'
host_subdir='.'
host_vendor='pc'
htmldir='${docdir}'
includedir='${prefix}/include'
infodir='${datarootdir}/info'
libdir='${exec_prefix}/lib'
libexecdir='${exec_prefix}/libexec'
localedir='${datarootdir}/locale'
localstatedir='${prefix}/var'
mandir='${datarootdir}/man'
oldincludedir='/usr/include'
pdfdir='${docdir}'
poststage1_ldflags='-static-libstdc++ -static-libgcc'
poststage1_libs=''
pplinc=''
ppllibs=''
prefix='/usr/local'
program_transform_name='s,y,y,'
psdir='${docdir}'
sbindir='${exec_prefix}/sbin'
sharedstatedir='${prefix}/com'
stage1_cflags=''
stage1_checking=''
stage1_languages=''
stage1_ldflags=''
stage1_libs=''
stage2_werror_flag=''
sysconfdir='${prefix}/etc'
target='i686-pc-mingw32'
target_alias=''
target_configargs=''
target_configdirs='target-libgcc target-libgloss target-newlib target-libgomp target-libstdc++-v3 target-libmudflap target-libssp target-libquadmath target-libgfortran target-boehm-gc target-libffi target-zlib target-libjava target-libobjc target-libada target-libgo target-rda target-winsup'
target_cpu='i686'
target_noncanonical='i686-pc-mingw32'
target_os='mingw32'
target_subdir='i686-pc-mingw32'
target_vendor='pc'
tooldir=''

## ------------------- ##
## File substitutions. ##
## ------------------- ##

alphaieee_frag=''
host_makefile_frag='config/mh-mingw'
ospace_frag=''
serialization_dependencies=''
target_makefile_frag=''

## ----------- ##
## confdefs.h. ##
## ----------- ##

/* confdefs.h */
#define PACKAGE_NAME ""
#define PACKAGE_TARNAME ""
#define PACKAGE_VERSION ""
#define PACKAGE_STRING ""
#define PACKAGE_BUGREPORT ""
#define PACKAGE_URL ""
#define LT_OBJDIR ".libs/"

configure: caught signal 2
configure: exit 1
