gpasm-0.14.1 (Aug 18 2017)   libio18f2220_a-i2cidle.asm8-18-2017  19:27:42          PAGE  1


LOC  OBJECT CODE     LINE SOURCE TEXT
  VALUE

                      00001 ;--------------------------------------------------------
                      00002 ; File Created by SDCC : free open source ANSI-C Compiler
                      00003 ; Version 3.2.0 #8004 (Aug 18 2017) (MINGW32)
                      00004 ; This file was generated Fri Aug 18 19:27:42 2017
                      00005 ;--------------------------------------------------------
                      00006 ; PIC16 port for the Microchip 16-bit core micros
                      00007 ;--------------------------------------------------------
                      00008         list    p=18f2220
                      00009 
                      00010         radix dec
                      00011 
                      00012 ;--------------------------------------------------------
                      00013 ; public variables in this module
                      00014 ;--------------------------------------------------------
                      00015         global  _i2c_idle
                      00016 
                      00017 ;--------------------------------------------------------
                      00018 ; extern variables in this module
                      00019 ;--------------------------------------------------------
                      00020         extern  _PORTAbits
                      00021         extern  _PORTBbits
                      00022         extern  _PORTCbits
                      00023         extern  _LATAbits
                      00024         extern  _LATBbits
                      00025         extern  _LATCbits
                      00026         extern  _TRISAbits
                      00027         extern  _TRISBbits
                      00028         extern  _TRISCbits
                      00029         extern  _OSCTUNEbits
                      00030         extern  _PIE1bits
                      00031         extern  _PIR1bits
                      00032         extern  _IPR1bits
                      00033         extern  _PIE2bits
                      00034         extern  _PIR2bits
                      00035         extern  _IPR2bits
                      00036         extern  _EECON1bits
                      00037         extern  _RCSTAbits
                      00038         extern  _TXSTAbits
                      00039         extern  _T3CONbits
                      00040         extern  _CMCONbits
                      00041         extern  _CVRCONbits
                      00042         extern  _CCP2CONbits
                      00043         extern  _CCP1CONbits
                      00044         extern  _ADCON2bits
                      00045         extern  _ADCON1bits
                      00046         extern  _ADCON0bits
                      00047         extern  _SSPCON2bits
                      00048         extern  _SSPCON1bits
                      00049         extern  _SSPSTATbits
                      00050         extern  _T2CONbits
                      00051         extern  _T1CONbits
                      00052         extern  _RCONbits
                      00053         extern  _WDTCONbits
gpasm-0.14.1 (Aug 18 2017)   libio18f2220_a-i2cidle.asm8-18-2017  19:27:42          PAGE  2


LOC  OBJECT CODE     LINE SOURCE TEXT
  VALUE

                      00054         extern  _LVDCONbits
                      00055         extern  _OSCCONbits
                      00056         extern  _T0CONbits
                      00057         extern  _STATUSbits
                      00058         extern  _INTCON3bits
                      00059         extern  _INTCON2bits
                      00060         extern  _INTCONbits
                      00061         extern  _STKPTRbits
                      00062         extern  _PORTA
                      00063         extern  _PORTB
                      00064         extern  _PORTC
                      00065         extern  _LATA
                      00066         extern  _LATB
                      00067         extern  _LATC
                      00068         extern  _TRISA
                      00069         extern  _TRISB
                      00070         extern  _TRISC
                      00071         extern  _OSCTUNE
                      00072         extern  _PIE1
                      00073         extern  _PIR1
                      00074         extern  _IPR1
                      00075         extern  _PIE2
                      00076         extern  _PIR2
                      00077         extern  _IPR2
                      00078         extern  _EECON1
                      00079         extern  _EECON2
                      00080         extern  _EEDATA
                      00081         extern  _EEADR
                      00082         extern  _RCSTA
                      00083         extern  _TXSTA
                      00084         extern  _TXREG
                      00085         extern  _RCREG
                      00086         extern  _SPBRG
                      00087         extern  _T3CON
                      00088         extern  _TMR3L
                      00089         extern  _TMR3H
                      00090         extern  _CMCON
                      00091         extern  _CVRCON
                      00092         extern  _CCP2CON
                      00093         extern  _CCPR2L
                      00094         extern  _CCPR2H
                      00095         extern  _CCP1CON
                      00096         extern  _CCPR1L
                      00097         extern  _CCPR1H
                      00098         extern  _ADCON2
                      00099         extern  _ADCON1
                      00100         extern  _ADCON0
                      00101         extern  _ADRESL
                      00102         extern  _ADRESH
                      00103         extern  _SSPCON2
                      00104         extern  _SSPCON1
                      00105         extern  _SSPSTAT
                      00106         extern  _SSPADD
gpasm-0.14.1 (Aug 18 2017)   libio18f2220_a-i2cidle.asm8-18-2017  19:27:42          PAGE  3


LOC  OBJECT CODE     LINE SOURCE TEXT
  VALUE

                      00107         extern  _SSPBUF
                      00108         extern  _T2CON
                      00109         extern  _PR2
                      00110         extern  _TMR2
                      00111         extern  _T1CON
                      00112         extern  _TMR1L
                      00113         extern  _TMR1H
                      00114         extern  _RCON
                      00115         extern  _WDTCON
                      00116         extern  _LVDCON
                      00117         extern  _OSCCON
                      00118         extern  _T0CON
                      00119         extern  _TMR0L
                      00120         extern  _TMR0H
                      00121         extern  _STATUS
                      00122         extern  _FSR2L
                      00123         extern  _FSR2H
                      00124         extern  _PLUSW2
                      00125         extern  _PREINC2
                      00126         extern  _POSTDEC2
                      00127         extern  _POSTINC2
                      00128         extern  _INDF2
                      00129         extern  _BSR
                      00130         extern  _FSR1L
                      00131         extern  _FSR1H
                      00132         extern  _PLUSW1
                      00133         extern  _PREINC1
                      00134         extern  _POSTDEC1
                      00135         extern  _POSTINC1
                      00136         extern  _INDF1
                      00137         extern  _WREG
                      00138         extern  _FSR0L
                      00139         extern  _FSR0H
                      00140         extern  _PLUSW0
                      00141         extern  _PREINC0
                      00142         extern  _POSTDEC0
                      00143         extern  _POSTINC0
                      00144         extern  _INDF0
                      00145         extern  _INTCON3
                      00146         extern  _INTCON2
                      00147         extern  _INTCON
                      00148         extern  _PRODL
                      00149         extern  _PRODH
                      00150         extern  _TABLAT
                      00151         extern  _TBLPTRL
                      00152         extern  _TBLPTRH
                      00153         extern  _TBLPTRU
                      00154         extern  _PCL
                      00155         extern  _PCLATH
                      00156         extern  _PCLATU
                      00157         extern  _STKPTR
                      00158         extern  _TOSL
                      00159         extern  _TOSH
gpasm-0.14.1 (Aug 18 2017)   libio18f2220_a-i2cidle.asm8-18-2017  19:27:42          PAGE  4


LOC  OBJECT CODE     LINE SOURCE TEXT
  VALUE

                      00160         extern  _TOSU
                      00161 
                      00162 ;--------------------------------------------------------
                      00163 ;       Equates to used internal registers
                      00164 ;--------------------------------------------------------
  00000FD8            00165 STATUS  equ     0xfd8
  00000FE5            00166 POSTDEC1        equ     0xfe5
  00000FE4            00167 PREINC1 equ     0xfe4
                      00168 
                      00169 
                      00170 ; Internal registers
                      00171 .registers      udata_ovr       0x0000
000000                00172 r0x00   res     1
000001                00173 r0x01   res     1
                      00174 
                      00175 ;--------------------------------------------------------
                      00176 ; global & static initialisations
                      00177 ;--------------------------------------------------------
                      00178 ; I code from now on!
                      00179 ; ; Starting pCode block
                      00180 ; ;ic:1:  _entry($5) :
                      00181 ; ;ic:2:        proc _i2c_idle [k1 lr0:0 so:0]{ ia0 a2p0 re0 rm0 nos0 ru0 dp0}{void function ( ) fixed}
                      00182 S_i2cidle__i2c_idle     code
000000                00183 _i2c_idle:
                      00184 ;       .line   32; i2c/i2cidle.c       void i2c_idle(void)
000000 C000 FFE5      00185         MOVFF   r0x00, POSTDEC1
000004 C000 FFE5      00186         MOVFF   r0x01, POSTDEC1
                      00187 ; ;ic:4:  _whilecontinue_0($1) :
                      00188 ; ;ic:5:        iTemp0 [k3 lr5:9 so:0]{ ia0 a2p0 re0 rm0 nos0 ru0 dp0}{unsigned-char register}[r0x00 ] = _SSPCON2 [k2 lr0:0 so:0]{ ia0 a2p0 re0 rm0 nos0 ru0 dp0}{volatile-unsigned-char sfr} & 0x1f {const-unsigned-char literal}
000008                00189 _00105_DS_:
                      00190 ;       .line   34; i2c/i2cidle.c       while((SSPCON2 & 0x1f) | (SSPSTATbits.R_W));
000008 0E1F           00191         MOVLW   0x1f
00000A 1400           00192         ANDWF   _SSPCON2, W
00000C 6E00           00193         MOVWF   r0x00
                      00194 ; ;ic:6:        iTemp1 [k5 lr6:7 so:0]{ ia0 a2p0 re0 rm1 nos0 ru0 dp0}{volatile-unsigned-bitfield {2,1} near* fixed}[remat] = &[_SSPSTATbits [k4 lr0:0 so:0]{ ia0 a2p0 re0 rm0 nos0 ru0 dp0}{volatile-struct __00000118 fixed}]
                      00195 ; ;ic:7:        iTemp2 [k7 lr7:8 so:0]{ ia0 a2p0 re0 rm1 nos0 ru0 dp0}{volatile-unsigned-bitfield {2,1} near* fixed}[remat] := iTemp1 [k5 lr6:7 so:0]{ ia0 a2p0 re0 rm1 nos0 ru0 dp0}{volatile-unsigned-bitfield {2,1} near* fixed}[remat]
                      00196 ; ;ic:8:        iTemp3 [k8 lr8:10 so:0]{ ia0 a2p0 re0 rm0 nos0 ru0 dp0}{volatile-unsigned-bitfield {2,1} fixed}[r0x01 ] = @[iTemp2 [k7 lr7:8 so:0]{ ia1 a2p0 re0 rm1 nos0 ru0 dp0}{volatile-unsigned-bitfield {2,1} near* fixed}[remat] + 0x0 {const-unsigned-char literal}]
00000E 6A00           00197         CLRF    r0x01
000010 B400           00198         BTFSC   _SSPSTATbits, 2
000012 2A00           00199         INCF    r0x01, F
                      00200 ; ;ic:9:        iTemp4 [k9 lr9:11 so:0]{ ia0 a2p0 re0 rm0 nos0 ru0 dp0}{char register}[r0x00 ] = (char register)iTemp0 [k3 lr5:9 so:0]{ ia0 a2p0 re0 rm0 nos0 ru0 dp0}{unsigned-char register}[r0x00 ]
                      00201 ; ;ic:10:       iTemp5 [k10 lr10:11 so:0]{ ia0 a2p0 re0 rm0 nos0 ru0 dp0}{char register}[r0x01 ] = (char register)iTemp3 [k8 lr8:10 so:0]{ ia0 a2p0 re0 rm0 nos0 ru0 dp0}{volatile-unsigned-bitfield {2,1} fixed}[r0x01 ]
                      00202 ; ;ic:11:       iTemp6 [k11 lr11:12 so:0]{ ia0 a2p0 re0 rm0 nos0 ru0 dp0}{char register}[r0x00 ] = iTemp4 [k9 lr9:11 so:0]{ ia0 a2p0 re0 rm0 nos0 ru0 dp0}{char register}[r0x00 ] | iTemp5 [k10 lr10:11 so:0]{ ia0 a2p0 re0 rm0 nos0 ru0 dp0}{char register}[r0x01 ]
000014 5000           00203         MOVF    r0x01, W
000016 1200           00204         IORWF   r0x00, F
                      00205 ; ;ic:12:       if iTemp6 [k11 lr11:12 so:0]{ ia0 a2p0 re0 rm0 nos0 ru0 dp0}{char register}[r0x00 ] != 0 goto _whilecontinue_0($1)
000018 5000           00206         MOVF    r0x00, W
00001A E100           00207         BNZ     _00105_DS_
                      00208 ; ;ic:13:  _return($4) :
                      00209 ; ;ic:14:       eproc _i2c_idle [k1 lr0:0 so:0]{ ia0 a2p0 re0 rm0 nos0 ru0 dp0}{void function ( ) fixed}
00001C CFE4 F000      00210         MOVFF   PREINC1, r0x01
000020 CFE4 F000      00211         MOVFF   PREINC1, r0x00
000024 0012           00212         RETURN  
gpasm-0.14.1 (Aug 18 2017)   libio18f2220_a-i2cidle.asm8-18-2017  19:27:42          PAGE  5


LOC  OBJECT CODE     LINE SOURCE TEXT
  VALUE

                      00213 
                      00214 
                      00215 
                      00216 ; Statistics:
                      00217 ; code size:       38 (0x0026) bytes ( 0.03%)
                      00218 ;                  19 (0x0013) words
                      00219 ; udata size:       0 (0x0000) bytes ( 0.00%)
                      00220 ; access size:      2 (0x0002) bytes
                      00221 
                      00222 
                      00223         end
gpasm-0.14.1 (Aug 18 2017)   libio18f2220_a-i2cidle.asm8-18-2017  19:27:42          PAGE  6


SYMBOL TABLE
  LABEL                             VALUE

POSTDEC1                          00000FE5
PREINC1                           00000FE4
STATUS                            00000FD8
_00105_DS_                        00000008
_ADCON0                           00000000
_ADCON0bits                       00000000
_ADCON1                           00000000
_ADCON1bits                       00000000
_ADCON2                           00000000
_ADCON2bits                       00000000
_ADRESH                           00000000
_ADRESL                           00000000
_BSR                              00000000
_CCP1CON                          00000000
_CCP1CONbits                      00000000
_CCP2CON                          00000000
_CCP2CONbits                      00000000
_CCPR1H                           00000000
_CCPR1L                           00000000
_CCPR2H                           00000000
_CCPR2L                           00000000
_CMCON                            00000000
_CMCONbits                        00000000
_CVRCON                           00000000
_CVRCONbits                       00000000
_EEADR                            00000000
_EECON1                           00000000
_EECON1bits                       00000000
_EECON2                           00000000
_EEDATA                           00000000
_FSR0H                            00000000
_FSR0L                            00000000
_FSR1H                            00000000
_FSR1L                            00000000
_FSR2H                            00000000
_FSR2L                            00000000
_INDF0                            00000000
_INDF1                            00000000
_INDF2                            00000000
_INTCON                           00000000
_INTCON2                          00000000
_INTCON2bits                      00000000
_INTCON3                          00000000
_INTCON3bits                      00000000
_INTCONbits                       00000000
_IPR1                             00000000
_IPR1bits                         00000000
_IPR2                             00000000
_IPR2bits                         00000000
_LATA                             00000000
_LATAbits                         00000000
_LATB                             00000000
_LATBbits                         00000000
gpasm-0.14.1 (Aug 18 2017)   libio18f2220_a-i2cidle.asm8-18-2017  19:27:42          PAGE  7


SYMBOL TABLE
  LABEL                             VALUE 

_LATC                             00000000
_LATCbits                         00000000
_LVDCON                           00000000
_LVDCONbits                       00000000
_OSCCON                           00000000
_OSCCONbits                       00000000
_OSCTUNE                          00000000
_OSCTUNEbits                      00000000
_PCL                              00000000
_PCLATH                           00000000
_PCLATU                           00000000
_PIE1                             00000000
_PIE1bits                         00000000
_PIE2                             00000000
_PIE2bits                         00000000
_PIR1                             00000000
_PIR1bits                         00000000
_PIR2                             00000000
_PIR2bits                         00000000
_PLUSW0                           00000000
_PLUSW1                           00000000
_PLUSW2                           00000000
_PORTA                            00000000
_PORTAbits                        00000000
_PORTB                            00000000
_PORTBbits                        00000000
_PORTC                            00000000
_PORTCbits                        00000000
_POSTDEC0                         00000000
_POSTDEC1                         00000000
_POSTDEC2                         00000000
_POSTINC0                         00000000
_POSTINC1                         00000000
_POSTINC2                         00000000
_PR2                              00000000
_PREINC0                          00000000
_PREINC1                          00000000
_PREINC2                          00000000
_PRODH                            00000000
_PRODL                            00000000
_RCON                             00000000
_RCONbits                         00000000
_RCREG                            00000000
_RCSTA                            00000000
_RCSTAbits                        00000000
_SPBRG                            00000000
_SSPADD                           00000000
_SSPBUF                           00000000
_SSPCON1                          00000000
_SSPCON1bits                      00000000
_SSPCON2                          00000000
_SSPCON2bits                      00000000
_SSPSTAT                          00000000
gpasm-0.14.1 (Aug 18 2017)   libio18f2220_a-i2cidle.asm8-18-2017  19:27:42          PAGE  8


SYMBOL TABLE
  LABEL                             VALUE 

_SSPSTATbits                      00000000
_STATUS                           00000000
_STATUSbits                       00000000
_STKPTR                           00000000
_STKPTRbits                       00000000
_T0CON                            00000000
_T0CONbits                        00000000
_T1CON                            00000000
_T1CONbits                        00000000
_T2CON                            00000000
_T2CONbits                        00000000
_T3CON                            00000000
_T3CONbits                        00000000
_TABLAT                           00000000
_TBLPTRH                          00000000
_TBLPTRL                          00000000
_TBLPTRU                          00000000
_TMR0H                            00000000
_TMR0L                            00000000
_TMR1H                            00000000
_TMR1L                            00000000
_TMR2                             00000000
_TMR3H                            00000000
_TMR3L                            00000000
_TOSH                             00000000
_TOSL                             00000000
_TOSU                             00000000
_TRISA                            00000000
_TRISAbits                        00000000
_TRISB                            00000000
_TRISBbits                        00000000
_TRISC                            00000000
_TRISCbits                        00000000
_TXREG                            00000000
_TXSTA                            00000000
_TXSTAbits                        00000000
_WDTCON                           00000000
_WDTCONbits                       00000000
_WREG                             00000000
__18F2220                         00000001
_i2c_idle                         00000000
r0x00                             00000000
r0x01                             00000001

Errors   :     0
Warnings :     0 reported,     0 suppressed
Messages :     0 reported,     0 suppressed

