gpasm-0.14.1 (Aug 18 2017)   libio18f2220_a-i2creadc.asm8-18-2017  19:27:46          PAGE  1


LOC  OBJECT CODE     LINE SOURCE TEXT
  VALUE

                      00001 ;--------------------------------------------------------
                      00002 ; File Created by SDCC : free open source ANSI-C Compiler
                      00003 ; Version 3.2.0 #8004 (Aug 18 2017) (MINGW32)
                      00004 ; This file was generated Fri Aug 18 19:27:46 2017
                      00005 ;--------------------------------------------------------
                      00006 ; PIC16 port for the Microchip 16-bit core micros
                      00007 ;--------------------------------------------------------
                      00008         list    p=18f2220
                      00009 
                      00010         radix dec
                      00011 
                      00012 ;--------------------------------------------------------
                      00013 ; public variables in this module
                      00014 ;--------------------------------------------------------
                      00015         global  _i2c_readchar
                      00016 
                      00017 ;--------------------------------------------------------
                      00018 ; extern variables in this module
                      00019 ;--------------------------------------------------------
                      00020         extern  _PORTAbits
                      00021         extern  _PORTBbits
                      00022         extern  _PORTCbits
                      00023         extern  _LATAbits
                      00024         extern  _LATBbits
                      00025         extern  _LATCbits
                      00026         extern  _TRISAbits
                      00027         extern  _TRISBbits
                      00028         extern  _TRISCbits
                      00029         extern  _OSCTUNEbits
                      00030         extern  _PIE1bits
                      00031         extern  _PIR1bits
                      00032         extern  _IPR1bits
                      00033         extern  _PIE2bits
                      00034         extern  _PIR2bits
                      00035         extern  _IPR2bits
                      00036         extern  _EECON1bits
                      00037         extern  _RCSTAbits
                      00038         extern  _TXSTAbits
                      00039         extern  _T3CONbits
                      00040         extern  _CMCONbits
                      00041         extern  _CVRCONbits
                      00042         extern  _CCP2CONbits
                      00043         extern  _CCP1CONbits
                      00044         extern  _ADCON2bits
                      00045         extern  _ADCON1bits
                      00046         extern  _ADCON0bits
                      00047         extern  _SSPCON2bits
                      00048         extern  _SSPCON1bits
                      00049         extern  _SSPSTATbits
                      00050         extern  _T2CONbits
                      00051         extern  _T1CONbits
                      00052         extern  _RCONbits
                      00053         extern  _WDTCONbits
gpasm-0.14.1 (Aug 18 2017)   libio18f2220_a-i2creadc.asm8-18-2017  19:27:46          PAGE  2


LOC  OBJECT CODE     LINE SOURCE TEXT
  VALUE

                      00054         extern  _LVDCONbits
                      00055         extern  _OSCCONbits
                      00056         extern  _T0CONbits
                      00057         extern  _STATUSbits
                      00058         extern  _INTCON3bits
                      00059         extern  _INTCON2bits
                      00060         extern  _INTCONbits
                      00061         extern  _STKPTRbits
                      00062         extern  _PORTA
                      00063         extern  _PORTB
                      00064         extern  _PORTC
                      00065         extern  _LATA
                      00066         extern  _LATB
                      00067         extern  _LATC
                      00068         extern  _TRISA
                      00069         extern  _TRISB
                      00070         extern  _TRISC
                      00071         extern  _OSCTUNE
                      00072         extern  _PIE1
                      00073         extern  _PIR1
                      00074         extern  _IPR1
                      00075         extern  _PIE2
                      00076         extern  _PIR2
                      00077         extern  _IPR2
                      00078         extern  _EECON1
                      00079         extern  _EECON2
                      00080         extern  _EEDATA
                      00081         extern  _EEADR
                      00082         extern  _RCSTA
                      00083         extern  _TXSTA
                      00084         extern  _TXREG
                      00085         extern  _RCREG
                      00086         extern  _SPBRG
                      00087         extern  _T3CON
                      00088         extern  _TMR3L
                      00089         extern  _TMR3H
                      00090         extern  _CMCON
                      00091         extern  _CVRCON
                      00092         extern  _CCP2CON
                      00093         extern  _CCPR2L
                      00094         extern  _CCPR2H
                      00095         extern  _CCP1CON
                      00096         extern  _CCPR1L
                      00097         extern  _CCPR1H
                      00098         extern  _ADCON2
                      00099         extern  _ADCON1
                      00100         extern  _ADCON0
                      00101         extern  _ADRESL
                      00102         extern  _ADRESH
                      00103         extern  _SSPCON2
                      00104         extern  _SSPCON1
                      00105         extern  _SSPSTAT
                      00106         extern  _SSPADD
gpasm-0.14.1 (Aug 18 2017)   libio18f2220_a-i2creadc.asm8-18-2017  19:27:46          PAGE  3


LOC  OBJECT CODE     LINE SOURCE TEXT
  VALUE

                      00107         extern  _SSPBUF
                      00108         extern  _T2CON
                      00109         extern  _PR2
                      00110         extern  _TMR2
                      00111         extern  _T1CON
                      00112         extern  _TMR1L
                      00113         extern  _TMR1H
                      00114         extern  _RCON
                      00115         extern  _WDTCON
                      00116         extern  _LVDCON
                      00117         extern  _OSCCON
                      00118         extern  _T0CON
                      00119         extern  _TMR0L
                      00120         extern  _TMR0H
                      00121         extern  _STATUS
                      00122         extern  _FSR2L
                      00123         extern  _FSR2H
                      00124         extern  _PLUSW2
                      00125         extern  _PREINC2
                      00126         extern  _POSTDEC2
                      00127         extern  _POSTINC2
                      00128         extern  _INDF2
                      00129         extern  _BSR
                      00130         extern  _FSR1L
                      00131         extern  _FSR1H
                      00132         extern  _PLUSW1
                      00133         extern  _PREINC1
                      00134         extern  _POSTDEC1
                      00135         extern  _POSTINC1
                      00136         extern  _INDF1
                      00137         extern  _WREG
                      00138         extern  _FSR0L
                      00139         extern  _FSR0H
                      00140         extern  _PLUSW0
                      00141         extern  _PREINC0
                      00142         extern  _POSTDEC0
                      00143         extern  _POSTINC0
                      00144         extern  _INDF0
                      00145         extern  _INTCON3
                      00146         extern  _INTCON2
                      00147         extern  _INTCON
                      00148         extern  _PRODL
                      00149         extern  _PRODH
                      00150         extern  _TABLAT
                      00151         extern  _TBLPTRL
                      00152         extern  _TBLPTRH
                      00153         extern  _TBLPTRU
                      00154         extern  _PCL
                      00155         extern  _PCLATH
                      00156         extern  _PCLATU
                      00157         extern  _STKPTR
                      00158         extern  _TOSL
                      00159         extern  _TOSH
gpasm-0.14.1 (Aug 18 2017)   libio18f2220_a-i2creadc.asm8-18-2017  19:27:46          PAGE  4


LOC  OBJECT CODE     LINE SOURCE TEXT
  VALUE

                      00160         extern  _TOSU
                      00161 
                      00162 ;--------------------------------------------------------
                      00163 ;       Equates to used internal registers
                      00164 ;--------------------------------------------------------
  00000FE8            00165 WREG    equ     0xfe8
                      00166 
                      00167 ;--------------------------------------------------------
                      00168 ; global & static initialisations
                      00169 ;--------------------------------------------------------
                      00170 ; I code from now on!
                      00171 ; ; Starting pCode block
                      00172 ; ;ic:1:  _entry($5) :
                      00173 ; ;ic:2:        proc _i2c_readchar [k1 lr0:0 so:0]{ ia0 a2p0 re0 rm0 nos0 ru0 dp0}{unsigned-char function ( ) fixed}
                      00174 S_i2creadc__i2c_readchar        code
000000                00175 _i2c_readchar:
                      00176 ; ;ic:3:        iTemp0 [k3 lr3:4 so:0]{ ia0 a2p0 re0 rm1 nos0 ru0 dp0}{volatile-unsigned-bitfield {3,1} near* fixed}[remat] = &[_SSPCON2bits [k2 lr0:0 so:0]{ ia0 a2p0 re0 rm0 nos0 ru0 dp0}{volatile-struct __00000114 fixed}]
                      00177 ; ;ic:4:        iTemp1 [k5 lr4:5 so:0]{ ia0 a2p0 re0 rm1 nos0 ru0 dp0}{volatile-unsigned-bitfield {3,1} near* fixed}[remat] := iTemp0 [k3 lr3:4 so:0]{ ia0 a2p0 re0 rm1 nos0 ru0 dp0}{volatile-unsigned-bitfield {3,1} near* fixed}[remat]
                      00178 ; ;ic:5:        *(iTemp1 [k5 lr4:5 so:0]{ ia1 a2p0 re0 rm1 nos0 ru0 dp0}{volatile-unsigned-bitfield {3,1} near* fixed}[remat]) := 0x1 {const-unsigned-char literal}
                      00179 ;       .line   34; i2c/i2creadc.c      SSPCON2bits.RCEN = 1;
000000 8600           00180         BSF     _SSPCON2bits, 3
                      00181 ; ;ic:7:  _whilecontinue_0($1) :
                      00182 ; ;ic:8:        iTemp2 [k7 lr8:9 so:0]{ ia0 a2p0 re0 rm1 nos0 ru0 dp0}{volatile-unsigned-bitfield {0,1} near* fixed}[remat] = &[_SSPSTATbits [k6 lr0:0 so:0]{ ia0 a2p0 re0 rm0 nos0 ru0 dp0}{volatile-struct __00000118 fixed}]
                      00183 ; ;ic:9:        iTemp3 [k9 lr9:10 so:0]{ ia0 a2p0 re0 rm1 nos0 ru0 dp0}{volatile-unsigned-bitfield {0,1} near* fixed}[remat] := iTemp2 [k7 lr8:9 so:0]{ ia0 a2p0 re0 rm1 nos0 ru0 dp0}{volatile-unsigned-bitfield {0,1} near* fixed}[remat]
                      00184 ; ;ic:10:       iTemp4 [k10 lr10:11 so:0]{ ia0 a2p0 re0 rm0 nos0 ru0 dp0}{volatile-unsigned-bitfield {0,1} fixed}[bad ] = @[iTemp3 [k9 lr9:10 so:0]{ ia1 a2p0 re0 rm1 nos0 ru0 dp0}{volatile-unsigned-bitfield {0,1} near* fixed}[remat] + 0x0 {const-unsigned-char literal}]
000002                00185 _00105_DS_:
                      00186 ;       .line   35; i2c/i2creadc.c      while( !I2C_DRDY() );
000002 A000           00187         BTFSS   _SSPSTATbits, 0
000004 D000           00188         BRA     _00105_DS_
                      00189 ; ;ic:11:       if iTemp4 [k10 lr10:11 so:0]{ ia0 a2p0 re0 rm0 nos0 ru0 dp0}{volatile-unsigned-bitfield {0,1} fixed}[bad ] == 0 goto _whilecontinue_0($1)
                      00190 ; ;ic:12:       ret _SSPBUF [k11 lr0:0 so:0]{ ia0 a2p0 re0 rm0 nos0 ru0 dp0}{volatile-unsigned-char sfr}
                      00191 ;       .line   36; i2c/i2creadc.c      return ( SSPBUF );
000006 5000           00192         MOVF    _SSPBUF, W
                      00193 ; ;ic:13:  _return($4) :
                      00194 ; ;ic:14:       eproc _i2c_readchar [k1 lr0:0 so:0]{ ia0 a2p0 re0 rm0 nos0 ru0 dp0}{unsigned-char function ( ) fixed}
000008 0012           00195         RETURN  
                      00196 
                      00197 
                      00198 
                      00199 ; Statistics:
                      00200 ; code size:       10 (0x000a) bytes ( 0.01%)
                      00201 ;                   5 (0x0005) words
                      00202 ; udata size:       0 (0x0000) bytes ( 0.00%)
                      00203 ; access size:      0 (0x0000) bytes
                      00204 
                      00205 
                      00206         end
gpasm-0.14.1 (Aug 18 2017)   libio18f2220_a-i2creadc.asm8-18-2017  19:27:46          PAGE  5


SYMBOL TABLE
  LABEL                             VALUE

WREG                              00000FE8
_00105_DS_                        00000002
_ADCON0                           00000000
_ADCON0bits                       00000000
_ADCON1                           00000000
_ADCON1bits                       00000000
_ADCON2                           00000000
_ADCON2bits                       00000000
_ADRESH                           00000000
_ADRESL                           00000000
_BSR                              00000000
_CCP1CON                          00000000
_CCP1CONbits                      00000000
_CCP2CON                          00000000
_CCP2CONbits                      00000000
_CCPR1H                           00000000
_CCPR1L                           00000000
_CCPR2H                           00000000
_CCPR2L                           00000000
_CMCON                            00000000
_CMCONbits                        00000000
_CVRCON                           00000000
_CVRCONbits                       00000000
_EEADR                            00000000
_EECON1                           00000000
_EECON1bits                       00000000
_EECON2                           00000000
_EEDATA                           00000000
_FSR0H                            00000000
_FSR0L                            00000000
_FSR1H                            00000000
_FSR1L                            00000000
_FSR2H                            00000000
_FSR2L                            00000000
_INDF0                            00000000
_INDF1                            00000000
_INDF2                            00000000
_INTCON                           00000000
_INTCON2                          00000000
_INTCON2bits                      00000000
_INTCON3                          00000000
_INTCON3bits                      00000000
_INTCONbits                       00000000
_IPR1                             00000000
_IPR1bits                         00000000
_IPR2                             00000000
_IPR2bits                         00000000
_LATA                             00000000
_LATAbits                         00000000
_LATB                             00000000
_LATBbits                         00000000
_LATC                             00000000
_LATCbits                         00000000
gpasm-0.14.1 (Aug 18 2017)   libio18f2220_a-i2creadc.asm8-18-2017  19:27:46          PAGE  6


SYMBOL TABLE
  LABEL                             VALUE 

_LVDCON                           00000000
_LVDCONbits                       00000000
_OSCCON                           00000000
_OSCCONbits                       00000000
_OSCTUNE                          00000000
_OSCTUNEbits                      00000000
_PCL                              00000000
_PCLATH                           00000000
_PCLATU                           00000000
_PIE1                             00000000
_PIE1bits                         00000000
_PIE2                             00000000
_PIE2bits                         00000000
_PIR1                             00000000
_PIR1bits                         00000000
_PIR2                             00000000
_PIR2bits                         00000000
_PLUSW0                           00000000
_PLUSW1                           00000000
_PLUSW2                           00000000
_PORTA                            00000000
_PORTAbits                        00000000
_PORTB                            00000000
_PORTBbits                        00000000
_PORTC                            00000000
_PORTCbits                        00000000
_POSTDEC0                         00000000
_POSTDEC1                         00000000
_POSTDEC2                         00000000
_POSTINC0                         00000000
_POSTINC1                         00000000
_POSTINC2                         00000000
_PR2                              00000000
_PREINC0                          00000000
_PREINC1                          00000000
_PREINC2                          00000000
_PRODH                            00000000
_PRODL                            00000000
_RCON                             00000000
_RCONbits                         00000000
_RCREG                            00000000
_RCSTA                            00000000
_RCSTAbits                        00000000
_SPBRG                            00000000
_SSPADD                           00000000
_SSPBUF                           00000000
_SSPCON1                          00000000
_SSPCON1bits                      00000000
_SSPCON2                          00000000
_SSPCON2bits                      00000000
_SSPSTAT                          00000000
_SSPSTATbits                      00000000
_STATUS                           00000000
gpasm-0.14.1 (Aug 18 2017)   libio18f2220_a-i2creadc.asm8-18-2017  19:27:46          PAGE  7


SYMBOL TABLE
  LABEL                             VALUE 

_STATUSbits                       00000000
_STKPTR                           00000000
_STKPTRbits                       00000000
_T0CON                            00000000
_T0CONbits                        00000000
_T1CON                            00000000
_T1CONbits                        00000000
_T2CON                            00000000
_T2CONbits                        00000000
_T3CON                            00000000
_T3CONbits                        00000000
_TABLAT                           00000000
_TBLPTRH                          00000000
_TBLPTRL                          00000000
_TBLPTRU                          00000000
_TMR0H                            00000000
_TMR0L                            00000000
_TMR1H                            00000000
_TMR1L                            00000000
_TMR2                             00000000
_TMR3H                            00000000
_TMR3L                            00000000
_TOSH                             00000000
_TOSL                             00000000
_TOSU                             00000000
_TRISA                            00000000
_TRISAbits                        00000000
_TRISB                            00000000
_TRISBbits                        00000000
_TRISC                            00000000
_TRISCbits                        00000000
_TXREG                            00000000
_TXSTA                            00000000
_TXSTAbits                        00000000
_WDTCON                           00000000
_WDTCONbits                       00000000
_WREG                             00000000
__18F2220                         00000001
_i2c_readchar                     00000000

Errors   :     0
Warnings :     0 reported,     0 suppressed
Messages :     0 reported,     0 suppressed

