gpasm-0.14.1 (Aug 18 2017)   libio18f1220_a-uputc.asm8-18-2017  19:25:17          PAGE  1


LOC  OBJECT CODE     LINE SOURCE TEXT
  VALUE

                      00001 ;--------------------------------------------------------
                      00002 ; File Created by SDCC : free open source ANSI-C Compiler
                      00003 ; Version 3.2.0 #8004 (Aug 18 2017) (MINGW32)
                      00004 ; This file was generated Fri Aug 18 19:25:17 2017
                      00005 ;--------------------------------------------------------
                      00006 ; PIC16 port for the Microchip 16-bit core micros
                      00007 ;--------------------------------------------------------
                      00008         list    p=18f1220
                      00009 
                      00010         radix dec
                      00011 
                      00012 ;--------------------------------------------------------
                      00013 ; public variables in this module
                      00014 ;--------------------------------------------------------
                      00015         global  _usart_putc
                      00016 
                      00017 ;--------------------------------------------------------
                      00018 ; extern variables in this module
                      00019 ;--------------------------------------------------------
                      00020         extern  _PORTAbits
                      00021         extern  _PORTBbits
                      00022         extern  _LATAbits
                      00023         extern  _LATBbits
                      00024         extern  _TRISAbits
                      00025         extern  _TRISBbits
                      00026         extern  _PIE1bits
                      00027         extern  _PIR1bits
                      00028         extern  _IPR1bits
                      00029         extern  _PIE2bits
                      00030         extern  _PIR2bits
                      00031         extern  _IPR2bits
                      00032         extern  _EECON1bits
                      00033         extern  _BAUDCTLbits
                      00034         extern  _RCSTAbits
                      00035         extern  _TXSTAbits
                      00036         extern  _T3CONbits
                      00037         extern  _ECCPASbits
                      00038         extern  _CCP1CONbits
                      00039         extern  _ADCON2bits
                      00040         extern  _ADCON1bits
                      00041         extern  _ADCON0bits
                      00042         extern  _T2CONbits
                      00043         extern  _T1CONbits
                      00044         extern  _RCONbits
                      00045         extern  _WDTCONbits
                      00046         extern  _LVDCONbits
                      00047         extern  _OSCCONbits
                      00048         extern  _T0CONbits
                      00049         extern  _STATUSbits
                      00050         extern  _INTCON3bits
                      00051         extern  _INTCON2bits
                      00052         extern  _INTCONbits
                      00053         extern  _STKPTRbits
gpasm-0.14.1 (Aug 18 2017)   libio18f1220_a-uputc.asm8-18-2017  19:25:17          PAGE  2


LOC  OBJECT CODE     LINE SOURCE TEXT
  VALUE

                      00054         extern  _USART_Status
                      00055         extern  _PORTA
                      00056         extern  _PORTB
                      00057         extern  _LATA
                      00058         extern  _LATB
                      00059         extern  _TRISA
                      00060         extern  _TRISB
                      00061         extern  _PIE1
                      00062         extern  _PIR1
                      00063         extern  _IPR1
                      00064         extern  _PIE2
                      00065         extern  _PIR2
                      00066         extern  _IPR2
                      00067         extern  _EECON1
                      00068         extern  _EECON2
                      00069         extern  _EEDATA
                      00070         extern  _EEADR
                      00071         extern  _BAUDCTL
                      00072         extern  _RCSTA
                      00073         extern  _TXSTA
                      00074         extern  _TXREG
                      00075         extern  _RCREG
                      00076         extern  _SPBRG
                      00077         extern  _SPBRGH
                      00078         extern  _T3CON
                      00079         extern  _TMR3L
                      00080         extern  _TMR3H
                      00081         extern  _ECCPAS
                      00082         extern  _CCP1CON
                      00083         extern  _CCPR1L
                      00084         extern  _CCPR1H
                      00085         extern  _ADCON2
                      00086         extern  _ADCON1
                      00087         extern  _ADCON0
                      00088         extern  _ADRESL
                      00089         extern  _ADRESH
                      00090         extern  _T2CON
                      00091         extern  _PR2
                      00092         extern  _TMR2
                      00093         extern  _T1CON
                      00094         extern  _TMR1L
                      00095         extern  _TMR1H
                      00096         extern  _RCON
                      00097         extern  _WDTCON
                      00098         extern  _LVDCON
                      00099         extern  _OSCCON
                      00100         extern  _T0CON
                      00101         extern  _TMR0L
                      00102         extern  _TMR0H
                      00103         extern  _STATUS
                      00104         extern  _FSR2L
                      00105         extern  _FSR2H
                      00106         extern  _PLUSW2
gpasm-0.14.1 (Aug 18 2017)   libio18f1220_a-uputc.asm8-18-2017  19:25:17          PAGE  3


LOC  OBJECT CODE     LINE SOURCE TEXT
  VALUE

                      00107         extern  _PREINC2
                      00108         extern  _POSTDEC2
                      00109         extern  _POSTINC2
                      00110         extern  _INDF2
                      00111         extern  _BSR
                      00112         extern  _FSR1L
                      00113         extern  _FSR1H
                      00114         extern  _PLUSW1
                      00115         extern  _PREINC1
                      00116         extern  _POSTDEC1
                      00117         extern  _POSTINC1
                      00118         extern  _INDF1
                      00119         extern  _WREG
                      00120         extern  _FSR0L
                      00121         extern  _FSR0H
                      00122         extern  _PLUSW0
                      00123         extern  _PREINC0
                      00124         extern  _POSTDEC0
                      00125         extern  _POSTINC0
                      00126         extern  _INDF0
                      00127         extern  _INTCON3
                      00128         extern  _INTCON2
                      00129         extern  _INTCON
                      00130         extern  _PRODL
                      00131         extern  _PRODH
                      00132         extern  _TABLAT
                      00133         extern  _TBLPTRL
                      00134         extern  _TBLPTRH
                      00135         extern  _TBLPTRU
                      00136         extern  _PCL
                      00137         extern  _PCLATH
                      00138         extern  _PCLATU
                      00139         extern  _STKPTR
                      00140         extern  _TOSL
                      00141         extern  _TOSH
                      00142         extern  _TOSU
                      00143 
                      00144 ;--------------------------------------------------------
                      00145 ; global & static initialisations
                      00146 ;--------------------------------------------------------
                      00147 ; I code from now on!
                      00148 ; ; Starting pCode block
                      00149 ; ;ic:1:  _entry($2) :
                      00150 ; ;ic:2:        proc _usart_putc [k1 lr0:0 so:0]{ ia0 a2p0 re0 rm0 nos0 ru0 dp0}{void function ( unsigned-char fixed) fixed}
                      00151 S_uputc__usart_putc     code
000000                00152 _usart_putc:
                      00153 ; ;ic:3: inline
000000 AC00           00154         btfss _TXSTAbits, 6
000002 D000           00155         bra _01_
000004 9000           00156         bcf _TXSTAbits, 0
000006 0100           00157         banksel _USART_Status
000008 B300           00158         btfsc _USART_Status, 1, b
00000A 8000           00159         bsf _TXSTAbits, 0
gpasm-0.14.1 (Aug 18 2017)   libio18f1220_a-uputc.asm8-18-2017  19:25:17          PAGE  4


LOC  OBJECT CODE     LINE SOURCE TEXT
  VALUE

00000C                00160 _01_:
00000C 6E00           00161         movwf _TXREG
00000E 0012           00162         return
                      00163         
                      00164 ; ;ic:4:  _return($1) :
                      00165 ; ;ic:5:        eproc _usart_putc [k1 lr0:0 so:0]{ ia0 a2p0 re0 rm0 nos0 ru0 dp0}{void function ( unsigned-char fixed) fixed}
                      00166 
                      00167 
                      00168 ; Statistics:
                      00169 ; code size:       20 (0x0014) bytes ( 0.02%)
                      00170 ;                  10 (0x000a) words
                      00171 ; udata size:       0 (0x0000) bytes ( 0.00%)
                      00172 ; access size:      0 (0x0000) bytes
                      00173 
                      00174 
                      00175         end
gpasm-0.14.1 (Aug 18 2017)   libio18f1220_a-uputc.asm8-18-2017  19:25:17          PAGE  5


SYMBOL TABLE
  LABEL                             VALUE

_01_                              0000000C
_ADCON0                           00000000
_ADCON0bits                       00000000
_ADCON1                           00000000
_ADCON1bits                       00000000
_ADCON2                           00000000
_ADCON2bits                       00000000
_ADRESH                           00000000
_ADRESL                           00000000
_BAUDCTL                          00000000
_BAUDCTLbits                      00000000
_BSR                              00000000
_CCP1CON                          00000000
_CCP1CONbits                      00000000
_CCPR1H                           00000000
_CCPR1L                           00000000
_ECCPAS                           00000000
_ECCPASbits                       00000000
_EEADR                            00000000
_EECON1                           00000000
_EECON1bits                       00000000
_EECON2                           00000000
_EEDATA                           00000000
_FSR0H                            00000000
_FSR0L                            00000000
_FSR1H                            00000000
_FSR1L                            00000000
_FSR2H                            00000000
_FSR2L                            00000000
_INDF0                            00000000
_INDF1                            00000000
_INDF2                            00000000
_INTCON                           00000000
_INTCON2                          00000000
_INTCON2bits                      00000000
_INTCON3                          00000000
_INTCON3bits                      00000000
_INTCONbits                       00000000
_IPR1                             00000000
_IPR1bits                         00000000
_IPR2                             00000000
_IPR2bits                         00000000
_LATA                             00000000
_LATAbits                         00000000
_LATB                             00000000
_LATBbits                         00000000
_LVDCON                           00000000
_LVDCONbits                       00000000
_OSCCON                           00000000
_OSCCONbits                       00000000
_PCL                              00000000
_PCLATH                           00000000
_PCLATU                           00000000
gpasm-0.14.1 (Aug 18 2017)   libio18f1220_a-uputc.asm8-18-2017  19:25:17          PAGE  6


SYMBOL TABLE
  LABEL                             VALUE 

_PIE1                             00000000
_PIE1bits                         00000000
_PIE2                             00000000
_PIE2bits                         00000000
_PIR1                             00000000
_PIR1bits                         00000000
_PIR2                             00000000
_PIR2bits                         00000000
_PLUSW0                           00000000
_PLUSW1                           00000000
_PLUSW2                           00000000
_PORTA                            00000000
_PORTAbits                        00000000
_PORTB                            00000000
_PORTBbits                        00000000
_POSTDEC0                         00000000
_POSTDEC1                         00000000
_POSTDEC2                         00000000
_POSTINC0                         00000000
_POSTINC1                         00000000
_POSTINC2                         00000000
_PR2                              00000000
_PREINC0                          00000000
_PREINC1                          00000000
_PREINC2                          00000000
_PRODH                            00000000
_PRODL                            00000000
_RCON                             00000000
_RCONbits                         00000000
_RCREG                            00000000
_RCSTA                            00000000
_RCSTAbits                        00000000
_SPBRG                            00000000
_SPBRGH                           00000000
_STATUS                           00000000
_STATUSbits                       00000000
_STKPTR                           00000000
_STKPTRbits                       00000000
_T0CON                            00000000
_T0CONbits                        00000000
_T1CON                            00000000
_T1CONbits                        00000000
_T2CON                            00000000
_T2CONbits                        00000000
_T3CON                            00000000
_T3CONbits                        00000000
_TABLAT                           00000000
_TBLPTRH                          00000000
_TBLPTRL                          00000000
_TBLPTRU                          00000000
_TMR0H                            00000000
_TMR0L                            00000000
_TMR1H                            00000000
gpasm-0.14.1 (Aug 18 2017)   libio18f1220_a-uputc.asm8-18-2017  19:25:17          PAGE  7


SYMBOL TABLE
  LABEL                             VALUE 

_TMR1L                            00000000
_TMR2                             00000000
_TMR3H                            00000000
_TMR3L                            00000000
_TOSH                             00000000
_TOSL                             00000000
_TOSU                             00000000
_TRISA                            00000000
_TRISAbits                        00000000
_TRISB                            00000000
_TRISBbits                        00000000
_TXREG                            00000000
_TXSTA                            00000000
_TXSTAbits                        00000000
_USART_Status                     00000000
_WDTCON                           00000000
_WDTCONbits                       00000000
_WREG                             00000000
__18F1220                         00000001
_usart_putc                       00000000

Errors   :     0
Warnings :     0 reported,     0 suppressed
Messages :     0 reported,     0 suppressed

