gpasm-0.14.1 (Aug 18 2017)   libio18f2220_a-i2creads.asm8-18-2017  19:27:47          PAGE  1


LOC  OBJECT CODE     LINE SOURCE TEXT
  VALUE

                      00001 ;--------------------------------------------------------
                      00002 ; File Created by SDCC : free open source ANSI-C Compiler
                      00003 ; Version 3.2.0 #8004 (Aug 18 2017) (MINGW32)
                      00004 ; This file was generated Fri Aug 18 19:27:47 2017
                      00005 ;--------------------------------------------------------
                      00006 ; PIC16 port for the Microchip 16-bit core micros
                      00007 ;--------------------------------------------------------
                      00008         list    p=18f2220
                      00009 
                      00010         radix dec
                      00011 
                      00012 ;--------------------------------------------------------
                      00013 ; public variables in this module
                      00014 ;--------------------------------------------------------
                      00015         global  _i2c_readstr
                      00016 
                      00017 ;--------------------------------------------------------
                      00018 ; extern variables in this module
                      00019 ;--------------------------------------------------------
                      00020         extern  _PORTAbits
                      00021         extern  _PORTBbits
                      00022         extern  _PORTCbits
                      00023         extern  _LATAbits
                      00024         extern  _LATBbits
                      00025         extern  _LATCbits
                      00026         extern  _TRISAbits
                      00027         extern  _TRISBbits
                      00028         extern  _TRISCbits
                      00029         extern  _OSCTUNEbits
                      00030         extern  _PIE1bits
                      00031         extern  _PIR1bits
                      00032         extern  _IPR1bits
                      00033         extern  _PIE2bits
                      00034         extern  _PIR2bits
                      00035         extern  _IPR2bits
                      00036         extern  _EECON1bits
                      00037         extern  _RCSTAbits
                      00038         extern  _TXSTAbits
                      00039         extern  _T3CONbits
                      00040         extern  _CMCONbits
                      00041         extern  _CVRCONbits
                      00042         extern  _CCP2CONbits
                      00043         extern  _CCP1CONbits
                      00044         extern  _ADCON2bits
                      00045         extern  _ADCON1bits
                      00046         extern  _ADCON0bits
                      00047         extern  _SSPCON2bits
                      00048         extern  _SSPCON1bits
                      00049         extern  _SSPSTATbits
                      00050         extern  _T2CONbits
                      00051         extern  _T1CONbits
                      00052         extern  _RCONbits
                      00053         extern  _WDTCONbits
gpasm-0.14.1 (Aug 18 2017)   libio18f2220_a-i2creads.asm8-18-2017  19:27:47          PAGE  2


LOC  OBJECT CODE     LINE SOURCE TEXT
  VALUE

                      00054         extern  _LVDCONbits
                      00055         extern  _OSCCONbits
                      00056         extern  _T0CONbits
                      00057         extern  _STATUSbits
                      00058         extern  _INTCON3bits
                      00059         extern  _INTCON2bits
                      00060         extern  _INTCONbits
                      00061         extern  _STKPTRbits
                      00062         extern  _PORTA
                      00063         extern  _PORTB
                      00064         extern  _PORTC
                      00065         extern  _LATA
                      00066         extern  _LATB
                      00067         extern  _LATC
                      00068         extern  _TRISA
                      00069         extern  _TRISB
                      00070         extern  _TRISC
                      00071         extern  _OSCTUNE
                      00072         extern  _PIE1
                      00073         extern  _PIR1
                      00074         extern  _IPR1
                      00075         extern  _PIE2
                      00076         extern  _PIR2
                      00077         extern  _IPR2
                      00078         extern  _EECON1
                      00079         extern  _EECON2
                      00080         extern  _EEDATA
                      00081         extern  _EEADR
                      00082         extern  _RCSTA
                      00083         extern  _TXSTA
                      00084         extern  _TXREG
                      00085         extern  _RCREG
                      00086         extern  _SPBRG
                      00087         extern  _T3CON
                      00088         extern  _TMR3L
                      00089         extern  _TMR3H
                      00090         extern  _CMCON
                      00091         extern  _CVRCON
                      00092         extern  _CCP2CON
                      00093         extern  _CCPR2L
                      00094         extern  _CCPR2H
                      00095         extern  _CCP1CON
                      00096         extern  _CCPR1L
                      00097         extern  _CCPR1H
                      00098         extern  _ADCON2
                      00099         extern  _ADCON1
                      00100         extern  _ADCON0
                      00101         extern  _ADRESL
                      00102         extern  _ADRESH
                      00103         extern  _SSPCON2
                      00104         extern  _SSPCON1
                      00105         extern  _SSPSTAT
                      00106         extern  _SSPADD
gpasm-0.14.1 (Aug 18 2017)   libio18f2220_a-i2creads.asm8-18-2017  19:27:47          PAGE  3


LOC  OBJECT CODE     LINE SOURCE TEXT
  VALUE

                      00107         extern  _SSPBUF
                      00108         extern  _T2CON
                      00109         extern  _PR2
                      00110         extern  _TMR2
                      00111         extern  _T1CON
                      00112         extern  _TMR1L
                      00113         extern  _TMR1H
                      00114         extern  _RCON
                      00115         extern  _WDTCON
                      00116         extern  _LVDCON
                      00117         extern  _OSCCON
                      00118         extern  _T0CON
                      00119         extern  _TMR0L
                      00120         extern  _TMR0H
                      00121         extern  _STATUS
                      00122         extern  _FSR2L
                      00123         extern  _FSR2H
                      00124         extern  _PLUSW2
                      00125         extern  _PREINC2
                      00126         extern  _POSTDEC2
                      00127         extern  _POSTINC2
                      00128         extern  _INDF2
                      00129         extern  _BSR
                      00130         extern  _FSR1L
                      00131         extern  _FSR1H
                      00132         extern  _PLUSW1
                      00133         extern  _PREINC1
                      00134         extern  _POSTDEC1
                      00135         extern  _POSTINC1
                      00136         extern  _INDF1
                      00137         extern  _WREG
                      00138         extern  _FSR0L
                      00139         extern  _FSR0H
                      00140         extern  _PLUSW0
                      00141         extern  _PREINC0
                      00142         extern  _POSTDEC0
                      00143         extern  _POSTINC0
                      00144         extern  _INDF0
                      00145         extern  _INTCON3
                      00146         extern  _INTCON2
                      00147         extern  _INTCON
                      00148         extern  _PRODL
                      00149         extern  _PRODH
                      00150         extern  _TABLAT
                      00151         extern  _TBLPTRL
                      00152         extern  _TBLPTRH
                      00153         extern  _TBLPTRU
                      00154         extern  _PCL
                      00155         extern  _PCLATH
                      00156         extern  _PCLATU
                      00157         extern  _STKPTR
                      00158         extern  _TOSL
                      00159         extern  _TOSH
gpasm-0.14.1 (Aug 18 2017)   libio18f2220_a-i2creads.asm8-18-2017  19:27:47          PAGE  4


LOC  OBJECT CODE     LINE SOURCE TEXT
  VALUE

                      00160         extern  _TOSU
                      00161         extern  _i2c_readchar
                      00162 
                      00163 ;--------------------------------------------------------
                      00164 ;       Equates to used internal registers
                      00165 ;--------------------------------------------------------
  00000FD8            00166 STATUS  equ     0xfd8
  00000FE8            00167 WREG    equ     0xfe8
  00000FE9            00168 FSR0L   equ     0xfe9
  00000FEA            00169 FSR0H   equ     0xfea
  00000FE1            00170 FSR1L   equ     0xfe1
  00000FD9            00171 FSR2L   equ     0xfd9
  00000FEF            00172 INDF0   equ     0xfef
  00000FE5            00173 POSTDEC1        equ     0xfe5
  00000FE4            00174 PREINC1 equ     0xfe4
  00000FDB            00175 PLUSW2  equ     0xfdb
                      00176 
                      00177 
                      00178 ; Internal registers
                      00179 .registers      udata_ovr       0x0000
000000                00180 r0x00   res     1
000001                00181 r0x01   res     1
000002                00182 r0x02   res     1
000003                00183 r0x03   res     1
000004                00184 r0x04   res     1
                      00185 
                      00186 ;--------------------------------------------------------
                      00187 ; global & static initialisations
                      00188 ;--------------------------------------------------------
                      00189 ; I code from now on!
                      00190 ; ; Starting pCode block
                      00191 ; ;ic:1:  _entry($18) :
                      00192 ; ;ic:2:        proc _i2c_readstr [k1 lr0:0 so:0]{ ia0 a2p0 re0 rm0 nos0 ru0 dp0}{char function ( unsigned-char near* fixed, unsigned-char fixed) fixed}
                      00193 S_i2creads__i2c_readstr code
000000                00194 _i2c_readstr:
                      00195 ;       .line   33; i2c/i2creads.c      char i2c_readstr(_I2CPARAM_SPEC unsigned char *ptr, unsigned char len)
000000 CFD9 FFE5      00196         MOVFF   FSR2L, POSTDEC1
000004 CFE1 FFD9      00197         MOVFF   FSR1L, FSR2L
000008 C000 FFE5      00198         MOVFF   r0x00, POSTDEC1
00000C C000 FFE5      00199         MOVFF   r0x01, POSTDEC1
000010 C000 FFE5      00200         MOVFF   r0x02, POSTDEC1
000014 C000 FFE5      00201         MOVFF   r0x03, POSTDEC1
000018 C000 FFE5      00202         MOVFF   r0x04, POSTDEC1
                      00203 ; ;ic:3: iTemp6 [k11 lr3:42 so:0]{ ia0 a2p0 re0 rm0 nos0 ru0 dp0}{unsigned-char near* fixed}[r0x00 r0x01 ] = recv _i2c_readstr [k1 lr0:0 so:0]{ ia0 a2p0 re0 rm0 nos0 ru0 dp0}{char function ( unsigned-char near* fixed, unsigned-char fixed) fixed}
00001C 0E02           00204         MOVLW   0x02
00001E CFDB F000      00205         MOVFF   PLUSW2, r0x00
000022 0E03           00206         MOVLW   0x03
000024 CFDB F000      00207         MOVFF   PLUSW2, r0x01
                      00208 ; ;ic:4: iTemp4 [k9 lr4:42 so:0]{ ia0 a2p0 re0 rm0 nos0 ru0 dp0}{unsigned-char fixed}[r0x02 ] = recv _i2c_readstr [k1 lr0:0 so:0]{ ia0 a2p0 re0 rm0 nos0 ru0 dp0}{char function ( unsigned-char near* fixed, unsigned-char fixed) fixed}
000028 0E04           00209         MOVLW   0x04
00002A CFDB F000      00210         MOVFF   PLUSW2, r0x02
                      00211 ; ;ic:5:        iTemp2 [k6 lr5:44 so:0]{ ia0 a2p0 re1 rm0 nos0 ru0 dp0}{unsigned-char fixed}{ sir@ _i2c_readstr_count_1_15}[r0x03 ] := 0x0 {const-unsigned-char literal}
                      00212 ;       .line   35; i2c/i2creads.c      unsigned char count=0;
gpasm-0.14.1 (Aug 18 2017)   libio18f2220_a-i2creads.asm8-18-2017  19:27:47          PAGE  5


LOC  OBJECT CODE     LINE SOURCE TEXT
  VALUE

00002E 6A00           00213         CLRF    r0x03
                      00214 ; ;ic:7:  _whilecontinue_0($14) :
                      00215 ; ;ic:8:        iTemp3 [k8 lr8:10 so:0]{ ia0 a2p0 re0 rm0 nos1 ru0 dp0}{unsigned-char fixed}[r0x04 ] := iTemp4 [k9 lr4:42 so:0]{ ia0 a2p0 re0 rm0 nos0 ru0 dp0}{unsigned-char fixed}[r0x02 ]
000030                00216 _00118_DS_:
                      00217 ;       .line   37; i2c/i2creads.c      while( len-- ) {
000030 C000 F000      00218         MOVFF   r0x02, r0x04
                      00219 ; ;ic:9:        iTemp4 [k9 lr4:42 so:0]{ ia0 a2p0 re0 rm0 nos0 ru0 dp0}{unsigned-char fixed}[r0x02 ] = iTemp4 [k9 lr4:42 so:0]{ ia0 a2p0 re0 rm0 nos0 ru0 dp0}{unsigned-char fixed}[r0x02 ] - 0x1 {const-unsigned-char literal}
000034 0600           00220         DECF    r0x02, F
                      00221 ; ;ic:10:       if iTemp3 [k8 lr8:10 so:0]{ ia0 a2p0 re0 rm0 nos1 ru0 dp0}{unsigned-char fixed}[r0x04 ] == 0 goto _whilebreak_0($16)
000036 5000           00222         MOVF    r0x04, W
000038 E000           00223         BZ      _00120_DS_
                      00224 ; ;ic:11:       iTemp7 [k13 lr11:12 so:0]{ ia0 a2p0 re0 rm0 nos0 ru0 dp0}{unsigned-char fixed}[r0x04 ] = call _i2c_readchar [k12 lr0:0 so:0]{ ia0 a2p0 re0 rm0 nos0 ru0 dp0}{unsigned-char function ( ) fixed}
                      00225 ;       .line   38; i2c/i2creads.c      *ptr++ = i2c_readchar();
00003A EC00 F000      00226         CALL    _i2c_readchar
00003E 6E00           00227         MOVWF   r0x04
                      00228 ; ;ic:12:       *(iTemp6 [k11 lr3:42 so:0]{ ia1 a2p0 re0 rm0 nos0 ru0 dp0}{unsigned-char near* fixed}[r0x00 r0x01 ]) := iTemp7 [k13 lr11:12 so:0]{ ia0 a2p0 re0 rm0 nos0 ru0 dp0}{unsigned-char fixed}[r0x04 ]
000040 C000 FFE9      00229         MOVFF   r0x00, FSR0L
000044 C000 FFEA      00230         MOVFF   r0x01, FSR0H
000048 C000 FFEF      00231         MOVFF   r0x04, INDF0
                      00232 ; ;ic:13:       iTemp6 [k11 lr3:42 so:0]{ ia0 a2p0 re0 rm0 nos0 ru0 dp0}{unsigned-char near* fixed}[r0x00 r0x01 ] = iTemp6 [k11 lr3:42 so:0]{ ia0 a2p0 re0 rm0 nos0 ru0 dp0}{unsigned-char near* fixed}[r0x00 r0x01 ] + 0x1 {const-unsigned-char literal}
00004C 4A00           00233         INFSNZ  r0x00, F
00004E 2A00           00234         INCF    r0x01, F
                      00235 ; ;ic:14:       iTemp15 [k25 lr14:42 so:0]{ ia0 a2p0 re0 rm0 nos0 ru0 dp0}{unsigned-char fixed}[r0x04 ] := iTemp2 [k6 lr5:44 so:0]{ ia0 a2p0 re1 rm0 nos0 ru0 dp0}{unsigned-char fixed}{ sir@ _i2c_readstr_count_1_15}[r0x03 ]
                      00236 ;       .line   40; i2c/i2creads.c      while(SSPCON2bits.RCEN) {
000050 C000 F000      00237         MOVFF   r0x03, r0x04
                      00238 ; ;ic:16:  _whilecontinue_1($11) :
                      00239 ; ;ic:17:       iTemp8 [k15 lr17:18 so:0]{ ia0 a2p0 re0 rm1 nos0 ru0 dp0}{volatile-unsigned-bitfield {3,1} near* fixed}[remat] = &[_SSPCON2bits [k14 lr0:0 so:0]{ ia0 a2p0 re0 rm0 nos0 ru0 dp0}{volatile-struct __00000114 fixed}]
                      00240 ; ;ic:18:       iTemp9 [k17 lr18:19 so:0]{ ia0 a2p0 re0 rm1 nos0 ru0 dp0}{volatile-unsigned-bitfield {3,1} near* fixed}[remat] := iTemp8 [k15 lr17:18 so:0]{ ia0 a2p0 re0 rm1 nos0 ru0 dp0}{volatile-unsigned-bitfield {3,1} near* fixed}[remat]
                      00241 ; ;ic:19:       iTemp10 [k18 lr19:20 so:0]{ ia0 a2p0 re0 rm0 nos0 ru0 dp0}{volatile-unsigned-bitfield {3,1} fixed}[bad ] = @[iTemp9 [k17 lr18:19 so:0]{ ia1 a2p0 re0 rm1 nos0 ru0 dp0}{volatile-unsigned-bitfield {3,1} near* fixed}[remat] + 0x0 {const-unsigned-char literal}]
000054                00242 _00115_DS_:
000054 A600           00243         BTFSS   _SSPCON2bits, 3
000056 D000           00244         BRA     _00118_DS_
                      00245 ; ;ic:20:       if iTemp10 [k18 lr19:20 so:0]{ ia0 a2p0 re0 rm0 nos0 ru0 dp0}{volatile-unsigned-bitfield {3,1} fixed}[bad ] == 0 goto _whilecontinue_0($14)
                      00246 ; ;ic:21:       iTemp11 [k20 lr21:22 so:0]{ ia0 a2p0 re0 rm1 nos0 ru0 dp0}{volatile-unsigned-bitfield {3,1} near* fixed}[remat] = &[_PIR2bits [k19 lr0:0 so:0]{ ia0 a2p0 re0 rm0 nos0 ru0 dp0}{volatile-struct __00000058 fixed}]
                      00247 ; ;ic:22:       iTemp12 [k22 lr22:23 so:0]{ ia0 a2p0 re0 rm1 nos0 ru0 dp0}{volatile-unsigned-bitfield {3,1} near* fixed}[remat] := iTemp11 [k20 lr21:22 so:0]{ ia0 a2p0 re0 rm1 nos0 ru0 dp0}{volatile-unsigned-bitfield {3,1} near* fixed}[remat]
                      00248 ; ;ic:23:       iTemp13 [k23 lr23:24 so:0]{ ia0 a2p0 re0 rm0 nos0 ru0 dp0}{volatile-unsigned-bitfield {3,1} fixed}[bad ] = @[iTemp12 [k22 lr22:23 so:0]{ ia1 a2p0 re0 rm1 nos0 ru0 dp0}{volatile-unsigned-bitfield {3,1} near* fixed}[remat] + 0x0 {const-unsigned-char literal}]
                      00249 ;       .line   41; i2c/i2creads.c      if(PIR2bits.BCLIF)return (-1);
000058 A600           00250         BTFSS   _PIR2bits, 3
00005A D000           00251         BRA     _00106_DS_
                      00252 ; ;ic:24:       if iTemp13 [k23 lr23:24 so:0]{ ia0 a2p0 re0 rm0 nos0 ru0 dp0}{volatile-unsigned-bitfield {3,1} fixed}[bad ] == 0 goto _iffalse_0($2)
                      00253 ; ;ic:25:       ret 0xffffffff {const-char literal}
00005C 68E8           00254         SETF    WREG
00005E D000           00255         BRA     _00121_DS_
                      00256 ; ;ic:26:  _iffalse_0($2) :
                      00257 ; ;ic:27:       iTemp15 [k25 lr14:42 so:0]{ ia0 a2p0 re0 rm0 nos0 ru0 dp0}{unsigned-char fixed}[r0x04 ] = iTemp15 [k25 lr14:42 so:0]{ ia0 a2p0 re0 rm0 nos0 ru0 dp0}{unsigned-char fixed}[r0x04 ] + 0x1 {const-unsigned-char literal}
000060                00258 _00106_DS_:
                      00259 ;       .line   42; i2c/i2creads.c      count++;
000060 2A00           00260         INCF    r0x04, F
                      00261 ; ;ic:28:       iTemp2 [k6 lr5:44 so:0]{ ia0 a2p0 re1 rm0 nos0 ru0 dp0}{unsigned-char fixed}{ sir@ _i2c_readstr_count_1_15}[r0x03 ] := iTemp15 [k25 lr14:42 so:0]{ ia0 a2p0 re0 rm0 nos0 ru0 dp0}{unsigned-char fixed}[r0x04 ]
000062 C000 F000      00262         MOVFF   r0x04, r0x03
                      00263 ; ;ic:29:       if iTemp4 [k9 lr4:42 so:0]{ ia0 a2p0 re0 rm0 nos0 ru0 dp0}{unsigned-char fixed}[r0x02 ] == 0 goto _whilecontinue_1($11)
                      00264 ;       .line   44; i2c/i2creads.c      if(len) {
000066 5000           00265         MOVF    r0x02, W
gpasm-0.14.1 (Aug 18 2017)   libio18f2220_a-i2creads.asm8-18-2017  19:27:47          PAGE  6


LOC  OBJECT CODE     LINE SOURCE TEXT
  VALUE

000068 E000           00266         BZ      _00115_DS_
                      00267 ; ;ic:30:       iTemp16 [k26 lr30:31 so:0]{ ia0 a2p0 re0 rm1 nos0 ru0 dp0}{volatile-unsigned-bitfield {5,1} near* fixed}[remat] = &[_SSPCON2bits [k14 lr0:0 so:0]{ ia0 a2p0 re0 rm0 nos0 ru0 dp0}{volatile-struct __00000114 fixed}]
                      00268 ; ;ic:31:       iTemp17 [k28 lr31:32 so:0]{ ia0 a2p0 re0 rm1 nos0 ru0 dp0}{volatile-unsigned-bitfield {5,1} near* fixed}[remat] := iTemp16 [k26 lr30:31 so:0]{ ia0 a2p0 re0 rm1 nos0 ru0 dp0}{volatile-unsigned-bitfield {5,1} near* fixed}[remat]
                      00269 ; ;ic:32:       *(iTemp17 [k28 lr31:32 so:0]{ ia1 a2p0 re0 rm1 nos0 ru0 dp0}{volatile-unsigned-bitfield {5,1} near* fixed}[remat]) := 0x0 {const-unsigned-char literal}
                      00270 ;       .line   45; i2c/i2creads.c      I2C_ACK();
00006A 9A00           00271         BCF     _SSPCON2bits, 5
                      00272 ; ;ic:33:       iTemp18 [k29 lr33:34 so:0]{ ia0 a2p0 re0 rm1 nos0 ru0 dp0}{volatile-unsigned-bitfield {4,1} near* fixed}[remat] = &[_SSPCON2bits [k14 lr0:0 so:0]{ ia0 a2p0 re0 rm0 nos0 ru0 dp0}{volatile-struct __00000114 fixed}]
                      00273 ; ;ic:34:       iTemp19 [k31 lr34:35 so:0]{ ia0 a2p0 re0 rm1 nos0 ru0 dp0}{volatile-unsigned-bitfield {4,1} near* fixed}[remat] := iTemp18 [k29 lr33:34 so:0]{ ia0 a2p0 re0 rm1 nos0 ru0 dp0}{volatile-unsigned-bitfield {4,1} near* fixed}[remat]
                      00274 ; ;ic:35:       *(iTemp19 [k31 lr34:35 so:0]{ ia1 a2p0 re0 rm1 nos0 ru0 dp0}{volatile-unsigned-bitfield {4,1} near* fixed}[remat]) := 0x1 {const-unsigned-char literal}
00006C 8800           00275         BSF     _SSPCON2bits, 4
                      00276 ; ;ic:37:  _whilecontinue_2($6) :
                      00277 ; ;ic:38:       iTemp20 [k32 lr38:39 so:0]{ ia0 a2p0 re0 rm1 nos0 ru0 dp0}{volatile-unsigned-bitfield {4,1} near* fixed}[remat] = &[_SSPCON2bits [k14 lr0:0 so:0]{ ia0 a2p0 re0 rm0 nos0 ru0 dp0}{volatile-struct __00000114 fixed}]
                      00278 ; ;ic:39:       iTemp21 [k34 lr39:40 so:0]{ ia0 a2p0 re0 rm1 nos0 ru0 dp0}{volatile-unsigned-bitfield {4,1} near* fixed}[remat] := iTemp20 [k32 lr38:39 so:0]{ ia0 a2p0 re0 rm1 nos0 ru0 dp0}{volatile-unsigned-bitfield {4,1} near* fixed}[remat]
                      00279 ; ;ic:40:       iTemp22 [k35 lr40:41 so:0]{ ia0 a2p0 re0 rm0 nos0 ru0 dp0}{volatile-unsigned-bitfield {4,1} fixed}[bad ] = @[iTemp21 [k34 lr39:40 so:0]{ ia1 a2p0 re0 rm1 nos0 ru0 dp0}{volatile-unsigned-bitfield {4,1} near* fixed}[remat] + 0x0 {const-unsigned-char literal}]
00006E                00280 _00110_DS_:
                      00281 ;       .line   46; i2c/i2creads.c      while(SSPCON2bits.ACKEN);
00006E B800           00282         BTFSC   _SSPCON2bits, 4
000070 D000           00283         BRA     _00110_DS_
                      00284 ; ;ic:41:       if iTemp22 [k35 lr40:41 so:0]{ ia0 a2p0 re0 rm0 nos0 ru0 dp0}{volatile-unsigned-bitfield {4,1} fixed}[bad ] != 0 goto _whilecontinue_2($6)
                      00285 ; ;ic:42:        goto _whilecontinue_1($11)
000072 D000           00286         BRA     _00115_DS_
                      00287 ; ;ic:43:  _whilebreak_0($16) :
                      00288 ; ;ic:44:       ret iTemp2 [k6 lr5:44 so:0]{ ia0 a2p0 re1 rm0 nos0 ru0 dp0}{unsigned-char fixed}{ sir@ _i2c_readstr_count_1_15}[r0x03 ]
000074                00289 _00120_DS_:
                      00290 ;       .line   51; i2c/i2creads.c      return count;
000074 5000           00291         MOVF    r0x03, W
                      00292 ; ;ic:45:  _return($17) :
                      00293 ; ;ic:46:       eproc _i2c_readstr [k1 lr0:0 so:0]{ ia0 a2p0 re0 rm0 nos0 ru0 dp0}{char function ( unsigned-char near* fixed, unsigned-char fixed) fixed}
000076                00294 _00121_DS_:
000076 CFE4 F000      00295         MOVFF   PREINC1, r0x04
00007A CFE4 F000      00296         MOVFF   PREINC1, r0x03
00007E CFE4 F000      00297         MOVFF   PREINC1, r0x02
000082 CFE4 F000      00298         MOVFF   PREINC1, r0x01
000086 CFE4 F000      00299         MOVFF   PREINC1, r0x00
00008A CFE4 FFD9      00300         MOVFF   PREINC1, FSR2L
00008E 0012           00301         RETURN  
                      00302 
                      00303 
                      00304 
                      00305 ; Statistics:
                      00306 ; code size:      144 (0x0090) bytes ( 0.11%)
                      00307 ;                  72 (0x0048) words
                      00308 ; udata size:       0 (0x0000) bytes ( 0.00%)
                      00309 ; access size:      5 (0x0005) bytes
                      00310 
                      00311 
                      00312         end
gpasm-0.14.1 (Aug 18 2017)   libio18f2220_a-i2creads.asm8-18-2017  19:27:47          PAGE  7


SYMBOL TABLE
  LABEL                             VALUE

FSR0H                             00000FEA
FSR0L                             00000FE9
FSR1L                             00000FE1
FSR2L                             00000FD9
INDF0                             00000FEF
PLUSW2                            00000FDB
POSTDEC1                          00000FE5
PREINC1                           00000FE4
STATUS                            00000FD8
WREG                              00000FE8
_00106_DS_                        00000060
_00110_DS_                        0000006E
_00115_DS_                        00000054
_00118_DS_                        00000030
_00120_DS_                        00000074
_00121_DS_                        00000076
_ADCON0                           00000000
_ADCON0bits                       00000000
_ADCON1                           00000000
_ADCON1bits                       00000000
_ADCON2                           00000000
_ADCON2bits                       00000000
_ADRESH                           00000000
_ADRESL                           00000000
_BSR                              00000000
_CCP1CON                          00000000
_CCP1CONbits                      00000000
_CCP2CON                          00000000
_CCP2CONbits                      00000000
_CCPR1H                           00000000
_CCPR1L                           00000000
_CCPR2H                           00000000
_CCPR2L                           00000000
_CMCON                            00000000
_CMCONbits                        00000000
_CVRCON                           00000000
_CVRCONbits                       00000000
_EEADR                            00000000
_EECON1                           00000000
_EECON1bits                       00000000
_EECON2                           00000000
_EEDATA                           00000000
_FSR0H                            00000000
_FSR0L                            00000000
_FSR1H                            00000000
_FSR1L                            00000000
_FSR2H                            00000000
_FSR2L                            00000000
_INDF0                            00000000
_INDF1                            00000000
_INDF2                            00000000
_INTCON                           00000000
_INTCON2                          00000000
gpasm-0.14.1 (Aug 18 2017)   libio18f2220_a-i2creads.asm8-18-2017  19:27:47          PAGE  8


SYMBOL TABLE
  LABEL                             VALUE 

_INTCON2bits                      00000000
_INTCON3                          00000000
_INTCON3bits                      00000000
_INTCONbits                       00000000
_IPR1                             00000000
_IPR1bits                         00000000
_IPR2                             00000000
_IPR2bits                         00000000
_LATA                             00000000
_LATAbits                         00000000
_LATB                             00000000
_LATBbits                         00000000
_LATC                             00000000
_LATCbits                         00000000
_LVDCON                           00000000
_LVDCONbits                       00000000
_OSCCON                           00000000
_OSCCONbits                       00000000
_OSCTUNE                          00000000
_OSCTUNEbits                      00000000
_PCL                              00000000
_PCLATH                           00000000
_PCLATU                           00000000
_PIE1                             00000000
_PIE1bits                         00000000
_PIE2                             00000000
_PIE2bits                         00000000
_PIR1                             00000000
_PIR1bits                         00000000
_PIR2                             00000000
_PIR2bits                         00000000
_PLUSW0                           00000000
_PLUSW1                           00000000
_PLUSW2                           00000000
_PORTA                            00000000
_PORTAbits                        00000000
_PORTB                            00000000
_PORTBbits                        00000000
_PORTC                            00000000
_PORTCbits                        00000000
_POSTDEC0                         00000000
_POSTDEC1                         00000000
_POSTDEC2                         00000000
_POSTINC0                         00000000
_POSTINC1                         00000000
_POSTINC2                         00000000
_PR2                              00000000
_PREINC0                          00000000
_PREINC1                          00000000
_PREINC2                          00000000
_PRODH                            00000000
_PRODL                            00000000
_RCON                             00000000
gpasm-0.14.1 (Aug 18 2017)   libio18f2220_a-i2creads.asm8-18-2017  19:27:47          PAGE  9


SYMBOL TABLE
  LABEL                             VALUE 

_RCONbits                         00000000
_RCREG                            00000000
_RCSTA                            00000000
_RCSTAbits                        00000000
_SPBRG                            00000000
_SSPADD                           00000000
_SSPBUF                           00000000
_SSPCON1                          00000000
_SSPCON1bits                      00000000
_SSPCON2                          00000000
_SSPCON2bits                      00000000
_SSPSTAT                          00000000
_SSPSTATbits                      00000000
_STATUS                           00000000
_STATUSbits                       00000000
_STKPTR                           00000000
_STKPTRbits                       00000000
_T0CON                            00000000
_T0CONbits                        00000000
_T1CON                            00000000
_T1CONbits                        00000000
_T2CON                            00000000
_T2CONbits                        00000000
_T3CON                            00000000
_T3CONbits                        00000000
_TABLAT                           00000000
_TBLPTRH                          00000000
_TBLPTRL                          00000000
_TBLPTRU                          00000000
_TMR0H                            00000000
_TMR0L                            00000000
_TMR1H                            00000000
_TMR1L                            00000000
_TMR2                             00000000
_TMR3H                            00000000
_TMR3L                            00000000
_TOSH                             00000000
_TOSL                             00000000
_TOSU                             00000000
_TRISA                            00000000
_TRISAbits                        00000000
_TRISB                            00000000
_TRISBbits                        00000000
_TRISC                            00000000
_TRISCbits                        00000000
_TXREG                            00000000
_TXSTA                            00000000
_TXSTAbits                        00000000
_WDTCON                           00000000
_WDTCONbits                       00000000
_WREG                             00000000
__18F2220                         00000001
_i2c_readchar                     00000000
gpasm-0.14.1 (Aug 18 2017)   libio18f2220_a-i2creads.asm8-18-2017  19:27:47          PAGE 10


SYMBOL TABLE
  LABEL                             VALUE 

_i2c_readstr                      00000000
r0x00                             00000000
r0x01                             00000001
r0x02                             00000002
r0x03                             00000003
r0x04                             00000004

Errors   :     0
Warnings :     0 reported,     0 suppressed
Messages :     0 reported,     0 suppressed

