gpasm-0.14.1 (Aug 18 2017)   libio18f2220_a-adcopen.asm8-18-2017  19:27:35          PAGE  1


LOC  OBJECT CODE     LINE SOURCE TEXT
  VALUE

                      00001 ;--------------------------------------------------------
                      00002 ; File Created by SDCC : free open source ANSI-C Compiler
                      00003 ; Version 3.2.0 #8004 (Aug 18 2017) (MINGW32)
                      00004 ; This file was generated Fri Aug 18 19:27:35 2017
                      00005 ;--------------------------------------------------------
                      00006 ; PIC16 port for the Microchip 16-bit core micros
                      00007 ;--------------------------------------------------------
                      00008         list    p=18f2220
                      00009 
                      00010         radix dec
                      00011 
                      00012 ;--------------------------------------------------------
                      00013 ; public variables in this module
                      00014 ;--------------------------------------------------------
                      00015         global  _adc_open
                      00016 
                      00017 ;--------------------------------------------------------
                      00018 ; extern variables in this module
                      00019 ;--------------------------------------------------------
                      00020         extern  _PORTAbits
                      00021         extern  _PORTBbits
                      00022         extern  _PORTCbits
                      00023         extern  _LATAbits
                      00024         extern  _LATBbits
                      00025         extern  _LATCbits
                      00026         extern  _TRISAbits
                      00027         extern  _TRISBbits
                      00028         extern  _TRISCbits
                      00029         extern  _OSCTUNEbits
                      00030         extern  _PIE1bits
                      00031         extern  _PIR1bits
                      00032         extern  _IPR1bits
                      00033         extern  _PIE2bits
                      00034         extern  _PIR2bits
                      00035         extern  _IPR2bits
                      00036         extern  _EECON1bits
                      00037         extern  _RCSTAbits
                      00038         extern  _TXSTAbits
                      00039         extern  _T3CONbits
                      00040         extern  _CMCONbits
                      00041         extern  _CVRCONbits
                      00042         extern  _CCP2CONbits
                      00043         extern  _CCP1CONbits
                      00044         extern  _ADCON2bits
                      00045         extern  _ADCON1bits
                      00046         extern  _ADCON0bits
                      00047         extern  _SSPCON2bits
                      00048         extern  _SSPCON1bits
                      00049         extern  _SSPSTATbits
                      00050         extern  _T2CONbits
                      00051         extern  _T1CONbits
                      00052         extern  _RCONbits
                      00053         extern  _WDTCONbits
gpasm-0.14.1 (Aug 18 2017)   libio18f2220_a-adcopen.asm8-18-2017  19:27:35          PAGE  2


LOC  OBJECT CODE     LINE SOURCE TEXT
  VALUE

                      00054         extern  _LVDCONbits
                      00055         extern  _OSCCONbits
                      00056         extern  _T0CONbits
                      00057         extern  _STATUSbits
                      00058         extern  _INTCON3bits
                      00059         extern  _INTCON2bits
                      00060         extern  _INTCONbits
                      00061         extern  _STKPTRbits
                      00062         extern  _PORTA
                      00063         extern  _PORTB
                      00064         extern  _PORTC
                      00065         extern  _LATA
                      00066         extern  _LATB
                      00067         extern  _LATC
                      00068         extern  _TRISA
                      00069         extern  _TRISB
                      00070         extern  _TRISC
                      00071         extern  _OSCTUNE
                      00072         extern  _PIE1
                      00073         extern  _PIR1
                      00074         extern  _IPR1
                      00075         extern  _PIE2
                      00076         extern  _PIR2
                      00077         extern  _IPR2
                      00078         extern  _EECON1
                      00079         extern  _EECON2
                      00080         extern  _EEDATA
                      00081         extern  _EEADR
                      00082         extern  _RCSTA
                      00083         extern  _TXSTA
                      00084         extern  _TXREG
                      00085         extern  _RCREG
                      00086         extern  _SPBRG
                      00087         extern  _T3CON
                      00088         extern  _TMR3L
                      00089         extern  _TMR3H
                      00090         extern  _CMCON
                      00091         extern  _CVRCON
                      00092         extern  _CCP2CON
                      00093         extern  _CCPR2L
                      00094         extern  _CCPR2H
                      00095         extern  _CCP1CON
                      00096         extern  _CCPR1L
                      00097         extern  _CCPR1H
                      00098         extern  _ADCON2
                      00099         extern  _ADCON1
                      00100         extern  _ADCON0
                      00101         extern  _ADRESL
                      00102         extern  _ADRESH
                      00103         extern  _SSPCON2
                      00104         extern  _SSPCON1
                      00105         extern  _SSPSTAT
                      00106         extern  _SSPADD
gpasm-0.14.1 (Aug 18 2017)   libio18f2220_a-adcopen.asm8-18-2017  19:27:35          PAGE  3


LOC  OBJECT CODE     LINE SOURCE TEXT
  VALUE

                      00107         extern  _SSPBUF
                      00108         extern  _T2CON
                      00109         extern  _PR2
                      00110         extern  _TMR2
                      00111         extern  _T1CON
                      00112         extern  _TMR1L
                      00113         extern  _TMR1H
                      00114         extern  _RCON
                      00115         extern  _WDTCON
                      00116         extern  _LVDCON
                      00117         extern  _OSCCON
                      00118         extern  _T0CON
                      00119         extern  _TMR0L
                      00120         extern  _TMR0H
                      00121         extern  _STATUS
                      00122         extern  _FSR2L
                      00123         extern  _FSR2H
                      00124         extern  _PLUSW2
                      00125         extern  _PREINC2
                      00126         extern  _POSTDEC2
                      00127         extern  _POSTINC2
                      00128         extern  _INDF2
                      00129         extern  _BSR
                      00130         extern  _FSR1L
                      00131         extern  _FSR1H
                      00132         extern  _PLUSW1
                      00133         extern  _PREINC1
                      00134         extern  _POSTDEC1
                      00135         extern  _POSTINC1
                      00136         extern  _INDF1
                      00137         extern  _WREG
                      00138         extern  _FSR0L
                      00139         extern  _FSR0H
                      00140         extern  _PLUSW0
                      00141         extern  _PREINC0
                      00142         extern  _POSTDEC0
                      00143         extern  _POSTINC0
                      00144         extern  _INDF0
                      00145         extern  _INTCON3
                      00146         extern  _INTCON2
                      00147         extern  _INTCON
                      00148         extern  _PRODL
                      00149         extern  _PRODH
                      00150         extern  _TABLAT
                      00151         extern  _TBLPTRL
                      00152         extern  _TBLPTRH
                      00153         extern  _TBLPTRU
                      00154         extern  _PCL
                      00155         extern  _PCLATH
                      00156         extern  _PCLATU
                      00157         extern  _STKPTR
                      00158         extern  _TOSL
                      00159         extern  _TOSH
gpasm-0.14.1 (Aug 18 2017)   libio18f2220_a-adcopen.asm8-18-2017  19:27:35          PAGE  4


LOC  OBJECT CODE     LINE SOURCE TEXT
  VALUE

                      00160         extern  _TOSU
                      00161 
                      00162 ;--------------------------------------------------------
                      00163 ;       Equates to used internal registers
                      00164 ;--------------------------------------------------------
  00000FE8            00165 WREG    equ     0xfe8
  00000FE1            00166 FSR1L   equ     0xfe1
  00000FD9            00167 FSR2L   equ     0xfd9
  00000FE5            00168 POSTDEC1        equ     0xfe5
  00000FE4            00169 PREINC1 equ     0xfe4
  00000FDB            00170 PLUSW2  equ     0xfdb
                      00171 
                      00172 
                      00173 ; Internal registers
                      00174 .registers      udata_ovr       0x0000
000000                00175 r0x00   res     1
000001                00176 r0x01   res     1
000002                00177 r0x02   res     1
000003                00178 r0x03   res     1
                      00179 
                      00180 ;--------------------------------------------------------
                      00181 ; global & static initialisations
                      00182 ;--------------------------------------------------------
                      00183 ; I code from now on!
                      00184 ; ; Starting pCode block
                      00185 ; ;ic:1:  _entry($4) :
                      00186 ; ;ic:2:        proc _adc_open [k1 lr0:0 so:0]{ ia0 a2p0 re0 rm0 nos0 ru0 dp0}{void function ( unsigned-char fixed, unsigned-char fixed, unsigned-char fixed, unsigned-char fixed) fixed}
                      00187 S_adcopen__adc_open     code
000000                00188 _adc_open:
                      00189 ;       .line   42; adc/adcopen.c       adc_open(unsigned char channel, unsigned char fosc, sdcc_pcfg_t pcfg, unsigned char config)
000000 CFD9 FFE5      00190         MOVFF   FSR2L, POSTDEC1
000004 CFE1 FFD9      00191         MOVFF   FSR1L, FSR2L
000008 C000 FFE5      00192         MOVFF   r0x00, POSTDEC1
00000C C000 FFE5      00193         MOVFF   r0x01, POSTDEC1
000010 C000 FFE5      00194         MOVFF   r0x02, POSTDEC1
000014 C000 FFE5      00195         MOVFF   r0x03, POSTDEC1
                      00196 ; ;ic:3: iTemp0 [k2 lr3:8 so:0]{ ia0 a2p0 re1 rm0 nos0 ru0 dp0}{unsigned-char fixed}{ sir@ _adc_open_channel_1_7}[r0x00 ] = recv _adc_open [k1 lr0:0 so:0]{ ia0 a2p0 re0 rm0 nos0 ru0 dp0}{void function ( unsigned-char fixed, unsigned-char fixed, unsigned-char fixed, unsigned-char fixed) fixed}
000018 0E02           00197         MOVLW   0x02
00001A CFDB F000      00198         MOVFF   PLUSW2, r0x00
                      00199 ; ;ic:4: iTemp1 [k4 lr4:14 so:0]{ ia0 a2p0 re1 rm0 nos0 ru0 dp0}{unsigned-char fixed}{ sir@ _adc_open_fosc_1_7}[r0x01 ] = recv _adc_open [k1 lr0:0 so:0]{ ia0 a2p0 re0 rm0 nos0 ru0 dp0}{void function ( unsigned-char fixed, unsigned-char fixed, unsigned-char fixed, unsigned-char fixed) fixed}
00001E 0E03           00200         MOVLW   0x03
000020 CFDB F000      00201         MOVFF   PLUSW2, r0x01
                      00202 ; ;ic:5: iTemp2 [k6 lr5:10 so:0]{ ia0 a2p0 re1 rm0 nos0 ru0 dp0}{unsigned-char fixed}{ sir@ _adc_open_pcfg_1_7}[r0x02 ] = recv _adc_open [k1 lr0:0 so:0]{ ia0 a2p0 re0 rm0 nos0 ru0 dp0}{void function ( unsigned-char fixed, unsigned-char fixed, unsigned-char fixed, unsigned-char fixed) fixed}
000024 0E04           00203         MOVLW   0x04
000026 CFDB F000      00204         MOVFF   PLUSW2, r0x02
                      00205 ; ;ic:6: iTemp3 [k8 lr6:16 so:0]{ ia0 a2p0 re1 rm0 nos0 ru0 dp0}{unsigned-char fixed}{ sir@ _adc_open_config_1_7}[r0x03 ] = recv _adc_open [k1 lr0:0 so:0]{ ia0 a2p0 re0 rm0 nos0 ru0 dp0}{void function ( unsigned-char fixed, unsigned-char fixed, unsigned-char fixed, unsigned-char fixed) fixed}
00002A 0E05           00206         MOVLW   0x05
00002C CFDB F000      00207         MOVFF   PLUSW2, r0x03
                      00208 ; ;ic:7:        _ADCON0 [k10 lr0:0 so:0]{ ia1 a2p0 re0 rm0 nos0 ru0 dp0}{volatile-unsigned-char sfr} := 0x0 {const-unsigned-char literal}
                      00209 ;       .line   48; adc/adcopen.c       ADCON0 = 0;
000030 6A00           00210         CLRF    _ADCON0
                      00211 ; ;ic:8:        iTemp4 [k11 lr8:9 so:0]{ ia0 a2p0 re0 rm0 nos0 ru0 dp0}{unsigned-char register}[r0x00 ] = iTemp0 [k2 lr3:8 so:0]{ ia0 a2p0 re1 rm0 nos0 ru0 dp0}{unsigned-char fixed}{ sir@ _adc_open_channel_1_7}[r0x00 ] & 0xf {const-unsigned-char literal}
                      00212 ;       .line   82; adc/adcopen.c       ADCON0 = (channel & 0x0f) << 2;
gpasm-0.14.1 (Aug 18 2017)   libio18f2220_a-adcopen.asm8-18-2017  19:27:35          PAGE  5


LOC  OBJECT CODE     LINE SOURCE TEXT
  VALUE

000032 0E0F           00213         MOVLW   0x0f
000034 1600           00214         ANDWF   r0x00, F
                      00215 ; ;ic:9:        _ADCON0 [k10 lr0:0 so:0]{ ia1 a2p0 re0 rm0 nos0 ru0 dp0}{volatile-unsigned-char sfr} = iTemp4 [k11 lr8:9 so:0]{ ia0 a2p0 re0 rm0 nos0 ru0 dp0}{unsigned-char register}[r0x00 ] << 0x2 {const-unsigned-char literal}
000036 4400           00216         RLNCF   r0x00, W
000038 44E8           00217         RLNCF   WREG, W
00003A 0BFC           00218         ANDLW   0xfc
00003C 6E00           00219         MOVWF   _ADCON0
                      00220 ; ;ic:10:       iTemp6 [k14 lr10:12 so:0]{ ia0 a2p0 re0 rm0 nos0 ru0 dp0}{unsigned-char register}[r0x02 ] = iTemp2 [k6 lr5:10 so:0]{ ia0 a2p0 re1 rm0 nos0 ru0 dp0}{unsigned-char fixed}{ sir@ _adc_open_pcfg_1_7}[r0x02 ] & 0x3f {const-unsigned-char literal}
                      00221 ;       .line   85; adc/adcopen.c       ADCON1 = (pcfg & 0x3f) | (config & ADC_VCFG_AN3_AN2);
00003E 0E3F           00222         MOVLW   0x3f
000040 1600           00223         ANDWF   r0x02, F
                      00224 ; ;ic:11:       iTemp7 [k15 lr11:12 so:0]{ ia0 a2p0 re0 rm0 nos0 ru0 dp0}{unsigned-char register}[r0x00 ] = iTemp3 [k8 lr6:16 so:0]{ ia0 a2p0 re1 rm0 nos0 ru0 dp0}{unsigned-char fixed}{ sir@ _adc_open_config_1_7}[r0x03 ] & 0x30 {const-unsigned-char literal}
000042 0E30           00225         MOVLW   0x30
000044 1400           00226         ANDWF   r0x03, W
                      00227 ; #     MOVWF   r0x00
                      00228 ; #;;ic:12:     _ADCON1 [k13 lr0:0 so:0]{ ia1 a2p0 re0 rm0 nos0 ru0 dp0}{volatile-unsigned-char sfr} = iTemp6 [k14 lr10:12 so:0]{ ia0 a2p0 re0 rm0 nos0 ru0 dp0}{unsigned-char register}[r0x02 ] | iTemp7 [k15 lr11:12 so:0]{ ia0 a2p0 re0 rm0 nos0 ru0 dp0}{unsigned-char register}[r0x00 ]
                      00229 ; #     MOVF    r0x00, W
000046 1000           00230         IORWF   r0x02, W
000048 6E00           00231         MOVWF   _ADCON1
                      00232 ; ;ic:13:       iTemp9 [k18 lr13:15 so:0]{ ia0 a2p0 re0 rm0 nos0 ru0 dp0}{unsigned-char register}[r0x00 ] = iTemp3 [k8 lr6:16 so:0]{ ia0 a2p0 re1 rm0 nos0 ru0 dp0}{unsigned-char fixed}{ sir@ _adc_open_config_1_7}[r0x03 ] & 0x80 {const-unsigned-char literal}
                      00233 ;       .line   86; adc/adcopen.c       ADCON2 = (config & ADC_FRM_RJUST) | (fosc & 0x3f);
00004A 0E80           00234         MOVLW   0x80
00004C 1400           00235         ANDWF   r0x03, W
00004E 6E00           00236         MOVWF   r0x00
                      00237 ; ;ic:14:       iTemp10 [k19 lr14:15 so:0]{ ia0 a2p0 re0 rm0 nos0 ru0 dp0}{unsigned-char register}[r0x01 ] = iTemp1 [k4 lr4:14 so:0]{ ia0 a2p0 re1 rm0 nos0 ru0 dp0}{unsigned-char fixed}{ sir@ _adc_open_fosc_1_7}[r0x01 ] & 0x3f {const-unsigned-char literal}
000050 0E3F           00238         MOVLW   0x3f
000052 1600           00239         ANDWF   r0x01, F
                      00240 ; ;ic:15:       _ADCON2 [k17 lr0:0 so:0]{ ia1 a2p0 re0 rm0 nos0 ru0 dp0}{volatile-unsigned-char sfr} = iTemp9 [k18 lr13:15 so:0]{ ia0 a2p0 re0 rm0 nos0 ru0 dp0}{unsigned-char register}[r0x00 ] | iTemp10 [k19 lr14:15 so:0]{ ia0 a2p0 re0 rm0 nos0 ru0 dp0}{unsigned-char register}[r0x01 ]
000054 5000           00241         MOVF    r0x01, W
000056 1000           00242         IORWF   r0x00, W
000058 6E00           00243         MOVWF   _ADCON2
                      00244 ; ;ic:16:       iTemp12 [k21 lr16:17 so:0]{ ia0 a2p0 re0 rm0 nos0 ru0 dp0}{unsigned-char register} = iTemp3 [k8 lr6:16 so:0]{ ia0 a2p0 re1 rm0 nos0 ru0 dp0}{unsigned-char fixed}{ sir@ _adc_open_config_1_7}[r0x03 ] & 0x40 {const-unsigned-char literal}
                      00245 ;       .line   103; adc/adcopen.c      if (config & ADC_INT_ON) {
00005A AC00           00246         BTFSS   r0x03, 6
00005C D000           00247         BRA     _00106_DS_
                      00248 ; ;ic:17:       if iTemp12 [k21 lr16:17 so:0]{ ia0 a2p0 re0 rm0 nos0 ru0 dp0}{unsigned-char register} == 0 goto _iffalse_0($2)
                      00249 ; ;ic:18:       iTemp13 [k23 lr18:19 so:0]{ ia0 a2p0 re0 rm1 nos0 ru0 dp0}{volatile-unsigned-bitfield {6,1} near* fixed}[remat] = &[_PIR1bits [k22 lr0:0 so:0]{ ia0 a2p0 re0 rm0 nos0 ru0 dp0}{volatile-struct __00000051 fixed}]
                      00250 ; ;ic:19:       iTemp14 [k25 lr19:20 so:0]{ ia0 a2p0 re0 rm1 nos0 ru0 dp0}{volatile-unsigned-bitfield {6,1} near* fixed}[remat] := iTemp13 [k23 lr18:19 so:0]{ ia0 a2p0 re0 rm1 nos0 ru0 dp0}{volatile-unsigned-bitfield {6,1} near* fixed}[remat]
                      00251 ; ;ic:20:       *(iTemp14 [k25 lr19:20 so:0]{ ia1 a2p0 re0 rm1 nos0 ru0 dp0}{volatile-unsigned-bitfield {6,1} near* fixed}[remat]) := 0x0 {const-unsigned-char literal}
                      00252 ;       .line   104; adc/adcopen.c      PIR1bits.ADIF = 0;
00005E 9C00           00253         BCF     _PIR1bits, 6
                      00254 ; ;ic:21:       iTemp15 [k27 lr21:22 so:0]{ ia0 a2p0 re0 rm1 nos0 ru0 dp0}{volatile-unsigned-bitfield {6,1} near* fixed}[remat] = &[_PIE1bits [k26 lr0:0 so:0]{ ia0 a2p0 re0 rm0 nos0 ru0 dp0}{volatile-struct __00000049 fixed}]
                      00255 ; ;ic:22:       iTemp16 [k29 lr22:23 so:0]{ ia0 a2p0 re0 rm1 nos0 ru0 dp0}{volatile-unsigned-bitfield {6,1} near* fixed}[remat] := iTemp15 [k27 lr21:22 so:0]{ ia0 a2p0 re0 rm1 nos0 ru0 dp0}{volatile-unsigned-bitfield {6,1} near* fixed}[remat]
                      00256 ; ;ic:23:       *(iTemp16 [k29 lr22:23 so:0]{ ia1 a2p0 re0 rm1 nos0 ru0 dp0}{volatile-unsigned-bitfield {6,1} near* fixed}[remat]) := 0x1 {const-unsigned-char literal}
                      00257 ;       .line   105; adc/adcopen.c      PIE1bits.ADIE = 1;
000060 8C00           00258         BSF     _PIE1bits, 6
                      00259 ; ;ic:24:       iTemp17 [k31 lr24:25 so:0]{ ia0 a2p0 re0 rm1 nos0 ru0 dp0}{volatile-unsigned-bitfield {6,1} near* fixed}[remat] = &[_INTCONbits [k30 lr0:0 so:0]{ ia0 a2p0 re0 rm0 nos0 ru0 dp0}{volatile-struct __00000182 fixed}]
                      00260 ; ;ic:25:       iTemp18 [k33 lr25:26 so:0]{ ia0 a2p0 re0 rm1 nos0 ru0 dp0}{volatile-unsigned-bitfield {6,1} near* fixed}[remat] := iTemp17 [k31 lr24:25 so:0]{ ia0 a2p0 re0 rm1 nos0 ru0 dp0}{volatile-unsigned-bitfield {6,1} near* fixed}[remat]
                      00261 ; ;ic:26:       *(iTemp18 [k33 lr25:26 so:0]{ ia1 a2p0 re0 rm1 nos0 ru0 dp0}{volatile-unsigned-bitfield {6,1} near* fixed}[remat]) := 0x1 {const-unsigned-char literal}
                      00262 ;       .line   106; adc/adcopen.c      INTCONbits.PEIE = 1;
000062 8C00           00263         BSF     _INTCONbits, 6
                      00264 ; ;ic:27:  _iffalse_0($2) :
                      00265 ; ;ic:28:       iTemp19 [k35 lr28:29 so:0]{ ia0 a2p0 re0 rm1 nos0 ru0 dp0}{volatile-unsigned-bitfield {0,1} near* fixed}[remat] = &[_ADCON0bits [k34 lr0:0 so:0]{ ia0 a2p0 re0 rm0 nos0 ru0 dp0}{volatile-struct __00000110 fixed}]
gpasm-0.14.1 (Aug 18 2017)   libio18f2220_a-adcopen.asm8-18-2017  19:27:35          PAGE  6


LOC  OBJECT CODE     LINE SOURCE TEXT
  VALUE

                      00266 ; ;ic:29:       iTemp20 [k37 lr29:30 so:0]{ ia0 a2p0 re0 rm1 nos0 ru0 dp0}{volatile-unsigned-bitfield {0,1} near* fixed}[remat] := iTemp19 [k35 lr28:29 so:0]{ ia0 a2p0 re0 rm1 nos0 ru0 dp0}{volatile-unsigned-bitfield {0,1} near* fixed}[remat]
                      00267 ; ;ic:30:       *(iTemp20 [k37 lr29:30 so:0]{ ia1 a2p0 re0 rm1 nos0 ru0 dp0}{volatile-unsigned-bitfield {0,1} near* fixed}[remat]) := 0x1 {const-unsigned-char literal}
000064                00268 _00106_DS_:
                      00269 ;       .line   110; adc/adcopen.c      ADCON0bits.ADON = 1;
000064 8000           00270         BSF     _ADCON0bits, 0
                      00271 ; ;ic:31:  _return($3) :
                      00272 ; ;ic:32:       eproc _adc_open [k1 lr0:0 so:0]{ ia0 a2p0 re0 rm0 nos0 ru0 dp0}{void function ( unsigned-char fixed, unsigned-char fixed, unsigned-char fixed, unsigned-char fixed) fixed}
000066 CFE4 F000      00273         MOVFF   PREINC1, r0x03
00006A CFE4 F000      00274         MOVFF   PREINC1, r0x02
00006E CFE4 F000      00275         MOVFF   PREINC1, r0x01
000072 CFE4 F000      00276         MOVFF   PREINC1, r0x00
000076 CFE4 FFD9      00277         MOVFF   PREINC1, FSR2L
00007A 0012           00278         RETURN  
                      00279 
                      00280 
                      00281 
                      00282 ; Statistics:
                      00283 ; code size:      124 (0x007c) bytes ( 0.09%)
                      00284 ;                  62 (0x003e) words
                      00285 ; udata size:       0 (0x0000) bytes ( 0.00%)
                      00286 ; access size:      4 (0x0004) bytes
                      00287 
                      00288 
                      00289         end
gpasm-0.14.1 (Aug 18 2017)   libio18f2220_a-adcopen.asm8-18-2017  19:27:35          PAGE  7


SYMBOL TABLE
  LABEL                             VALUE

FSR1L                             00000FE1
FSR2L                             00000FD9
PLUSW2                            00000FDB
POSTDEC1                          00000FE5
PREINC1                           00000FE4
WREG                              00000FE8
_00106_DS_                        00000064
_ADCON0                           00000000
_ADCON0bits                       00000000
_ADCON1                           00000000
_ADCON1bits                       00000000
_ADCON2                           00000000
_ADCON2bits                       00000000
_ADRESH                           00000000
_ADRESL                           00000000
_BSR                              00000000
_CCP1CON                          00000000
_CCP1CONbits                      00000000
_CCP2CON                          00000000
_CCP2CONbits                      00000000
_CCPR1H                           00000000
_CCPR1L                           00000000
_CCPR2H                           00000000
_CCPR2L                           00000000
_CMCON                            00000000
_CMCONbits                        00000000
_CVRCON                           00000000
_CVRCONbits                       00000000
_EEADR                            00000000
_EECON1                           00000000
_EECON1bits                       00000000
_EECON2                           00000000
_EEDATA                           00000000
_FSR0H                            00000000
_FSR0L                            00000000
_FSR1H                            00000000
_FSR1L                            00000000
_FSR2H                            00000000
_FSR2L                            00000000
_INDF0                            00000000
_INDF1                            00000000
_INDF2                            00000000
_INTCON                           00000000
_INTCON2                          00000000
_INTCON2bits                      00000000
_INTCON3                          00000000
_INTCON3bits                      00000000
_INTCONbits                       00000000
_IPR1                             00000000
_IPR1bits                         00000000
_IPR2                             00000000
_IPR2bits                         00000000
_LATA                             00000000
gpasm-0.14.1 (Aug 18 2017)   libio18f2220_a-adcopen.asm8-18-2017  19:27:35          PAGE  8


SYMBOL TABLE
  LABEL                             VALUE 

_LATAbits                         00000000
_LATB                             00000000
_LATBbits                         00000000
_LATC                             00000000
_LATCbits                         00000000
_LVDCON                           00000000
_LVDCONbits                       00000000
_OSCCON                           00000000
_OSCCONbits                       00000000
_OSCTUNE                          00000000
_OSCTUNEbits                      00000000
_PCL                              00000000
_PCLATH                           00000000
_PCLATU                           00000000
_PIE1                             00000000
_PIE1bits                         00000000
_PIE2                             00000000
_PIE2bits                         00000000
_PIR1                             00000000
_PIR1bits                         00000000
_PIR2                             00000000
_PIR2bits                         00000000
_PLUSW0                           00000000
_PLUSW1                           00000000
_PLUSW2                           00000000
_PORTA                            00000000
_PORTAbits                        00000000
_PORTB                            00000000
_PORTBbits                        00000000
_PORTC                            00000000
_PORTCbits                        00000000
_POSTDEC0                         00000000
_POSTDEC1                         00000000
_POSTDEC2                         00000000
_POSTINC0                         00000000
_POSTINC1                         00000000
_POSTINC2                         00000000
_PR2                              00000000
_PREINC0                          00000000
_PREINC1                          00000000
_PREINC2                          00000000
_PRODH                            00000000
_PRODL                            00000000
_RCON                             00000000
_RCONbits                         00000000
_RCREG                            00000000
_RCSTA                            00000000
_RCSTAbits                        00000000
_SPBRG                            00000000
_SSPADD                           00000000
_SSPBUF                           00000000
_SSPCON1                          00000000
_SSPCON1bits                      00000000
gpasm-0.14.1 (Aug 18 2017)   libio18f2220_a-adcopen.asm8-18-2017  19:27:35          PAGE  9


SYMBOL TABLE
  LABEL                             VALUE 

_SSPCON2                          00000000
_SSPCON2bits                      00000000
_SSPSTAT                          00000000
_SSPSTATbits                      00000000
_STATUS                           00000000
_STATUSbits                       00000000
_STKPTR                           00000000
_STKPTRbits                       00000000
_T0CON                            00000000
_T0CONbits                        00000000
_T1CON                            00000000
_T1CONbits                        00000000
_T2CON                            00000000
_T2CONbits                        00000000
_T3CON                            00000000
_T3CONbits                        00000000
_TABLAT                           00000000
_TBLPTRH                          00000000
_TBLPTRL                          00000000
_TBLPTRU                          00000000
_TMR0H                            00000000
_TMR0L                            00000000
_TMR1H                            00000000
_TMR1L                            00000000
_TMR2                             00000000
_TMR3H                            00000000
_TMR3L                            00000000
_TOSH                             00000000
_TOSL                             00000000
_TOSU                             00000000
_TRISA                            00000000
_TRISAbits                        00000000
_TRISB                            00000000
_TRISBbits                        00000000
_TRISC                            00000000
_TRISCbits                        00000000
_TXREG                            00000000
_TXSTA                            00000000
_TXSTAbits                        00000000
_WDTCON                           00000000
_WDTCONbits                       00000000
_WREG                             00000000
__18F2220                         00000001
_adc_open                         00000000
r0x00                             00000000
r0x01                             00000001
r0x02                             00000002
r0x03                             00000003

Errors   :     0
Warnings :     0 reported,     0 suppressed
Messages :     0 reported,     0 suppressed

