gpasm-0.14.1 (Aug 18 2017)   libio18f1320_a-ugets.asm8-18-2017  19:25:54          PAGE  1


LOC  OBJECT CODE     LINE SOURCE TEXT
  VALUE

                      00001 ;--------------------------------------------------------
                      00002 ; File Created by SDCC : free open source ANSI-C Compiler
                      00003 ; Version 3.2.0 #8004 (Aug 18 2017) (MINGW32)
                      00004 ; This file was generated Fri Aug 18 19:25:54 2017
                      00005 ;--------------------------------------------------------
                      00006 ; PIC16 port for the Microchip 16-bit core micros
                      00007 ;--------------------------------------------------------
                      00008         list    p=18f1320
                      00009 
                      00010         radix dec
                      00011 
                      00012 ;--------------------------------------------------------
                      00013 ; public variables in this module
                      00014 ;--------------------------------------------------------
                      00015         global  _usart_gets
                      00016 
                      00017 ;--------------------------------------------------------
                      00018 ; extern variables in this module
                      00019 ;--------------------------------------------------------
                      00020         extern  _PORTAbits
                      00021         extern  _PORTBbits
                      00022         extern  _LATAbits
                      00023         extern  _LATBbits
                      00024         extern  _TRISAbits
                      00025         extern  _TRISBbits
                      00026         extern  _PIE1bits
                      00027         extern  _PIR1bits
                      00028         extern  _IPR1bits
                      00029         extern  _PIE2bits
                      00030         extern  _PIR2bits
                      00031         extern  _IPR2bits
                      00032         extern  _EECON1bits
                      00033         extern  _BAUDCTLbits
                      00034         extern  _RCSTAbits
                      00035         extern  _TXSTAbits
                      00036         extern  _T3CONbits
                      00037         extern  _ECCPASbits
                      00038         extern  _CCP1CONbits
                      00039         extern  _ADCON2bits
                      00040         extern  _ADCON1bits
                      00041         extern  _ADCON0bits
                      00042         extern  _T2CONbits
                      00043         extern  _T1CONbits
                      00044         extern  _RCONbits
                      00045         extern  _WDTCONbits
                      00046         extern  _LVDCONbits
                      00047         extern  _OSCCONbits
                      00048         extern  _T0CONbits
                      00049         extern  _STATUSbits
                      00050         extern  _INTCON3bits
                      00051         extern  _INTCON2bits
                      00052         extern  _INTCONbits
                      00053         extern  _STKPTRbits
gpasm-0.14.1 (Aug 18 2017)   libio18f1320_a-ugets.asm8-18-2017  19:25:54          PAGE  2


LOC  OBJECT CODE     LINE SOURCE TEXT
  VALUE

                      00054         extern  _PORTA
                      00055         extern  _PORTB
                      00056         extern  _LATA
                      00057         extern  _LATB
                      00058         extern  _TRISA
                      00059         extern  _TRISB
                      00060         extern  _PIE1
                      00061         extern  _PIR1
                      00062         extern  _IPR1
                      00063         extern  _PIE2
                      00064         extern  _PIR2
                      00065         extern  _IPR2
                      00066         extern  _EECON1
                      00067         extern  _EECON2
                      00068         extern  _EEDATA
                      00069         extern  _EEADR
                      00070         extern  _BAUDCTL
                      00071         extern  _RCSTA
                      00072         extern  _TXSTA
                      00073         extern  _TXREG
                      00074         extern  _RCREG
                      00075         extern  _SPBRG
                      00076         extern  _SPBRGH
                      00077         extern  _T3CON
                      00078         extern  _TMR3L
                      00079         extern  _TMR3H
                      00080         extern  _ECCPAS
                      00081         extern  _CCP1CON
                      00082         extern  _CCPR1L
                      00083         extern  _CCPR1H
                      00084         extern  _ADCON2
                      00085         extern  _ADCON1
                      00086         extern  _ADCON0
                      00087         extern  _ADRESL
                      00088         extern  _ADRESH
                      00089         extern  _T2CON
                      00090         extern  _PR2
                      00091         extern  _TMR2
                      00092         extern  _T1CON
                      00093         extern  _TMR1L
                      00094         extern  _TMR1H
                      00095         extern  _RCON
                      00096         extern  _WDTCON
                      00097         extern  _LVDCON
                      00098         extern  _OSCCON
                      00099         extern  _T0CON
                      00100         extern  _TMR0L
                      00101         extern  _TMR0H
                      00102         extern  _STATUS
                      00103         extern  _FSR2L
                      00104         extern  _FSR2H
                      00105         extern  _PLUSW2
                      00106         extern  _PREINC2
gpasm-0.14.1 (Aug 18 2017)   libio18f1320_a-ugets.asm8-18-2017  19:25:54          PAGE  3


LOC  OBJECT CODE     LINE SOURCE TEXT
  VALUE

                      00107         extern  _POSTDEC2
                      00108         extern  _POSTINC2
                      00109         extern  _INDF2
                      00110         extern  _BSR
                      00111         extern  _FSR1L
                      00112         extern  _FSR1H
                      00113         extern  _PLUSW1
                      00114         extern  _PREINC1
                      00115         extern  _POSTDEC1
                      00116         extern  _POSTINC1
                      00117         extern  _INDF1
                      00118         extern  _WREG
                      00119         extern  _FSR0L
                      00120         extern  _FSR0H
                      00121         extern  _PLUSW0
                      00122         extern  _PREINC0
                      00123         extern  _POSTDEC0
                      00124         extern  _POSTINC0
                      00125         extern  _INDF0
                      00126         extern  _INTCON3
                      00127         extern  _INTCON2
                      00128         extern  _INTCON
                      00129         extern  _PRODL
                      00130         extern  _PRODH
                      00131         extern  _TABLAT
                      00132         extern  _TBLPTRL
                      00133         extern  _TBLPTRH
                      00134         extern  _TBLPTRU
                      00135         extern  _PCL
                      00136         extern  _PCLATH
                      00137         extern  _PCLATU
                      00138         extern  _STKPTR
                      00139         extern  _TOSL
                      00140         extern  _TOSH
                      00141         extern  _TOSU
                      00142         extern  _usart_drdy
                      00143         extern  _usart_getc
                      00144 
                      00145 ;--------------------------------------------------------
                      00146 ;       Equates to used internal registers
                      00147 ;--------------------------------------------------------
  00000FD8            00148 STATUS  equ     0xfd8
  00000FE9            00149 FSR0L   equ     0xfe9
  00000FEA            00150 FSR0H   equ     0xfea
  00000FE1            00151 FSR1L   equ     0xfe1
  00000FD9            00152 FSR2L   equ     0xfd9
  00000FEF            00153 INDF0   equ     0xfef
  00000FE5            00154 POSTDEC1        equ     0xfe5
  00000FE4            00155 PREINC1 equ     0xfe4
  00000FDB            00156 PLUSW2  equ     0xfdb
                      00157 
                      00158 
                      00159 ; Internal registers
gpasm-0.14.1 (Aug 18 2017)   libio18f1320_a-ugets.asm8-18-2017  19:25:54          PAGE  4


LOC  OBJECT CODE     LINE SOURCE TEXT
  VALUE

                      00160 .registers      udata_ovr       0x0000
000000                00161 r0x00   res     1
000001                00162 r0x01   res     1
000002                00163 r0x02   res     1
000003                00164 r0x03   res     1
000004                00165 r0x04   res     1
                      00166 
                      00167 ;--------------------------------------------------------
                      00168 ; global & static initialisations
                      00169 ;--------------------------------------------------------
                      00170 ; I code from now on!
                      00171 ; ; Starting pCode block
                      00172 ; ;ic:1:  _entry($11) :
                      00173 ; ;ic:2:        proc _usart_gets [k1 lr0:0 so:0]{ ia0 a2p0 re0 rm0 nos0 ru0 dp0}{void function ( char near* fixed, unsigned-char fixed) fixed}
                      00174 S_ugets__usart_gets     code
000000                00175 _usart_gets:
                      00176 ;       .line   38; usart/ugets.c       void usart_gets(RAM_SCLS char *buffer, unsigned char len)
000000 CFD9 FFE5      00177         MOVFF   FSR2L, POSTDEC1
000004 CFE1 FFD9      00178         MOVFF   FSR1L, FSR2L
000008 C000 FFE5      00179         MOVFF   r0x00, POSTDEC1
00000C C000 FFE5      00180         MOVFF   r0x01, POSTDEC1
000010 C000 FFE5      00181         MOVFF   r0x02, POSTDEC1
000014 C000 FFE5      00182         MOVFF   r0x03, POSTDEC1
000018 C000 FFE5      00183         MOVFF   r0x04, POSTDEC1
                      00184 ; ;ic:3: iTemp9 [k17 lr3:21 so:0]{ ia0 a2p0 re0 rm0 nos0 ru0 dp0}{char near* fixed}[r0x00 r0x01 ] = recv _usart_gets [k1 lr0:0 so:0]{ ia0 a2p0 re0 rm0 nos0 ru0 dp0}{void function ( char near* fixed, unsigned-char fixed) fixed}
00001C 0E02           00185         MOVLW   0x02
00001E CFDB F000      00186         MOVFF   PLUSW2, r0x00
000022 0E03           00187         MOVLW   0x03
000024 CFDB F000      00188         MOVFF   PLUSW2, r0x01
                      00189 ; ;ic:4: iTemp1 [k4 lr4:21 so:0]{ ia0 a2p0 re1 rm0 nos0 ru0 dp0}{unsigned-char fixed}{ sir@ _usart_gets_len_1_10}[r0x02 ] = recv _usart_gets [k1 lr0:0 so:0]{ ia0 a2p0 re0 rm0 nos0 ru0 dp0}{void function ( char near* fixed, unsigned-char fixed) fixed}
000028 0E04           00190         MOVLW   0x04
00002A CFDB F000      00191         MOVFF   PLUSW2, r0x02
                      00192 ; ;ic:5:        iTemp11 [k19 lr5:21 so:0]{ ia0 a2p0 re0 rm0 nos0 ru0 dp0}{unsigned-char fixed}{ sir@ _usart_gets_i_1_11}[r0x03 ] := 0x0 {const-unsigned-char literal}
                      00193 ;       .line   43; usart/ugets.c       for(i=0;i<len;i++)
00002E 6A00           00194         CLRF    r0x03
                      00195 ; ;ic:7:  _forcond_0($6) :
                      00196 ; ;ic:8:        iTemp3 [k8 lr8:9 so:0]{ ia0 a2p0 re0 rm0 nos0 ru0 dp0}{char fixed} = iTemp11 [k19 lr5:21 so:0]{ ia0 a2p0 re0 rm0 nos0 ru0 dp0}{unsigned-char fixed}{ sir@ _usart_gets_i_1_11}[r0x03 ] < iTemp1 [k4 lr4:21 so:0]{ ia0 a2p0 re1 rm0 nos0 ru0 dp0}{unsigned-char fixed}{ sir@ _usart_gets_len_1_10}[r0x02 ]
000030                00197 _00110_DS_:
000030 5000           00198         MOVF    r0x02, W
000032 5C00           00199         SUBWF   r0x03, W
000034 E200           00200         BC      _00114_DS_
                      00201 ; ;ic:9:        if iTemp3 [k8 lr8:9 so:0]{ ia0 a2p0 re0 rm0 nos0 ru0 dp0}{char fixed} == 0 goto _return($10)
                      00202 ; ;ic:11:  _whilecontinue_0($1) :
                      00203 ; ;ic:12:       iTemp4 [k10 lr12:13 so:0]{ ia0 a2p0 re0 rm0 nos0 ru0 dp0}{unsigned-char fixed}[r0x04 ] = call _usart_drdy [k9 lr0:0 so:0]{ ia0 a2p0 re0 rm0 nos0 ru0 dp0}{unsigned-char function ( ) fixed}
000036                00204 _00105_DS_:
                      00205 ;       .line   45; usart/ugets.c       while(!usart_drdy());
000036 EC00 F000      00206         CALL    _usart_drdy
00003A 6E00           00207         MOVWF   r0x04
                      00208 ; ;ic:13:       if iTemp4 [k10 lr12:13 so:0]{ ia0 a2p0 re0 rm0 nos0 ru0 dp0}{unsigned-char fixed}[r0x04 ] == 0 goto _whilecontinue_0($1)
00003C 5000           00209         MOVF    r0x04, W
00003E E000           00210         BZ      _00105_DS_
                      00211 ; ;ic:14:       iTemp5 [k11 lr14:17 so:0]{ ia0 a2p0 re1 rm0 nos0 ru0 dp0}{unsigned-char fixed}{ sir@ _usart_gets_dat_1_11}[r0x04 ] = call _usart_getc [k13 lr0:0 so:0]{ ia0 a2p0 re0 rm0 nos0 ru0 dp0}{unsigned-char function ( ) fixed}
                      00212 ;       .line   47; usart/ugets.c       dat = usart_getc();
gpasm-0.14.1 (Aug 18 2017)   libio18f1320_a-ugets.asm8-18-2017  19:25:54          PAGE  5


LOC  OBJECT CODE     LINE SOURCE TEXT
  VALUE

000040 EC00 F000      00213         CALL    _usart_getc
000044 6E00           00214         MOVWF   r0x04
                      00215 ; ;ic:15:       *(iTemp9 [k17 lr3:21 so:0]{ ia1 a2p0 re0 rm0 nos0 ru0 dp0}{char near* fixed}[r0x00 r0x01 ]) := iTemp5 [k11 lr14:17 so:0]{ ia0 a2p0 re1 rm0 nos0 ru0 dp0}{unsigned-char fixed}{ sir@ _usart_gets_dat_1_11}[r0x04 ]
                      00216 ;       .line   48; usart/ugets.c       *buffer = dat;
000046 C000 FFE9      00217         MOVFF   r0x00, FSR0L
00004A C000 FFEA      00218         MOVFF   r0x01, FSR0H
00004E C000 FFEF      00219         MOVFF   r0x04, INDF0
                      00220 ; ;ic:16:       iTemp9 [k17 lr3:21 so:0]{ ia0 a2p0 re0 rm0 nos0 ru0 dp0}{char near* fixed}[r0x00 r0x01 ] = iTemp9 [k17 lr3:21 so:0]{ ia0 a2p0 re0 rm0 nos0 ru0 dp0}{char near* fixed}[r0x00 r0x01 ] + 0x1 {const-unsigned-char literal}
                      00221 ;       .line   49; usart/ugets.c       buffer++;
000052 4A00           00222         INFSNZ  r0x00, F
000054 2A00           00223         INCF    r0x01, F
                      00224 ; ;ic:17:       if iTemp5 [k11 lr14:17 so:0]{ ia0 a2p0 re1 rm0 nos0 ru0 dp0}{unsigned-char fixed}{ sir@ _usart_gets_dat_1_11}[r0x04 ] != 0 goto _forcontinue_0($8)
                      00225 ; #     MOVF    r0x04, W
                      00226 ; #     BTFSS   STATUS, 2
                      00227 ; #     GOTO    _00112_DS_
                      00228 ; #;;ic:18:     ret
                      00229 ; #     GOTO    _00114_DS_
                      00230 ; #;;ic:19:  _forcontinue_0($8) :
                      00231 ; #;;ic:20:     iTemp11 [k19 lr5:21 so:0]{ ia0 a2p0 re0 rm0 nos0 ru0 dp0}{unsigned-char fixed}{ sir@ _usart_gets_i_1_11}[r0x03 ] = iTemp11 [k19 lr5:21 so:0]{ ia0 a2p0 re0 rm0 nos0 ru0 dp0}{unsigned-char fixed}{ sir@ _usart_gets_i_1_11}[r0x03 ] + 0x1 {const-unsigned-char literal}
                      00232 ; #     INCF    r0x03, F
                      00233 ; #;;ic:21:      goto _forcond_0($6)
                      00234 ;       .line   52; usart/ugets.c       if(!dat)return;
000056 5000           00235         MOVF    r0x04, W
                      00236 ;       .line   43; usart/ugets.c       for(i=0;i<len;i++)
000058 E000           00237         BZ      _00114_DS_
00005A 2A00           00238         INCF    r0x03, F
00005C D000           00239         BRA     _00110_DS_
                      00240 ; ;ic:22:  _return($10) :
                      00241 ; ;ic:23:       eproc _usart_gets [k1 lr0:0 so:0]{ ia0 a2p0 re0 rm0 nos0 ru0 dp0}{void function ( char near* fixed, unsigned-char fixed) fixed}
00005E                00242 _00114_DS_:
00005E CFE4 F000      00243         MOVFF   PREINC1, r0x04
000062 CFE4 F000      00244         MOVFF   PREINC1, r0x03
000066 CFE4 F000      00245         MOVFF   PREINC1, r0x02
00006A CFE4 F000      00246         MOVFF   PREINC1, r0x01
00006E CFE4 F000      00247         MOVFF   PREINC1, r0x00
000072 CFE4 FFD9      00248         MOVFF   PREINC1, FSR2L
000076 0012           00249         RETURN  
                      00250 
                      00251 
                      00252 
                      00253 ; Statistics:
                      00254 ; code size:      120 (0x0078) bytes ( 0.09%)
                      00255 ;                  60 (0x003c) words
                      00256 ; udata size:       0 (0x0000) bytes ( 0.00%)
                      00257 ; access size:      5 (0x0005) bytes
                      00258 
                      00259 
                      00260         end
gpasm-0.14.1 (Aug 18 2017)   libio18f1320_a-ugets.asm8-18-2017  19:25:54          PAGE  6


SYMBOL TABLE
  LABEL                             VALUE

FSR0H                             00000FEA
FSR0L                             00000FE9
FSR1L                             00000FE1
FSR2L                             00000FD9
INDF0                             00000FEF
PLUSW2                            00000FDB
POSTDEC1                          00000FE5
PREINC1                           00000FE4
STATUS                            00000FD8
_00105_DS_                        00000036
_00110_DS_                        00000030
_00114_DS_                        0000005E
_ADCON0                           00000000
_ADCON0bits                       00000000
_ADCON1                           00000000
_ADCON1bits                       00000000
_ADCON2                           00000000
_ADCON2bits                       00000000
_ADRESH                           00000000
_ADRESL                           00000000
_BAUDCTL                          00000000
_BAUDCTLbits                      00000000
_BSR                              00000000
_CCP1CON                          00000000
_CCP1CONbits                      00000000
_CCPR1H                           00000000
_CCPR1L                           00000000
_ECCPAS                           00000000
_ECCPASbits                       00000000
_EEADR                            00000000
_EECON1                           00000000
_EECON1bits                       00000000
_EECON2                           00000000
_EEDATA                           00000000
_FSR0H                            00000000
_FSR0L                            00000000
_FSR1H                            00000000
_FSR1L                            00000000
_FSR2H                            00000000
_FSR2L                            00000000
_INDF0                            00000000
_INDF1                            00000000
_INDF2                            00000000
_INTCON                           00000000
_INTCON2                          00000000
_INTCON2bits                      00000000
_INTCON3                          00000000
_INTCON3bits                      00000000
_INTCONbits                       00000000
_IPR1                             00000000
_IPR1bits                         00000000
_IPR2                             00000000
_IPR2bits                         00000000
gpasm-0.14.1 (Aug 18 2017)   libio18f1320_a-ugets.asm8-18-2017  19:25:54          PAGE  7


SYMBOL TABLE
  LABEL                             VALUE 

_LATA                             00000000
_LATAbits                         00000000
_LATB                             00000000
_LATBbits                         00000000
_LVDCON                           00000000
_LVDCONbits                       00000000
_OSCCON                           00000000
_OSCCONbits                       00000000
_PCL                              00000000
_PCLATH                           00000000
_PCLATU                           00000000
_PIE1                             00000000
_PIE1bits                         00000000
_PIE2                             00000000
_PIE2bits                         00000000
_PIR1                             00000000
_PIR1bits                         00000000
_PIR2                             00000000
_PIR2bits                         00000000
_PLUSW0                           00000000
_PLUSW1                           00000000
_PLUSW2                           00000000
_PORTA                            00000000
_PORTAbits                        00000000
_PORTB                            00000000
_PORTBbits                        00000000
_POSTDEC0                         00000000
_POSTDEC1                         00000000
_POSTDEC2                         00000000
_POSTINC0                         00000000
_POSTINC1                         00000000
_POSTINC2                         00000000
_PR2                              00000000
_PREINC0                          00000000
_PREINC1                          00000000
_PREINC2                          00000000
_PRODH                            00000000
_PRODL                            00000000
_RCON                             00000000
_RCONbits                         00000000
_RCREG                            00000000
_RCSTA                            00000000
_RCSTAbits                        00000000
_SPBRG                            00000000
_SPBRGH                           00000000
_STATUS                           00000000
_STATUSbits                       00000000
_STKPTR                           00000000
_STKPTRbits                       00000000
_T0CON                            00000000
_T0CONbits                        00000000
_T1CON                            00000000
_T1CONbits                        00000000
gpasm-0.14.1 (Aug 18 2017)   libio18f1320_a-ugets.asm8-18-2017  19:25:54          PAGE  8


SYMBOL TABLE
  LABEL                             VALUE 

_T2CON                            00000000
_T2CONbits                        00000000
_T3CON                            00000000
_T3CONbits                        00000000
_TABLAT                           00000000
_TBLPTRH                          00000000
_TBLPTRL                          00000000
_TBLPTRU                          00000000
_TMR0H                            00000000
_TMR0L                            00000000
_TMR1H                            00000000
_TMR1L                            00000000
_TMR2                             00000000
_TMR3H                            00000000
_TMR3L                            00000000
_TOSH                             00000000
_TOSL                             00000000
_TOSU                             00000000
_TRISA                            00000000
_TRISAbits                        00000000
_TRISB                            00000000
_TRISBbits                        00000000
_TXREG                            00000000
_TXSTA                            00000000
_TXSTAbits                        00000000
_WDTCON                           00000000
_WDTCONbits                       00000000
_WREG                             00000000
__18F1320                         00000001
_usart_drdy                       00000000
_usart_getc                       00000000
_usart_gets                       00000000
r0x00                             00000000
r0x01                             00000001
r0x02                             00000002
r0x03                             00000003
r0x04                             00000004

Errors   :     0
Warnings :     0 reported,     0 suppressed
Messages :     0 reported,     0 suppressed

