gpasm-0.14.1 (Aug 18 2017)   libio18f14k50_a-i2cwrites.asm8-18-2017  19:27:17          PAGE  1


LOC  OBJECT CODE     LINE SOURCE TEXT
  VALUE

                      00001 ;--------------------------------------------------------
                      00002 ; File Created by SDCC : free open source ANSI-C Compiler
                      00003 ; Version 3.2.0 #8004 (Aug 18 2017) (MINGW32)
                      00004 ; This file was generated Fri Aug 18 19:27:17 2017
                      00005 ;--------------------------------------------------------
                      00006 ; PIC16 port for the Microchip 16-bit core micros
                      00007 ;--------------------------------------------------------
                      00008         list    p=18f14k50
                      00009 
                      00010         radix dec
                      00011 
                      00012 ;--------------------------------------------------------
                      00013 ; public variables in this module
                      00014 ;--------------------------------------------------------
                      00015         global  _i2c_writestr
                      00016 
                      00017 ;--------------------------------------------------------
                      00018 ; extern variables in this module
                      00019 ;--------------------------------------------------------
                      00020         extern  __gptrget1
                      00021         extern  _UEP0bits
                      00022         extern  _UEP1bits
                      00023         extern  _UEP2bits
                      00024         extern  _UEP3bits
                      00025         extern  _UEP4bits
                      00026         extern  _UEP5bits
                      00027         extern  _UEP6bits
                      00028         extern  _UEP7bits
                      00029         extern  _UEIEbits
                      00030         extern  _UADDRbits
                      00031         extern  _UFRMLbits
                      00032         extern  _UFRMHbits
                      00033         extern  _UEIRbits
                      00034         extern  _UIEbits
                      00035         extern  _UCFGbits
                      00036         extern  _UIRbits
                      00037         extern  _USTATbits
                      00038         extern  _UCONbits
                      00039         extern  _SRCON0bits
                      00040         extern  _SRCON1bits
                      00041         extern  _CM2CON0bits
                      00042         extern  _CM2CON1bits
                      00043         extern  _CM1CON0bits
                      00044         extern  _SSPMSKbits
                      00045         extern  _SLRCONbits
                      00046         extern  _WPUAbits
                      00047         extern  _WPUBbits
                      00048         extern  _IOCAbits
                      00049         extern  _IOCBbits
                      00050         extern  _ANSELbits
                      00051         extern  _ANSELHbits
                      00052         extern  _PORTAbits
                      00053         extern  _PORTBbits
gpasm-0.14.1 (Aug 18 2017)   libio18f14k50_a-i2cwrites.asm8-18-2017  19:27:17          PAGE  2


LOC  OBJECT CODE     LINE SOURCE TEXT
  VALUE

                      00054         extern  _PORTCbits
                      00055         extern  _LATAbits
                      00056         extern  _LATBbits
                      00057         extern  _LATCbits
                      00058         extern  _DDRAbits
                      00059         extern  _TRISAbits
                      00060         extern  _DDRBbits
                      00061         extern  _TRISBbits
                      00062         extern  _DDRCbits
                      00063         extern  _TRISCbits
                      00064         extern  _OSCTUNEbits
                      00065         extern  _PIE1bits
                      00066         extern  _PIR1bits
                      00067         extern  _IPR1bits
                      00068         extern  _PIE2bits
                      00069         extern  _PIR2bits
                      00070         extern  _IPR2bits
                      00071         extern  _EECON1bits
                      00072         extern  _EEADRbits
                      00073         extern  _EEADRHbits
                      00074         extern  _RCSTAbits
                      00075         extern  _TXSTAbits
                      00076         extern  _T3CONbits
                      00077         extern  _ECCP1ASbits
                      00078         extern  _PWM1CONbits
                      00079         extern  _BAUDCONbits
                      00080         extern  _BAUDCTLbits
                      00081         extern  _PSTRCONbits
                      00082         extern  _REFCON0bits
                      00083         extern  _VREFCON0bits
                      00084         extern  _REFCON1bits
                      00085         extern  _VREFCON1bits
                      00086         extern  _REFCON2bits
                      00087         extern  _VREFCON2bits
                      00088         extern  _CCP1CONbits
                      00089         extern  _ADCON2bits
                      00090         extern  _ADCON1bits
                      00091         extern  _ADCON0bits
                      00092         extern  _SSPCON2bits
                      00093         extern  _SSPCON1bits
                      00094         extern  _SSPSTATbits
                      00095         extern  _T2CONbits
                      00096         extern  _T1CONbits
                      00097         extern  _RCONbits
                      00098         extern  _WDTCONbits
                      00099         extern  _OSCCON2bits
                      00100         extern  _OSCCONbits
                      00101         extern  _T0CONbits
                      00102         extern  _STATUSbits
                      00103         extern  _INTCON3bits
                      00104         extern  _INTCON2bits
                      00105         extern  _INTCONbits
                      00106         extern  _STKPTRbits
gpasm-0.14.1 (Aug 18 2017)   libio18f14k50_a-i2cwrites.asm8-18-2017  19:27:17          PAGE  3


LOC  OBJECT CODE     LINE SOURCE TEXT
  VALUE

                      00107         extern  _UEP0
                      00108         extern  _UEP1
                      00109         extern  _UEP2
                      00110         extern  _UEP3
                      00111         extern  _UEP4
                      00112         extern  _UEP5
                      00113         extern  _UEP6
                      00114         extern  _UEP7
                      00115         extern  _UEIE
                      00116         extern  _UADDR
                      00117         extern  _UFRML
                      00118         extern  _UFRMH
                      00119         extern  _UEIR
                      00120         extern  _UIE
                      00121         extern  _UCFG
                      00122         extern  _UIR
                      00123         extern  _USTAT
                      00124         extern  _UCON
                      00125         extern  _SRCON0
                      00126         extern  _SRCON1
                      00127         extern  _CM2CON0
                      00128         extern  _CM2CON1
                      00129         extern  _CM1CON0
                      00130         extern  _SSPMSK
                      00131         extern  _SLRCON
                      00132         extern  _WPUA
                      00133         extern  _WPUB
                      00134         extern  _IOCA
                      00135         extern  _IOCB
                      00136         extern  _ANSEL
                      00137         extern  _ANSELH
                      00138         extern  _PORTA
                      00139         extern  _PORTB
                      00140         extern  _PORTC
                      00141         extern  _LATA
                      00142         extern  _LATB
                      00143         extern  _LATC
                      00144         extern  _DDRA
                      00145         extern  _TRISA
                      00146         extern  _DDRB
                      00147         extern  _TRISB
                      00148         extern  _DDRC
                      00149         extern  _TRISC
                      00150         extern  _OSCTUNE
                      00151         extern  _PIE1
                      00152         extern  _PIR1
                      00153         extern  _IPR1
                      00154         extern  _PIE2
                      00155         extern  _PIR2
                      00156         extern  _IPR2
                      00157         extern  _EECON1
                      00158         extern  _EECON2
                      00159         extern  _EEDATA
gpasm-0.14.1 (Aug 18 2017)   libio18f14k50_a-i2cwrites.asm8-18-2017  19:27:17          PAGE  4


LOC  OBJECT CODE     LINE SOURCE TEXT
  VALUE

                      00160         extern  _EEADR
                      00161         extern  _EEADRH
                      00162         extern  _RCSTA
                      00163         extern  _TXSTA
                      00164         extern  _TXREG
                      00165         extern  _RCREG
                      00166         extern  _SPBRG
                      00167         extern  _SPBRGH
                      00168         extern  _T3CON
                      00169         extern  _TMR3L
                      00170         extern  _TMR3H
                      00171         extern  _ECCP1AS
                      00172         extern  _PWM1CON
                      00173         extern  _BAUDCON
                      00174         extern  _BAUDCTL
                      00175         extern  _PSTRCON
                      00176         extern  _REFCON0
                      00177         extern  _VREFCON0
                      00178         extern  _REFCON1
                      00179         extern  _VREFCON1
                      00180         extern  _REFCON2
                      00181         extern  _VREFCON2
                      00182         extern  _CCP1CON
                      00183         extern  _CCPR1
                      00184         extern  _CCPR1L
                      00185         extern  _CCPR1H
                      00186         extern  _ADCON2
                      00187         extern  _ADCON1
                      00188         extern  _ADCON0
                      00189         extern  _ADRES
                      00190         extern  _ADRESL
                      00191         extern  _ADRESH
                      00192         extern  _SSPCON2
                      00193         extern  _SSPCON1
                      00194         extern  _SSPSTAT
                      00195         extern  _SSPADD
                      00196         extern  _SSPBUF
                      00197         extern  _T2CON
                      00198         extern  _PR2
                      00199         extern  _TMR2
                      00200         extern  _T1CON
                      00201         extern  _TMR1L
                      00202         extern  _TMR1H
                      00203         extern  _RCON
                      00204         extern  _WDTCON
                      00205         extern  _OSCCON2
                      00206         extern  _OSCCON
                      00207         extern  _T0CON
                      00208         extern  _TMR0L
                      00209         extern  _TMR0H
                      00210         extern  _STATUS
                      00211         extern  _FSR2L
                      00212         extern  _FSR2H
gpasm-0.14.1 (Aug 18 2017)   libio18f14k50_a-i2cwrites.asm8-18-2017  19:27:17          PAGE  5


LOC  OBJECT CODE     LINE SOURCE TEXT
  VALUE

                      00213         extern  _PLUSW2
                      00214         extern  _PREINC2
                      00215         extern  _POSTDEC2
                      00216         extern  _POSTINC2
                      00217         extern  _INDF2
                      00218         extern  _BSR
                      00219         extern  _FSR1L
                      00220         extern  _FSR1H
                      00221         extern  _PLUSW1
                      00222         extern  _PREINC1
                      00223         extern  _POSTDEC1
                      00224         extern  _POSTINC1
                      00225         extern  _INDF1
                      00226         extern  _WREG
                      00227         extern  _FSR0L
                      00228         extern  _FSR0H
                      00229         extern  _PLUSW0
                      00230         extern  _PREINC0
                      00231         extern  _POSTDEC0
                      00232         extern  _POSTINC0
                      00233         extern  _INDF0
                      00234         extern  _INTCON3
                      00235         extern  _INTCON2
                      00236         extern  _INTCON
                      00237         extern  _PROD
                      00238         extern  _PRODL
                      00239         extern  _PRODH
                      00240         extern  _TABLAT
                      00241         extern  _TBLPTR
                      00242         extern  _TBLPTRL
                      00243         extern  _TBLPTRH
                      00244         extern  _TBLPTRU
                      00245         extern  _PC
                      00246         extern  _PCL
                      00247         extern  _PCLATH
                      00248         extern  _PCLATU
                      00249         extern  _STKPTR
                      00250         extern  _TOS
                      00251         extern  _TOSL
                      00252         extern  _TOSH
                      00253         extern  _TOSU
                      00254         extern  _i2c_writechar
                      00255 
                      00256 ;--------------------------------------------------------
                      00257 ;       Equates to used internal registers
                      00258 ;--------------------------------------------------------
  00000FD8            00259 STATUS  equ     0xfd8
  00000FE8            00260 WREG    equ     0xfe8
  00000FE9            00261 FSR0L   equ     0xfe9
  00000FE1            00262 FSR1L   equ     0xfe1
  00000FD9            00263 FSR2L   equ     0xfd9
  00000FE6            00264 POSTINC1        equ     0xfe6
  00000FE5            00265 POSTDEC1        equ     0xfe5
gpasm-0.14.1 (Aug 18 2017)   libio18f14k50_a-i2cwrites.asm8-18-2017  19:27:17          PAGE  6


LOC  OBJECT CODE     LINE SOURCE TEXT
  VALUE

  00000FE4            00266 PREINC1 equ     0xfe4
  00000FDB            00267 PLUSW2  equ     0xfdb
  00000FF3            00268 PRODL   equ     0xff3
                      00269 
                      00270 
                      00271 ; Internal registers
                      00272 .registers      udata_ovr       0x0000
000000                00273 r0x00   res     1
000001                00274 r0x01   res     1
000002                00275 r0x02   res     1
000003                00276 r0x03   res     1
000004                00277 r0x04   res     1
                      00278 
                      00279 ;--------------------------------------------------------
                      00280 ; global & static initialisations
                      00281 ;--------------------------------------------------------
                      00282 ; I code from now on!
                      00283 ; ; Starting pCode block
                      00284 ; ;ic:1:  _entry($20) :
                      00285 ; ;ic:2:        proc _i2c_writestr [k1 lr0:0 so:0]{ ia0 a2p0 re0 rm0 nos0 ru0 dp0}{char function ( unsigned-char generic* fixed) fixed}
                      00286 S_i2cwrites__i2c_writestr       code
000000                00287 _i2c_writestr:
                      00288 ;       .line   32; i2c/i2cwrites.c     char i2c_writestr(unsigned char *ptr)
000000 CFD9 FFE5      00289         MOVFF   FSR2L, POSTDEC1
000004 CFE1 FFD9      00290         MOVFF   FSR1L, FSR2L
000008 C000 FFE5      00291         MOVFF   r0x00, POSTDEC1
00000C C000 FFE5      00292         MOVFF   r0x01, POSTDEC1
000010 C000 FFE5      00293         MOVFF   r0x02, POSTDEC1
000014 C000 FFE5      00294         MOVFF   r0x03, POSTDEC1
000018 C000 FFE5      00295         MOVFF   r0x04, POSTDEC1
                      00296 ; ;ic:3: iTemp35 [k54 lr3:56 so:0]{ ia0 a2p0 re0 rm0 nos0 ru0 dp0}{unsigned-char generic* fixed}[r0x00 r0x01 r0x02 ] = recv _i2c_writestr [k1 lr0:0 so:0]{ ia0 a2p0 re0 rm0 nos0 ru0 dp0}{char function ( unsigned-char generic* fixed) fixed}
00001C 0E02           00297         MOVLW   0x02
00001E CFDB F000      00298         MOVFF   PLUSW2, r0x00
000022 0E03           00299         MOVLW   0x03
000024 CFDB F000      00300         MOVFF   PLUSW2, r0x01
000028 0E04           00301         MOVLW   0x04
00002A CFDB F000      00302         MOVFF   PLUSW2, r0x02
                      00303 ; ;ic:5:  _whilecontinue_0($16) :
                      00304 ; ;ic:6:        iTemp2 [k5 lr6:12 so:0]{ ia0 a2p0 re0 rm0 nos0 ru0 dp0}{unsigned-char register}[r0x03 ] = @[iTemp35 [k54 lr3:56 so:0]{ ia1 a2p0 re0 rm0 nos0 ru0 dp0}{unsigned-char generic* fixed}[r0x00 r0x01 r0x02 ] + 0x0 {const-unsigned-char literal}]
00002E                00305 _00120_DS_:
                      00306 ;       .line   34; i2c/i2cwrites.c     while( *ptr ) {
00002E C000 FFE9      00307         MOVFF   r0x00, FSR0L
000032 C000 FFF3      00308         MOVFF   r0x01, PRODL
000036 5000           00309         MOVF    r0x02, W
000038 EC00 F000      00310         CALL    __gptrget1
00003C 6E00           00311         MOVWF   r0x03
                      00312 ; ;ic:7:        if iTemp2 [k5 lr6:12 so:0]{ ia0 a2p0 re0 rm0 nos0 ru0 dp0}{unsigned-char register}[r0x03 ] == 0 goto _whilebreak_0($18)
00003E 5000           00313         MOVF    r0x03, W
000040 E000           00314         BZ      _00122_DS_
                      00315 ; ;ic:8:        iTemp3 [k7 lr8:9 so:0]{ ia0 a2p0 re0 rm1 nos0 ru0 dp0}{volatile-unsigned-bitfield {3,1} near* fixed}[remat] = &[_SSPCON1bits [k6 lr0:0 so:0]{ ia0 a2p0 re0 rm0 nos0 ru0 dp0}{volatile-struct __00000402 fixed}]
                      00316 ; ;ic:9:        iTemp4 [k9 lr9:10 so:0]{ ia0 a2p0 re0 rm1 nos0 ru0 dp0}{volatile-unsigned-bitfield {3,1} near* fixed}[remat] := iTemp3 [k7 lr8:9 so:0]{ ia0 a2p0 re0 rm1 nos0 ru0 dp0}{volatile-unsigned-bitfield {3,1} near* fixed}[remat]
                      00317 ; ;ic:10:       iTemp5 [k10 lr10:11 so:0]{ ia0 a2p0 re0 rm0 nos0 ru0 dp0}{volatile-unsigned-bitfield {3,1} fixed}[bad ] = @[iTemp4 [k9 lr9:10 so:0]{ ia1 a2p0 re0 rm1 nos0 ru0 dp0}{volatile-unsigned-bitfield {3,1} near* fixed}[remat] + 0x0 {const-unsigned-char literal}]
                      00318 ;       .line   35; i2c/i2cwrites.c     if( SSPCON1bits.SSPM3 ) {
gpasm-0.14.1 (Aug 18 2017)   libio18f14k50_a-i2cwrites.asm8-18-2017  19:27:17          PAGE  7


LOC  OBJECT CODE     LINE SOURCE TEXT
  VALUE

000042 A600           00319         BTFSS   _SSPCON1bits, 3
000044 D000           00320         BRA     _00118_DS_
                      00321 ; ;ic:11:       if iTemp5 [k10 lr10:11 so:0]{ ia0 a2p0 re0 rm0 nos0 ru0 dp0}{volatile-unsigned-bitfield {3,1} fixed}[bad ] == 0 goto _iffalse_3($14)
                      00322 ; ;ic:12:       send iTemp2 [k5 lr6:12 so:0]{ ia0 a2p0 re0 rm0 nos0 ru0 dp0}{unsigned-char register}[r0x03 ]{argreg = 1}
                      00323 ; ;ic:13:       iTemp8 [k15 lr13:14 so:0]{ ia0 a2p0 re0 rm0 nos0 ru0 dp0}{char fixed}[r0x03 ] = call _i2c_writechar [k11 lr0:0 so:0]{ ia0 a2p0 re0 rm0 nos0 ru0 dp0}{char function ( unsigned-char fixed) fixed}
                      00324 ;       .line   36; i2c/i2cwrites.c     if(i2c_writechar( *ptr )) {
000046 5000           00325         MOVF    r0x03, W
000048 6EE5           00326         MOVWF   POSTDEC1
00004A EC00 F000      00327         CALL    _i2c_writechar
00004E 6E00           00328         MOVWF   r0x03
000050 52E6           00329         MOVF    POSTINC1, F
                      00330 ; ;ic:14:       if iTemp8 [k15 lr13:14 so:0]{ ia0 a2p0 re0 rm0 nos0 ru0 dp0}{char fixed}[r0x03 ] == 0 goto _docontinue_0($3)
000052 5000           00331         MOVF    r0x03, W
000054 E000           00332         BZ      _00107_DS_
                      00333 ; ;ic:15:       ret 0xfffffffd {const-char literal}
                      00334 ;       .line   37; i2c/i2cwrites.c     return (-3);
000056 0EFD           00335         MOVLW   0xfd
000058 D000           00336         BRA     _00123_DS_
                      00337 ; ;ic:17:  _docontinue_0($3) :
                      00338 ; ;ic:18:       iTemp9 [k17 lr18:22 so:0]{ ia0 a2p0 re0 rm0 nos0 ru0 dp0}{unsigned-char register}[r0x03 ] = _SSPCON2 [k16 lr0:0 so:0]{ ia0 a2p0 re0 rm0 nos0 ru0 dp0}{volatile-unsigned-char sfr} & 0x1f {const-unsigned-char literal}
00005A                00339 _00107_DS_:
                      00340 ;       .line   39; i2c/i2cwrites.c     I2C_IDLE();
00005A 0E1F           00341         MOVLW   0x1f
00005C 1400           00342         ANDWF   _SSPCON2, W
00005E 6E00           00343         MOVWF   r0x03
                      00344 ; ;ic:19:       iTemp10 [k19 lr19:20 so:0]{ ia0 a2p0 re0 rm1 nos0 ru0 dp0}{volatile-unsigned-bitfield {2,1} near* fixed}[remat] = &[_SSPSTATbits [k18 lr0:0 so:0]{ ia0 a2p0 re0 rm0 nos0 ru0 dp0}{volatile-struct __00000404 fixed}]
                      00345 ; ;ic:20:       iTemp11 [k21 lr20:21 so:0]{ ia0 a2p0 re0 rm1 nos0 ru0 dp0}{volatile-unsigned-bitfield {2,1} near* fixed}[remat] := iTemp10 [k19 lr19:20 so:0]{ ia0 a2p0 re0 rm1 nos0 ru0 dp0}{volatile-unsigned-bitfield {2,1} near* fixed}[remat]
                      00346 ; ;ic:21:       iTemp12 [k22 lr21:23 so:0]{ ia0 a2p0 re0 rm0 nos0 ru0 dp0}{volatile-unsigned-bitfield {2,1} fixed}[r0x04 ] = @[iTemp11 [k21 lr20:21 so:0]{ ia1 a2p0 re0 rm1 nos0 ru0 dp0}{volatile-unsigned-bitfield {2,1} near* fixed}[remat] + 0x0 {const-unsigned-char literal}]
000060 6A00           00347         CLRF    r0x04
000062 B400           00348         BTFSC   _SSPSTATbits, 2
000064 2A00           00349         INCF    r0x04, F
                      00350 ; ;ic:22:       iTemp13 [k23 lr22:24 so:0]{ ia0 a2p0 re0 rm0 nos0 ru0 dp0}{char register}[r0x03 ] = (char register)iTemp9 [k17 lr18:22 so:0]{ ia0 a2p0 re0 rm0 nos0 ru0 dp0}{unsigned-char register}[r0x03 ]
                      00351 ; ;ic:23:       iTemp14 [k24 lr23:24 so:0]{ ia0 a2p0 re0 rm0 nos0 ru0 dp0}{char register}[r0x04 ] = (char register)iTemp12 [k22 lr21:23 so:0]{ ia0 a2p0 re0 rm0 nos0 ru0 dp0}{volatile-unsigned-bitfield {2,1} fixed}[r0x04 ]
                      00352 ; ;ic:24:       iTemp15 [k25 lr24:25 so:0]{ ia0 a2p0 re0 rm0 nos0 ru0 dp0}{char register}[r0x03 ] = iTemp13 [k23 lr22:24 so:0]{ ia0 a2p0 re0 rm0 nos0 ru0 dp0}{char register}[r0x03 ] | iTemp14 [k24 lr23:24 so:0]{ ia0 a2p0 re0 rm0 nos0 ru0 dp0}{char register}[r0x04 ]
000066 5000           00353         MOVF    r0x04, W
000068 1200           00354         IORWF   r0x03, F
                      00355 ; ;ic:25:       if iTemp15 [k25 lr24:25 so:0]{ ia0 a2p0 re0 rm0 nos0 ru0 dp0}{char register}[r0x03 ] != 0 goto _docontinue_0($3)
00006A 5000           00356         MOVF    r0x03, W
00006C E100           00357         BNZ     _00107_DS_
                      00358 ; ;ic:26:       iTemp16 [k27 lr26:27 so:0]{ ia0 a2p0 re0 rm1 nos0 ru0 dp0}{volatile-unsigned-bitfield {6,1} near* fixed}[remat] = &[_SSPCON2bits [k26 lr0:0 so:0]{ ia0 a2p0 re0 rm0 nos0 ru0 dp0}{volatile-struct __00000400 fixed}]
                      00359 ; ;ic:27:       iTemp17 [k29 lr27:28 so:0]{ ia0 a2p0 re0 rm1 nos0 ru0 dp0}{volatile-unsigned-bitfield {6,1} near* fixed}[remat] := iTemp16 [k27 lr26:27 so:0]{ ia0 a2p0 re0 rm1 nos0 ru0 dp0}{volatile-unsigned-bitfield {6,1} near* fixed}[remat]
                      00360 ; ;ic:28:       iTemp18 [k30 lr28:29 so:0]{ ia0 a2p0 re0 rm0 nos0 ru0 dp0}{volatile-unsigned-bitfield {6,1} fixed}[bad ] = @[iTemp17 [k29 lr27:28 so:0]{ ia1 a2p0 re0 rm1 nos0 ru0 dp0}{volatile-unsigned-bitfield {6,1} near* fixed}[remat] + 0x0 {const-unsigned-char literal}]
                      00361 ;       .line   40; i2c/i2cwrites.c     if( SSPCON2bits.ACKSTAT ) {
00006E AC00           00362         BTFSS   _SSPCON2bits, 6
000070 D000           00363         BRA     _00119_DS_
                      00364 ; ;ic:29:       if iTemp18 [k30 lr28:29 so:0]{ ia0 a2p0 re0 rm0 nos0 ru0 dp0}{volatile-unsigned-bitfield {6,1} fixed}[bad ] == 0 goto _ifend_3($15)
                      00365 ; ;ic:30:       ret 0xfffffffe {const-char literal}
                      00366 ;       .line   41; i2c/i2cwrites.c     return (-2);
000072 0EFE           00367         MOVLW   0xfe
000074 D000           00368         BRA     _00123_DS_
                      00369 ; ;ic:31:  _iffalse_3($14) :
                      00370 ; ;ic:32:       iTemp19 [k32 lr32:33 so:0]{ ia0 a2p0 re0 rm1 nos0 ru0 dp0}{volatile-unsigned-bitfield {3,1} near* fixed}[remat] = &[_PIR1bits [k31 lr0:0 so:0]{ ia0 a2p0 re0 rm0 nos0 ru0 dp0}{volatile-struct __00000253 fixed}]
                      00371 ; ;ic:33:       iTemp20 [k34 lr33:34 so:0]{ ia0 a2p0 re0 rm1 nos0 ru0 dp0}{volatile-unsigned-bitfield {3,1} near* fixed}[remat] := iTemp19 [k32 lr32:33 so:0]{ ia0 a2p0 re0 rm1 nos0 ru0 dp0}{volatile-unsigned-bitfield {3,1} near* fixed}[remat]
gpasm-0.14.1 (Aug 18 2017)   libio18f14k50_a-i2cwrites.asm8-18-2017  19:27:17          PAGE  8


LOC  OBJECT CODE     LINE SOURCE TEXT
  VALUE

                      00372 ; ;ic:34:       *(iTemp20 [k34 lr33:34 so:0]{ ia1 a2p0 re0 rm1 nos0 ru0 dp0}{volatile-unsigned-bitfield {3,1} near* fixed}[remat]) := 0x0 {const-unsigned-char literal}
000076                00373 _00118_DS_:
                      00374 ;       .line   44; i2c/i2cwrites.c     PIR1bits.SSPIF = 0;
000076 9600           00375         BCF     _PIR1bits, 3
                      00376 ; ;ic:35:       _SSPBUF [k35 lr0:0 so:0]{ ia1 a2p0 re0 rm0 nos0 ru0 dp0}{volatile-unsigned-char sfr} = @[iTemp35 [k54 lr3:56 so:0]{ ia1 a2p0 re0 rm0 nos0 ru0 dp0}{unsigned-char generic* fixed}[r0x00 r0x01 r0x02 ] + 0x0 {const-unsigned-char literal}]
                      00377 ;       .line   45; i2c/i2cwrites.c     SSPBUF = *ptr;
000078 C000 FFE9      00378         MOVFF   r0x00, FSR0L
00007C C000 FFF3      00379         MOVFF   r0x01, PRODL
000080 5000           00380         MOVF    r0x02, W
000082 EC00 F000      00381         CALL    __gptrget1
000086 6E00           00382         MOVWF   _SSPBUF
                      00383 ; ;ic:36:       iTemp23 [k38 lr36:37 so:0]{ ia0 a2p0 re0 rm1 nos0 ru0 dp0}{volatile-unsigned-bitfield {4,1} near* fixed}[remat] = &[_SSPCON1bits [k6 lr0:0 so:0]{ ia0 a2p0 re0 rm0 nos0 ru0 dp0}{volatile-struct __00000402 fixed}]
                      00384 ; ;ic:37:       iTemp24 [k40 lr37:38 so:0]{ ia0 a2p0 re0 rm1 nos0 ru0 dp0}{volatile-unsigned-bitfield {4,1} near* fixed}[remat] := iTemp23 [k38 lr36:37 so:0]{ ia0 a2p0 re0 rm1 nos0 ru0 dp0}{volatile-unsigned-bitfield {4,1} near* fixed}[remat]
                      00385 ; ;ic:38:       *(iTemp24 [k40 lr37:38 so:0]{ ia1 a2p0 re0 rm1 nos0 ru0 dp0}{volatile-unsigned-bitfield {4,1} near* fixed}[remat]) := 0x1 {const-unsigned-char literal}
                      00386 ;       .line   46; i2c/i2cwrites.c     SSPCON1bits.CKP = 1;
000088 8800           00387         BSF     _SSPCON1bits, 4
                      00388 ; ;ic:40:  _whilecontinue_1($7) :
                      00389 ; ;ic:41:       iTemp25 [k41 lr41:42 so:0]{ ia0 a2p0 re0 rm1 nos0 ru0 dp0}{volatile-unsigned-bitfield {3,1} near* fixed}[remat] = &[_PIR1bits [k31 lr0:0 so:0]{ ia0 a2p0 re0 rm0 nos0 ru0 dp0}{volatile-struct __00000253 fixed}]
                      00390 ; ;ic:42:       iTemp26 [k43 lr42:43 so:0]{ ia0 a2p0 re0 rm1 nos0 ru0 dp0}{volatile-unsigned-bitfield {3,1} near* fixed}[remat] := iTemp25 [k41 lr41:42 so:0]{ ia0 a2p0 re0 rm1 nos0 ru0 dp0}{volatile-unsigned-bitfield {3,1} near* fixed}[remat]
                      00391 ; ;ic:43:       iTemp27 [k44 lr43:44 so:0]{ ia0 a2p0 re0 rm0 nos0 ru0 dp0}{volatile-unsigned-bitfield {3,1} fixed}[bad ] = @[iTemp26 [k43 lr42:43 so:0]{ ia1 a2p0 re0 rm1 nos0 ru0 dp0}{volatile-unsigned-bitfield {3,1} near* fixed}[remat] + 0x0 {const-unsigned-char literal}]
00008A                00392 _00111_DS_:
                      00393 ;       .line   47; i2c/i2cwrites.c     while( !PIR1bits.SSPIF );
00008A A600           00394         BTFSS   _PIR1bits, 3
00008C D000           00395         BRA     _00111_DS_
                      00396 ; ;ic:44:       if iTemp27 [k44 lr43:44 so:0]{ ia0 a2p0 re0 rm0 nos0 ru0 dp0}{volatile-unsigned-bitfield {3,1} fixed}[bad ] == 0 goto _whilecontinue_1($7)
                      00397 ; ;ic:45:       iTemp28 [k45 lr45:46 so:0]{ ia0 a2p0 re0 rm1 nos0 ru0 dp0}{volatile-unsigned-bitfield {2,1} near* fixed}[remat] = &[_SSPSTATbits [k18 lr0:0 so:0]{ ia0 a2p0 re0 rm0 nos0 ru0 dp0}{volatile-struct __00000404 fixed}]
                      00398 ; ;ic:46:       iTemp29 [k47 lr46:47 so:0]{ ia0 a2p0 re0 rm1 nos0 ru0 dp0}{volatile-unsigned-bitfield {2,1} near* fixed}[remat] := iTemp28 [k45 lr45:46 so:0]{ ia0 a2p0 re0 rm1 nos0 ru0 dp0}{volatile-unsigned-bitfield {2,1} near* fixed}[remat]
                      00399 ; ;ic:47:       iTemp30 [k48 lr47:48 so:0]{ ia0 a2p0 re0 rm0 nos0 ru0 dp0}{volatile-unsigned-bitfield {2,1} fixed}[bad ] = @[iTemp29 [k47 lr46:47 so:0]{ ia1 a2p0 re0 rm1 nos0 ru0 dp0}{volatile-unsigned-bitfield {2,1} near* fixed}[remat] + 0x0 {const-unsigned-char literal}]
                      00400 ;       .line   49; i2c/i2cwrites.c     if((!SSPSTATbits.R_W) && ( !SSPSTATbits.BF )) {
00008E B400           00401         BTFSC   _SSPSTATbits, 2
000090 D000           00402         BRA     _00119_DS_
                      00403 ; ;ic:48:       if iTemp30 [k48 lr47:48 so:0]{ ia0 a2p0 re0 rm0 nos0 ru0 dp0}{volatile-unsigned-bitfield {2,1} fixed}[bad ] != 0 goto _ifend_3($15)
                      00404 ; ;ic:49:       iTemp31 [k49 lr49:50 so:0]{ ia0 a2p0 re0 rm1 nos0 ru0 dp0}{volatile-unsigned-bitfield {0,1} near* fixed}[remat] = &[_SSPSTATbits [k18 lr0:0 so:0]{ ia0 a2p0 re0 rm0 nos0 ru0 dp0}{volatile-struct __00000404 fixed}]
                      00405 ; ;ic:50:       iTemp32 [k51 lr50:51 so:0]{ ia0 a2p0 re0 rm1 nos0 ru0 dp0}{volatile-unsigned-bitfield {0,1} near* fixed}[remat] := iTemp31 [k49 lr49:50 so:0]{ ia0 a2p0 re0 rm1 nos0 ru0 dp0}{volatile-unsigned-bitfield {0,1} near* fixed}[remat]
                      00406 ; ;ic:51:       iTemp33 [k52 lr51:52 so:0]{ ia0 a2p0 re0 rm0 nos0 ru0 dp0}{volatile-unsigned-bitfield {0,1} fixed}[bad ] = @[iTemp32 [k51 lr50:51 so:0]{ ia1 a2p0 re0 rm1 nos0 ru0 dp0}{volatile-unsigned-bitfield {0,1} near* fixed}[remat] + 0x0 {const-unsigned-char literal}]
000092 B000           00407         BTFSC   _SSPSTATbits, 0
000094 D000           00408         BRA     _00119_DS_
                      00409 ; ;ic:52:       if iTemp33 [k52 lr51:52 so:0]{ ia0 a2p0 re0 rm0 nos0 ru0 dp0}{volatile-unsigned-bitfield {0,1} fixed}[bad ] != 0 goto _ifend_3($15)
                      00410 ; ;ic:53:       ret 0xfffffffe {const-char literal}
                      00411 ;       .line   50; i2c/i2cwrites.c     return (-2);
000096 0EFE           00412         MOVLW   0xfe
000098 D000           00413         BRA     _00123_DS_
                      00414 ; ;ic:54:  _ifend_3($15) :
                      00415 ; ;ic:55:       iTemp35 [k54 lr3:56 so:0]{ ia0 a2p0 re0 rm0 nos0 ru0 dp0}{unsigned-char generic* fixed}[r0x00 r0x01 r0x02 ] = iTemp35 [k54 lr3:56 so:0]{ ia0 a2p0 re0 rm0 nos0 ru0 dp0}{unsigned-char generic* fixed}[r0x00 r0x01 r0x02 ] + 0x1 {const-unsigned-char literal}
00009A                00416 _00119_DS_:
                      00417 ;       .line   54; i2c/i2cwrites.c     ptr++;
00009A 2A00           00418         INCF    r0x00, F
00009C E300           00419         BNC     _00120_DS_
00009E 4A00           00420         INFSNZ  r0x01, F
0000A0 2A00           00421         INCF    r0x02, F
                      00422 ; ;ic:56:        goto _whilecontinue_0($16)
0000A2                00423 _00148_DS_:
0000A2 D000           00424         BRA     _00120_DS_
gpasm-0.14.1 (Aug 18 2017)   libio18f14k50_a-i2cwrites.asm8-18-2017  19:27:17          PAGE  9


LOC  OBJECT CODE     LINE SOURCE TEXT
  VALUE

                      00425 ; ;ic:57:  _whilebreak_0($18) :
                      00426 ; ;ic:58:       ret 0x0 {const-unsigned-char literal}
0000A4                00427 _00122_DS_:
                      00428 ;       .line   57; i2c/i2cwrites.c     return 0;
0000A4 6AE8           00429         CLRF    WREG
                      00430 ; ;ic:59:  _return($19) :
                      00431 ; ;ic:60:       eproc _i2c_writestr [k1 lr0:0 so:0]{ ia0 a2p0 re0 rm0 nos0 ru0 dp0}{char function ( unsigned-char generic* fixed) fixed}
0000A6                00432 _00123_DS_:
0000A6 CFE4 F000      00433         MOVFF   PREINC1, r0x04
0000AA CFE4 F000      00434         MOVFF   PREINC1, r0x03
0000AE CFE4 F000      00435         MOVFF   PREINC1, r0x02
0000B2 CFE4 F000      00436         MOVFF   PREINC1, r0x01
0000B6 CFE4 F000      00437         MOVFF   PREINC1, r0x00
0000BA CFE4 FFD9      00438         MOVFF   PREINC1, FSR2L
0000BE 0012           00439         RETURN  
                      00440 
                      00441 
                      00442 
                      00443 ; Statistics:
                      00444 ; code size:      192 (0x00c0) bytes ( 0.15%)
                      00445 ;                  96 (0x0060) words
                      00446 ; udata size:       0 (0x0000) bytes ( 0.00%)
                      00447 ; access size:      5 (0x0005) bytes
                      00448 
                      00449 
                      00450         end
gpasm-0.14.1 (Aug 18 2017)   libio18f14k50_a-i2cwrites.asm8-18-2017  19:27:17          PAGE 10


SYMBOL TABLE
  LABEL                             VALUE

FSR0L                             00000FE9
FSR1L                             00000FE1
FSR2L                             00000FD9
PLUSW2                            00000FDB
POSTDEC1                          00000FE5
POSTINC1                          00000FE6
PREINC1                           00000FE4
PRODL                             00000FF3
STATUS                            00000FD8
WREG                              00000FE8
_00107_DS_                        0000005A
_00111_DS_                        0000008A
_00118_DS_                        00000076
_00119_DS_                        0000009A
_00120_DS_                        0000002E
_00122_DS_                        000000A4
_00123_DS_                        000000A6
_00148_DS_                        000000A2
_ADCON0                           00000000
_ADCON0bits                       00000000
_ADCON1                           00000000
_ADCON1bits                       00000000
_ADCON2                           00000000
_ADCON2bits                       00000000
_ADRES                            00000000
_ADRESH                           00000000
_ADRESL                           00000000
_ANSEL                            00000000
_ANSELH                           00000000
_ANSELHbits                       00000000
_ANSELbits                        00000000
_BAUDCON                          00000000
_BAUDCONbits                      00000000
_BAUDCTL                          00000000
_BAUDCTLbits                      00000000
_BSR                              00000000
_CCP1CON                          00000000
_CCP1CONbits                      00000000
_CCPR1                            00000000
_CCPR1H                           00000000
_CCPR1L                           00000000
_CM1CON0                          00000000
_CM1CON0bits                      00000000
_CM2CON0                          00000000
_CM2CON0bits                      00000000
_CM2CON1                          00000000
_CM2CON1bits                      00000000
_DDRA                             00000000
_DDRAbits                         00000000
_DDRB                             00000000
_DDRBbits                         00000000
_DDRC                             00000000
_DDRCbits                         00000000
gpasm-0.14.1 (Aug 18 2017)   libio18f14k50_a-i2cwrites.asm8-18-2017  19:27:17          PAGE 11


SYMBOL TABLE
  LABEL                             VALUE 

_ECCP1AS                          00000000
_ECCP1ASbits                      00000000
_EEADR                            00000000
_EEADRH                           00000000
_EEADRHbits                       00000000
_EEADRbits                        00000000
_EECON1                           00000000
_EECON1bits                       00000000
_EECON2                           00000000
_EEDATA                           00000000
_FSR0H                            00000000
_FSR0L                            00000000
_FSR1H                            00000000
_FSR1L                            00000000
_FSR2H                            00000000
_FSR2L                            00000000
_INDF0                            00000000
_INDF1                            00000000
_INDF2                            00000000
_INTCON                           00000000
_INTCON2                          00000000
_INTCON2bits                      00000000
_INTCON3                          00000000
_INTCON3bits                      00000000
_INTCONbits                       00000000
_IOCA                             00000000
_IOCAbits                         00000000
_IOCB                             00000000
_IOCBbits                         00000000
_IPR1                             00000000
_IPR1bits                         00000000
_IPR2                             00000000
_IPR2bits                         00000000
_LATA                             00000000
_LATAbits                         00000000
_LATB                             00000000
_LATBbits                         00000000
_LATC                             00000000
_LATCbits                         00000000
_OSCCON                           00000000
_OSCCON2                          00000000
_OSCCON2bits                      00000000
_OSCCONbits                       00000000
_OSCTUNE                          00000000
_OSCTUNEbits                      00000000
_PC                               00000000
_PCL                              00000000
_PCLATH                           00000000
_PCLATU                           00000000
_PIE1                             00000000
_PIE1bits                         00000000
_PIE2                             00000000
_PIE2bits                         00000000
gpasm-0.14.1 (Aug 18 2017)   libio18f14k50_a-i2cwrites.asm8-18-2017  19:27:17          PAGE 12


SYMBOL TABLE
  LABEL                             VALUE 

_PIR1                             00000000
_PIR1bits                         00000000
_PIR2                             00000000
_PIR2bits                         00000000
_PLUSW0                           00000000
_PLUSW1                           00000000
_PLUSW2                           00000000
_PORTA                            00000000
_PORTAbits                        00000000
_PORTB                            00000000
_PORTBbits                        00000000
_PORTC                            00000000
_PORTCbits                        00000000
_POSTDEC0                         00000000
_POSTDEC1                         00000000
_POSTDEC2                         00000000
_POSTINC0                         00000000
_POSTINC1                         00000000
_POSTINC2                         00000000
_PR2                              00000000
_PREINC0                          00000000
_PREINC1                          00000000
_PREINC2                          00000000
_PROD                             00000000
_PRODH                            00000000
_PRODL                            00000000
_PSTRCON                          00000000
_PSTRCONbits                      00000000
_PWM1CON                          00000000
_PWM1CONbits                      00000000
_RCON                             00000000
_RCONbits                         00000000
_RCREG                            00000000
_RCSTA                            00000000
_RCSTAbits                        00000000
_REFCON0                          00000000
_REFCON0bits                      00000000
_REFCON1                          00000000
_REFCON1bits                      00000000
_REFCON2                          00000000
_REFCON2bits                      00000000
_SLRCON                           00000000
_SLRCONbits                       00000000
_SPBRG                            00000000
_SPBRGH                           00000000
_SRCON0                           00000000
_SRCON0bits                       00000000
_SRCON1                           00000000
_SRCON1bits                       00000000
_SSPADD                           00000000
_SSPBUF                           00000000
_SSPCON1                          00000000
_SSPCON1bits                      00000000
gpasm-0.14.1 (Aug 18 2017)   libio18f14k50_a-i2cwrites.asm8-18-2017  19:27:17          PAGE 13


SYMBOL TABLE
  LABEL                             VALUE 

_SSPCON2                          00000000
_SSPCON2bits                      00000000
_SSPMSK                           00000000
_SSPMSKbits                       00000000
_SSPSTAT                          00000000
_SSPSTATbits                      00000000
_STATUS                           00000000
_STATUSbits                       00000000
_STKPTR                           00000000
_STKPTRbits                       00000000
_T0CON                            00000000
_T0CONbits                        00000000
_T1CON                            00000000
_T1CONbits                        00000000
_T2CON                            00000000
_T2CONbits                        00000000
_T3CON                            00000000
_T3CONbits                        00000000
_TABLAT                           00000000
_TBLPTR                           00000000
_TBLPTRH                          00000000
_TBLPTRL                          00000000
_TBLPTRU                          00000000
_TMR0H                            00000000
_TMR0L                            00000000
_TMR1H                            00000000
_TMR1L                            00000000
_TMR2                             00000000
_TMR3H                            00000000
_TMR3L                            00000000
_TOS                              00000000
_TOSH                             00000000
_TOSL                             00000000
_TOSU                             00000000
_TRISA                            00000000
_TRISAbits                        00000000
_TRISB                            00000000
_TRISBbits                        00000000
_TRISC                            00000000
_TRISCbits                        00000000
_TXREG                            00000000
_TXSTA                            00000000
_TXSTAbits                        00000000
_UADDR                            00000000
_UADDRbits                        00000000
_UCFG                             00000000
_UCFGbits                         00000000
_UCON                             00000000
_UCONbits                         00000000
_UEIE                             00000000
_UEIEbits                         00000000
_UEIR                             00000000
_UEIRbits                         00000000
gpasm-0.14.1 (Aug 18 2017)   libio18f14k50_a-i2cwrites.asm8-18-2017  19:27:17          PAGE 14


SYMBOL TABLE
  LABEL                             VALUE 

_UEP0                             00000000
_UEP0bits                         00000000
_UEP1                             00000000
_UEP1bits                         00000000
_UEP2                             00000000
_UEP2bits                         00000000
_UEP3                             00000000
_UEP3bits                         00000000
_UEP4                             00000000
_UEP4bits                         00000000
_UEP5                             00000000
_UEP5bits                         00000000
_UEP6                             00000000
_UEP6bits                         00000000
_UEP7                             00000000
_UEP7bits                         00000000
_UFRMH                            00000000
_UFRMHbits                        00000000
_UFRML                            00000000
_UFRMLbits                        00000000
_UIE                              00000000
_UIEbits                          00000000
_UIR                              00000000
_UIRbits                          00000000
_USTAT                            00000000
_USTATbits                        00000000
_VREFCON0                         00000000
_VREFCON0bits                     00000000
_VREFCON1                         00000000
_VREFCON1bits                     00000000
_VREFCON2                         00000000
_VREFCON2bits                     00000000
_WDTCON                           00000000
_WDTCONbits                       00000000
_WPUA                             00000000
_WPUAbits                         00000000
_WPUB                             00000000
_WPUBbits                         00000000
_WREG                             00000000
__18F14K50                        00000001
__gptrget1                        00000000
_i2c_writechar                    00000000
_i2c_writestr                     00000000
r0x00                             00000000
r0x01                             00000001
r0x02                             00000002
r0x03                             00000003
r0x04                             00000004

Errors   :     0
Warnings :     0 reported,     0 suppressed
Messages :     0 reported,     0 suppressed

