gpasm-0.14.1 (Aug 18 2017)   libio18f1320_a-uputs.asm8-18-2017  19:25:58          PAGE  1


LOC  OBJECT CODE     LINE SOURCE TEXT
  VALUE

                      00001 ;--------------------------------------------------------
                      00002 ; File Created by SDCC : free open source ANSI-C Compiler
                      00003 ; Version 3.2.0 #8004 (Aug 18 2017) (MINGW32)
                      00004 ; This file was generated Fri Aug 18 19:25:58 2017
                      00005 ;--------------------------------------------------------
                      00006 ; PIC16 port for the Microchip 16-bit core micros
                      00007 ;--------------------------------------------------------
                      00008         list    p=18f1320
                      00009 
                      00010         radix dec
                      00011 
                      00012 ;--------------------------------------------------------
                      00013 ; public variables in this module
                      00014 ;--------------------------------------------------------
                      00015         global  _usart_puts
                      00016 
                      00017 ;--------------------------------------------------------
                      00018 ; extern variables in this module
                      00019 ;--------------------------------------------------------
                      00020         extern  __gptrget1
                      00021         extern  _PORTAbits
                      00022         extern  _PORTBbits
                      00023         extern  _LATAbits
                      00024         extern  _LATBbits
                      00025         extern  _TRISAbits
                      00026         extern  _TRISBbits
                      00027         extern  _PIE1bits
                      00028         extern  _PIR1bits
                      00029         extern  _IPR1bits
                      00030         extern  _PIE2bits
                      00031         extern  _PIR2bits
                      00032         extern  _IPR2bits
                      00033         extern  _EECON1bits
                      00034         extern  _BAUDCTLbits
                      00035         extern  _RCSTAbits
                      00036         extern  _TXSTAbits
                      00037         extern  _T3CONbits
                      00038         extern  _ECCPASbits
                      00039         extern  _CCP1CONbits
                      00040         extern  _ADCON2bits
                      00041         extern  _ADCON1bits
                      00042         extern  _ADCON0bits
                      00043         extern  _T2CONbits
                      00044         extern  _T1CONbits
                      00045         extern  _RCONbits
                      00046         extern  _WDTCONbits
                      00047         extern  _LVDCONbits
                      00048         extern  _OSCCONbits
                      00049         extern  _T0CONbits
                      00050         extern  _STATUSbits
                      00051         extern  _INTCON3bits
                      00052         extern  _INTCON2bits
                      00053         extern  _INTCONbits
gpasm-0.14.1 (Aug 18 2017)   libio18f1320_a-uputs.asm8-18-2017  19:25:58          PAGE  2


LOC  OBJECT CODE     LINE SOURCE TEXT
  VALUE

                      00054         extern  _STKPTRbits
                      00055         extern  _PORTA
                      00056         extern  _PORTB
                      00057         extern  _LATA
                      00058         extern  _LATB
                      00059         extern  _TRISA
                      00060         extern  _TRISB
                      00061         extern  _PIE1
                      00062         extern  _PIR1
                      00063         extern  _IPR1
                      00064         extern  _PIE2
                      00065         extern  _PIR2
                      00066         extern  _IPR2
                      00067         extern  _EECON1
                      00068         extern  _EECON2
                      00069         extern  _EEDATA
                      00070         extern  _EEADR
                      00071         extern  _BAUDCTL
                      00072         extern  _RCSTA
                      00073         extern  _TXSTA
                      00074         extern  _TXREG
                      00075         extern  _RCREG
                      00076         extern  _SPBRG
                      00077         extern  _SPBRGH
                      00078         extern  _T3CON
                      00079         extern  _TMR3L
                      00080         extern  _TMR3H
                      00081         extern  _ECCPAS
                      00082         extern  _CCP1CON
                      00083         extern  _CCPR1L
                      00084         extern  _CCPR1H
                      00085         extern  _ADCON2
                      00086         extern  _ADCON1
                      00087         extern  _ADCON0
                      00088         extern  _ADRESL
                      00089         extern  _ADRESH
                      00090         extern  _T2CON
                      00091         extern  _PR2
                      00092         extern  _TMR2
                      00093         extern  _T1CON
                      00094         extern  _TMR1L
                      00095         extern  _TMR1H
                      00096         extern  _RCON
                      00097         extern  _WDTCON
                      00098         extern  _LVDCON
                      00099         extern  _OSCCON
                      00100         extern  _T0CON
                      00101         extern  _TMR0L
                      00102         extern  _TMR0H
                      00103         extern  _STATUS
                      00104         extern  _FSR2L
                      00105         extern  _FSR2H
                      00106         extern  _PLUSW2
gpasm-0.14.1 (Aug 18 2017)   libio18f1320_a-uputs.asm8-18-2017  19:25:58          PAGE  3


LOC  OBJECT CODE     LINE SOURCE TEXT
  VALUE

                      00107         extern  _PREINC2
                      00108         extern  _POSTDEC2
                      00109         extern  _POSTINC2
                      00110         extern  _INDF2
                      00111         extern  _BSR
                      00112         extern  _FSR1L
                      00113         extern  _FSR1H
                      00114         extern  _PLUSW1
                      00115         extern  _PREINC1
                      00116         extern  _POSTDEC1
                      00117         extern  _POSTINC1
                      00118         extern  _INDF1
                      00119         extern  _WREG
                      00120         extern  _FSR0L
                      00121         extern  _FSR0H
                      00122         extern  _PLUSW0
                      00123         extern  _PREINC0
                      00124         extern  _POSTDEC0
                      00125         extern  _POSTINC0
                      00126         extern  _INDF0
                      00127         extern  _INTCON3
                      00128         extern  _INTCON2
                      00129         extern  _INTCON
                      00130         extern  _PRODL
                      00131         extern  _PRODH
                      00132         extern  _TABLAT
                      00133         extern  _TBLPTRL
                      00134         extern  _TBLPTRH
                      00135         extern  _TBLPTRU
                      00136         extern  _PCL
                      00137         extern  _PCLATH
                      00138         extern  _PCLATU
                      00139         extern  _STKPTR
                      00140         extern  _TOSL
                      00141         extern  _TOSH
                      00142         extern  _TOSU
                      00143         extern  _usart_busy
                      00144         extern  _usart_putc
                      00145 
                      00146 ;--------------------------------------------------------
                      00147 ;       Equates to used internal registers
                      00148 ;--------------------------------------------------------
  00000FD8            00149 STATUS  equ     0xfd8
  00000FE9            00150 FSR0L   equ     0xfe9
  00000FE1            00151 FSR1L   equ     0xfe1
  00000FD9            00152 FSR2L   equ     0xfd9
  00000FE5            00153 POSTDEC1        equ     0xfe5
  00000FE4            00154 PREINC1 equ     0xfe4
  00000FDB            00155 PLUSW2  equ     0xfdb
  00000FF3            00156 PRODL   equ     0xff3
                      00157 
                      00158 
                      00159 ; Internal registers
gpasm-0.14.1 (Aug 18 2017)   libio18f1320_a-uputs.asm8-18-2017  19:25:58          PAGE  4


LOC  OBJECT CODE     LINE SOURCE TEXT
  VALUE

                      00160 .registers      udata_ovr       0x0000
000000                00161 r0x00   res     1
000001                00162 r0x01   res     1
000002                00163 r0x02   res     1
000003                00164 r0x03   res     1
                      00165 
                      00166 ;--------------------------------------------------------
                      00167 ; global & static initialisations
                      00168 ;--------------------------------------------------------
                      00169 ; I code from now on!
                      00170 ; ; Starting pCode block
                      00171 ; ;ic:1:  _entry($8) :
                      00172 ; ;ic:2:        proc _usart_puts [k1 lr0:0 so:0]{ ia0 a2p0 re0 rm0 nos0 ru0 dp0}{void function ( char generic* fixed) fixed}
                      00173 S_uputs__usart_puts     code
000000                00174 _usart_puts:
                      00175 ;       .line   38; usart/uputs.c       void usart_puts(char *dat)
000000 CFD9 FFE5      00176         MOVFF   FSR2L, POSTDEC1
000004 CFE1 FFD9      00177         MOVFF   FSR1L, FSR2L
000008 C000 FFE5      00178         MOVFF   r0x00, POSTDEC1
00000C C000 FFE5      00179         MOVFF   r0x01, POSTDEC1
000010 C000 FFE5      00180         MOVFF   r0x02, POSTDEC1
000014 C000 FFE5      00181         MOVFF   r0x03, POSTDEC1
                      00182 ; ;ic:3: iTemp6 [k12 lr3:13 so:0]{ ia0 a2p0 re0 rm0 nos0 ru0 dp0}{char generic* fixed}[r0x00 r0x01 r0x02 ] = recv _usart_puts [k1 lr0:0 so:0]{ ia0 a2p0 re0 rm0 nos0 ru0 dp0}{void function ( char generic* fixed) fixed}
000018 0E02           00183         MOVLW   0x02
00001A CFDB F000      00184         MOVFF   PLUSW2, r0x00
00001E 0E03           00185         MOVLW   0x03
000020 CFDB F000      00186         MOVFF   PLUSW2, r0x01
000024 0E04           00187         MOVLW   0x04
000026 CFDB F000      00188         MOVFF   PLUSW2, r0x02
                      00189 ; ;ic:5:  _whilecontinue_0($1) :
                      00190 ; ;ic:6:        iTemp1 [k5 lr6:7 so:0]{ ia0 a2p0 re0 rm0 nos0 ru0 dp0}{unsigned-char fixed}[r0x03 ] = call _usart_busy [k4 lr0:0 so:0]{ ia0 a2p0 re0 rm0 nos0 ru0 dp0}{unsigned-char function ( ) fixed}
00002A                00191 _00105_DS_:
                      00192 ;       .line   41; usart/uputs.c       while( usart_busy() );
00002A EC00 F000      00193         CALL    _usart_busy
00002E 6E00           00194         MOVWF   r0x03
                      00195 ; ;ic:7:        if iTemp1 [k5 lr6:7 so:0]{ ia0 a2p0 re0 rm0 nos0 ru0 dp0}{unsigned-char fixed}[r0x03 ] != 0 goto _whilecontinue_0($1)
000030 5000           00196         MOVF    r0x03, W
000032 E100           00197         BNZ     _00105_DS_
                      00198 ; ;ic:8:        iTemp3 [k8 lr8:9 so:0]{ ia0 a2p0 re0 rm0 nos0 ru0 dp0}{char register}[r0x03 ] = @[iTemp6 [k12 lr3:13 so:0]{ ia1 a2p0 re0 rm0 nos0 ru0 dp0}{char generic* fixed}[r0x00 r0x01 r0x02 ] + 0x0 {const-unsigned-char literal}]
                      00199 ;       .line   42; usart/uputs.c       usart_putc( *dat );
000034 C000 FFE9      00200         MOVFF   r0x00, FSR0L
000038 C000 FFF3      00201         MOVFF   r0x01, PRODL
00003C 5000           00202         MOVF    r0x02, W
00003E EC00 F000      00203         CALL    __gptrget1
                      00204 ; #     MOVWF   r0x03
                      00205 ; #;;ic:9:      send iTemp3 [k8 lr8:9 so:0]{ ia0 a2p0 re0 rm0 nos0 ru0 dp0}{char register}[r0x03 ]{argreg = 1}
                      00206 ; #;;ic:10:     iTemp4 [k10 lr10:10 so:0]{ ia0 a2p0 re0 rm0 nos0 ru0 dp0}{void fixed} = call _usart_putc [k6 lr0:0 so:0]{ ia0 a2p0 re0 rm0 nos0 ru0 dp0}{void function ( unsigned-char fixed) fixed}
                      00207 ; #     MOVF    r0x03, W
000042 EC00 F000      00208         CALL    _usart_putc
                      00209 ; ;ic:11:       iTemp7 [k13 lr11:13 so:0]{ ia0 a2p0 re0 rm0 nos0 ru0 dp0}{char register}[r0x03 ] = @[iTemp6 [k12 lr3:13 so:0]{ ia1 a2p0 re0 rm0 nos0 ru0 dp0}{char generic* fixed}[r0x00 r0x01 r0x02 ] + 0x0 {const-unsigned-char literal}]
                      00210 ;       .line   43; usart/uputs.c       } while( *dat++ );
000046 C000 FFE9      00211         MOVFF   r0x00, FSR0L
00004A C000 FFF3      00212         MOVFF   r0x01, PRODL
gpasm-0.14.1 (Aug 18 2017)   libio18f1320_a-uputs.asm8-18-2017  19:25:58          PAGE  5


LOC  OBJECT CODE     LINE SOURCE TEXT
  VALUE

00004E 5000           00213         MOVF    r0x02, W
000050 EC00 F000      00214         CALL    __gptrget1
000054 6E00           00215         MOVWF   r0x03
                      00216 ; ;ic:12:       iTemp6 [k12 lr3:13 so:0]{ ia0 a2p0 re0 rm0 nos0 ru0 dp0}{char generic* fixed}[r0x00 r0x01 r0x02 ] = iTemp6 [k12 lr3:13 so:0]{ ia0 a2p0 re0 rm0 nos0 ru0 dp0}{char generic* fixed}[r0x00 r0x01 r0x02 ] + 0x1 {const-unsigned-char literal}
000056 2A00           00217         INCF    r0x00, F
000058 E300           00218         BNC     _00118_DS_
00005A 4A00           00219         INFSNZ  r0x01, F
00005C 2A00           00220         INCF    r0x02, F
                      00221 ; ;ic:13:       if iTemp7 [k13 lr11:13 so:0]{ ia0 a2p0 re0 rm0 nos0 ru0 dp0}{char register}[r0x03 ] != 0 goto _whilecontinue_0($1)
00005E                00222 _00118_DS_:
00005E 5000           00223         MOVF    r0x03, W
000060 E100           00224         BNZ     _00105_DS_
                      00225 ; ;ic:14:  _return($7) :
                      00226 ; ;ic:15:       eproc _usart_puts [k1 lr0:0 so:0]{ ia0 a2p0 re0 rm0 nos0 ru0 dp0}{void function ( char generic* fixed) fixed}
000062 CFE4 F000      00227         MOVFF   PREINC1, r0x03
000066 CFE4 F000      00228         MOVFF   PREINC1, r0x02
00006A CFE4 F000      00229         MOVFF   PREINC1, r0x01
00006E CFE4 F000      00230         MOVFF   PREINC1, r0x00
000072 CFE4 FFD9      00231         MOVFF   PREINC1, FSR2L
000076 0012           00232         RETURN  
                      00233 
                      00234 
                      00235 
                      00236 ; Statistics:
                      00237 ; code size:      120 (0x0078) bytes ( 0.09%)
                      00238 ;                  60 (0x003c) words
                      00239 ; udata size:       0 (0x0000) bytes ( 0.00%)
                      00240 ; access size:      4 (0x0004) bytes
                      00241 
                      00242 
                      00243         end
gpasm-0.14.1 (Aug 18 2017)   libio18f1320_a-uputs.asm8-18-2017  19:25:58          PAGE  6


SYMBOL TABLE
  LABEL                             VALUE

FSR0L                             00000FE9
FSR1L                             00000FE1
FSR2L                             00000FD9
PLUSW2                            00000FDB
POSTDEC1                          00000FE5
PREINC1                           00000FE4
PRODL                             00000FF3
STATUS                            00000FD8
_00105_DS_                        0000002A
_00118_DS_                        0000005E
_ADCON0                           00000000
_ADCON0bits                       00000000
_ADCON1                           00000000
_ADCON1bits                       00000000
_ADCON2                           00000000
_ADCON2bits                       00000000
_ADRESH                           00000000
_ADRESL                           00000000
_BAUDCTL                          00000000
_BAUDCTLbits                      00000000
_BSR                              00000000
_CCP1CON                          00000000
_CCP1CONbits                      00000000
_CCPR1H                           00000000
_CCPR1L                           00000000
_ECCPAS                           00000000
_ECCPASbits                       00000000
_EEADR                            00000000
_EECON1                           00000000
_EECON1bits                       00000000
_EECON2                           00000000
_EEDATA                           00000000
_FSR0H                            00000000
_FSR0L                            00000000
_FSR1H                            00000000
_FSR1L                            00000000
_FSR2H                            00000000
_FSR2L                            00000000
_INDF0                            00000000
_INDF1                            00000000
_INDF2                            00000000
_INTCON                           00000000
_INTCON2                          00000000
_INTCON2bits                      00000000
_INTCON3                          00000000
_INTCON3bits                      00000000
_INTCONbits                       00000000
_IPR1                             00000000
_IPR1bits                         00000000
_IPR2                             00000000
_IPR2bits                         00000000
_LATA                             00000000
_LATAbits                         00000000
gpasm-0.14.1 (Aug 18 2017)   libio18f1320_a-uputs.asm8-18-2017  19:25:58          PAGE  7


SYMBOL TABLE
  LABEL                             VALUE 

_LATB                             00000000
_LATBbits                         00000000
_LVDCON                           00000000
_LVDCONbits                       00000000
_OSCCON                           00000000
_OSCCONbits                       00000000
_PCL                              00000000
_PCLATH                           00000000
_PCLATU                           00000000
_PIE1                             00000000
_PIE1bits                         00000000
_PIE2                             00000000
_PIE2bits                         00000000
_PIR1                             00000000
_PIR1bits                         00000000
_PIR2                             00000000
_PIR2bits                         00000000
_PLUSW0                           00000000
_PLUSW1                           00000000
_PLUSW2                           00000000
_PORTA                            00000000
_PORTAbits                        00000000
_PORTB                            00000000
_PORTBbits                        00000000
_POSTDEC0                         00000000
_POSTDEC1                         00000000
_POSTDEC2                         00000000
_POSTINC0                         00000000
_POSTINC1                         00000000
_POSTINC2                         00000000
_PR2                              00000000
_PREINC0                          00000000
_PREINC1                          00000000
_PREINC2                          00000000
_PRODH                            00000000
_PRODL                            00000000
_RCON                             00000000
_RCONbits                         00000000
_RCREG                            00000000
_RCSTA                            00000000
_RCSTAbits                        00000000
_SPBRG                            00000000
_SPBRGH                           00000000
_STATUS                           00000000
_STATUSbits                       00000000
_STKPTR                           00000000
_STKPTRbits                       00000000
_T0CON                            00000000
_T0CONbits                        00000000
_T1CON                            00000000
_T1CONbits                        00000000
_T2CON                            00000000
_T2CONbits                        00000000
gpasm-0.14.1 (Aug 18 2017)   libio18f1320_a-uputs.asm8-18-2017  19:25:58          PAGE  8


SYMBOL TABLE
  LABEL                             VALUE 

_T3CON                            00000000
_T3CONbits                        00000000
_TABLAT                           00000000
_TBLPTRH                          00000000
_TBLPTRL                          00000000
_TBLPTRU                          00000000
_TMR0H                            00000000
_TMR0L                            00000000
_TMR1H                            00000000
_TMR1L                            00000000
_TMR2                             00000000
_TMR3H                            00000000
_TMR3L                            00000000
_TOSH                             00000000
_TOSL                             00000000
_TOSU                             00000000
_TRISA                            00000000
_TRISAbits                        00000000
_TRISB                            00000000
_TRISBbits                        00000000
_TXREG                            00000000
_TXSTA                            00000000
_TXSTAbits                        00000000
_WDTCON                           00000000
_WDTCONbits                       00000000
_WREG                             00000000
__18F1320                         00000001
__gptrget1                        00000000
_usart_busy                       00000000
_usart_putc                       00000000
_usart_puts                       00000000
r0x00                             00000000
r0x01                             00000001
r0x02                             00000002
r0x03                             00000003

Errors   :     0
Warnings :     0 reported,     0 suppressed
Messages :     0 reported,     0 suppressed

