gpasm-0.14.1 (Aug 18 2017)   libio18f1230_a-ugetc.asm8-18-2017  19:25:33          PAGE  1


LOC  OBJECT CODE     LINE SOURCE TEXT
  VALUE

                      00001 ;--------------------------------------------------------
                      00002 ; File Created by SDCC : free open source ANSI-C Compiler
                      00003 ; Version 3.2.0 #8004 (Aug 18 2017) (MINGW32)
                      00004 ; This file was generated Fri Aug 18 19:25:33 2017
                      00005 ;--------------------------------------------------------
                      00006 ; PIC16 port for the Microchip 16-bit core micros
                      00007 ;--------------------------------------------------------
                      00008         list    p=18f1230
                      00009 
                      00010         radix dec
                      00011 
                      00012 ;--------------------------------------------------------
                      00013 ; public variables in this module
                      00014 ;--------------------------------------------------------
                      00015         global  _usart_getc
                      00016 
                      00017 ;--------------------------------------------------------
                      00018 ; extern variables in this module
                      00019 ;--------------------------------------------------------
                      00020         extern  _PORTAbits
                      00021         extern  _PORTBbits
                      00022         extern  _OVDCONSbits
                      00023         extern  _OVDCONDbits
                      00024         extern  _DTCONbits
                      00025         extern  _PWMCON1bits
                      00026         extern  _PWMCON0bits
                      00027         extern  _LATAbits
                      00028         extern  _LATBbits
                      00029         extern  _FLTCONFIGbits
                      00030         extern  _DDRAbits
                      00031         extern  _TRISAbits
                      00032         extern  _DDRBbits
                      00033         extern  _TRISBbits
                      00034         extern  _PTCON1bits
                      00035         extern  _PTCON0bits
                      00036         extern  _OSCTUNEbits
                      00037         extern  _PIE1bits
                      00038         extern  _PIR1bits
                      00039         extern  _IPR1bits
                      00040         extern  _PIE2bits
                      00041         extern  _PIR2bits
                      00042         extern  _IPR2bits
                      00043         extern  _PIE3bits
                      00044         extern  _PIR3bits
                      00045         extern  _IPR3bits
                      00046         extern  _EECON1bits
                      00047         extern  _RCSTAbits
                      00048         extern  _TXSTAbits
                      00049         extern  _CMCONbits
                      00050         extern  _CVRCONbits
                      00051         extern  _BAUDCONbits
                      00052         extern  _BAUDCTLbits
                      00053         extern  _ADCON2bits
gpasm-0.14.1 (Aug 18 2017)   libio18f1230_a-ugetc.asm8-18-2017  19:25:33          PAGE  2


LOC  OBJECT CODE     LINE SOURCE TEXT
  VALUE

                      00054         extern  _ADCON1bits
                      00055         extern  _ADCON0bits
                      00056         extern  _T1CONbits
                      00057         extern  _RCONbits
                      00058         extern  _WDTCONbits
                      00059         extern  _LVDCONbits
                      00060         extern  _OSCCONbits
                      00061         extern  _T0CONbits
                      00062         extern  _STATUSbits
                      00063         extern  _INTCON3bits
                      00064         extern  _INTCON2bits
                      00065         extern  _INTCONbits
                      00066         extern  _STKPTRbits
                      00067         extern  _USART_Status
                      00068         extern  _PORTA
                      00069         extern  _PORTB
                      00070         extern  _OVDCONS
                      00071         extern  _OVDCOND
                      00072         extern  _DTCON
                      00073         extern  _PWMCON1
                      00074         extern  _PWMCON0
                      00075         extern  _SEVTCMPH
                      00076         extern  _SEVTCMPL
                      00077         extern  _LATA
                      00078         extern  _LATB
                      00079         extern  _FLTCONFIG
                      00080         extern  _PDC2H
                      00081         extern  _PDC2L
                      00082         extern  _PDC1H
                      00083         extern  _PDC1L
                      00084         extern  _PDC0H
                      00085         extern  _PDC0L
                      00086         extern  _DDRA
                      00087         extern  _TRISA
                      00088         extern  _DDRB
                      00089         extern  _TRISB
                      00090         extern  _PTPERH
                      00091         extern  _PTPERL
                      00092         extern  _PTMRH
                      00093         extern  _PTMRL
                      00094         extern  _PTCON1
                      00095         extern  _PTCON0
                      00096         extern  _OSCTUNE
                      00097         extern  _PIE1
                      00098         extern  _PIR1
                      00099         extern  _IPR1
                      00100         extern  _PIE2
                      00101         extern  _PIR2
                      00102         extern  _IPR2
                      00103         extern  _PIE3
                      00104         extern  _PIR3
                      00105         extern  _IPR3
                      00106         extern  _EECON1
gpasm-0.14.1 (Aug 18 2017)   libio18f1230_a-ugetc.asm8-18-2017  19:25:33          PAGE  3


LOC  OBJECT CODE     LINE SOURCE TEXT
  VALUE

                      00107         extern  _EECON2
                      00108         extern  _EEDATA
                      00109         extern  _EEADR
                      00110         extern  _RCSTA
                      00111         extern  _TXSTA
                      00112         extern  _TXREG
                      00113         extern  _RCREG
                      00114         extern  _SPBRG
                      00115         extern  _SPBRGH
                      00116         extern  _CMCON
                      00117         extern  _CVRCON
                      00118         extern  _BAUDCON
                      00119         extern  _BAUDCTL
                      00120         extern  _ADCON2
                      00121         extern  _ADCON1
                      00122         extern  _ADCON0
                      00123         extern  _ADRES
                      00124         extern  _ADRESL
                      00125         extern  _ADRESH
                      00126         extern  _T1CON
                      00127         extern  _TMR1L
                      00128         extern  _TMR1H
                      00129         extern  _RCON
                      00130         extern  _WDTCON
                      00131         extern  _LVDCON
                      00132         extern  _OSCCON
                      00133         extern  _T0CON
                      00134         extern  _TMR0L
                      00135         extern  _TMR0H
                      00136         extern  _STATUS
                      00137         extern  _FSR2L
                      00138         extern  _FSR2H
                      00139         extern  _PLUSW2
                      00140         extern  _PREINC2
                      00141         extern  _POSTDEC2
                      00142         extern  _POSTINC2
                      00143         extern  _INDF2
                      00144         extern  _BSR
                      00145         extern  _FSR1L
                      00146         extern  _FSR1H
                      00147         extern  _PLUSW1
                      00148         extern  _PREINC1
                      00149         extern  _POSTDEC1
                      00150         extern  _POSTINC1
                      00151         extern  _INDF1
                      00152         extern  _WREG
                      00153         extern  _FSR0L
                      00154         extern  _FSR0H
                      00155         extern  _PLUSW0
                      00156         extern  _PREINC0
                      00157         extern  _POSTDEC0
                      00158         extern  _POSTINC0
                      00159         extern  _INDF0
gpasm-0.14.1 (Aug 18 2017)   libio18f1230_a-ugetc.asm8-18-2017  19:25:33          PAGE  4


LOC  OBJECT CODE     LINE SOURCE TEXT
  VALUE

                      00160         extern  _INTCON3
                      00161         extern  _INTCON2
                      00162         extern  _INTCON
                      00163         extern  _PROD
                      00164         extern  _PRODL
                      00165         extern  _PRODH
                      00166         extern  _TABLAT
                      00167         extern  _TBLPTR
                      00168         extern  _TBLPTRL
                      00169         extern  _TBLPTRH
                      00170         extern  _TBLPTRU
                      00171         extern  _PC
                      00172         extern  _PCL
                      00173         extern  _PCLATH
                      00174         extern  _PCLATU
                      00175         extern  _STKPTR
                      00176         extern  _TOS
                      00177         extern  _TOSL
                      00178         extern  _TOSH
                      00179         extern  _TOSU
                      00180 
                      00181 ;--------------------------------------------------------
                      00182 ;       Equates to used internal registers
                      00183 ;--------------------------------------------------------
  00000FE8            00184 WREG    equ     0xfe8
  00000FE5            00185 POSTDEC1        equ     0xfe5
  00000FE4            00186 PREINC1 equ     0xfe4
                      00187 
                      00188 ;--------------------------------------------------------
                      00189 ; global & static initialisations
                      00190 ;--------------------------------------------------------
                      00191 ; I code from now on!
                      00192 ; ; Starting pCode block
                      00193 ; ;ic:1:  _entry($10) :
                      00194 ; ;ic:2:        proc _usart_getc [k1 lr0:0 so:0]{ ia0 a2p0 re0 rm0 nos0 ru0 dp0}{unsigned-char function ( ) fixed}
                      00195 S_ugetc__usart_getc     code
000000                00196 _usart_getc:
                      00197 ; ;ic:3:        iTemp0 [k3 lr3:31 so:0]{ ia0 a2p0 re0 rm1 nos0 ru0 dp0}{volatile-unsigned-char near* fixed}[remat] = &[_USART_Status [k2 lr0:0 so:0]{ ia0 a2p0 re0 rm0 nos0 ru0 dp0}{struct USART fixed}]
                      00198 ; ;ic:4:        iTemp4 [k9 lr4:5 so:0]{ ia0 a2p0 re0 rm0 nos0 ru0 dp0}{volatile-unsigned-char fixed}{ sir@ _USART_Status} = @[iTemp0 [k3 lr3:31 so:0]{ ia1 a2p0 re0 rm1 nos0 ru0 dp0}{volatile-unsigned-char near* fixed}[remat] + 0x0 {const-unsigned-char literal}]
                      00199 ; ;ic:5:        iTemp5 [k10 lr5:6 so:0]{ ia0 a2p0 re0 rm0 nos0 ru0 dp0}{unsigned-char register}[r0x00 ] = iTemp4 [k9 lr4:5 so:0]{ ia0 a2p0 re0 rm0 nos0 ru0 dp0}{volatile-unsigned-char fixed}{ sir@ _USART_Status} & 0xf0 {const-unsigned-char literal}
                      00200 ;       .line   43; usart/ugetc.c       USART_Status.val &= 0xf0;
000000 0EF0           00201         MOVLW   0xf0
000002 0100           00202         BANKSEL _USART_Status
000004 1500           00203         ANDWF   _USART_Status, W, B
                      00204 ; #     MOVWF   r0x00
                      00205 ; #;;ic:6:      *(iTemp0 [k3 lr3:31 so:0]{ ia1 a2p0 re0 rm1 nos0 ru0 dp0}{volatile-unsigned-char near* fixed}[remat]) := iTemp5 [k10 lr5:6 so:0]{ ia0 a2p0 re0 rm0 nos0 ru0 dp0}{unsigned-char register}[r0x00 ]
                      00206 ; #     MOVF    r0x00, W
000006 6F00           00207         MOVWF   _USART_Status, B
                      00208 ; ;ic:7:        iTemp6 [k12 lr7:8 so:0]{ ia0 a2p0 re0 rm1 nos0 ru0 dp0}{volatile-unsigned-bitfield {6,1} near* fixed}[remat] = &[_RCSTAbits [k11 lr0:0 so:0]{ ia0 a2p0 re0 rm0 nos0 ru0 dp0}{volatile-struct __00000163 fixed}]
                      00209 ; ;ic:8:        iTemp7 [k14 lr8:9 so:0]{ ia0 a2p0 re0 rm1 nos0 ru0 dp0}{volatile-unsigned-bitfield {6,1} near* fixed}[remat] := iTemp6 [k12 lr7:8 so:0]{ ia0 a2p0 re0 rm1 nos0 ru0 dp0}{volatile-unsigned-bitfield {6,1} near* fixed}[remat]
                      00210 ; ;ic:9:        iTemp8 [k15 lr9:10 so:0]{ ia0 a2p0 re0 rm0 nos0 ru0 dp0}{volatile-unsigned-bitfield {6,1} fixed}[bad ] = @[iTemp7 [k14 lr8:9 so:0]{ ia1 a2p0 re0 rm1 nos0 ru0 dp0}{volatile-unsigned-bitfield {6,1} near* fixed}[remat] + 0x0 {const-unsigned-char literal}]
                      00211 ;       .line   45; usart/ugetc.c       if (RCSTAbits.RX9)
000008 AC00           00212         BTFSS   _RCSTAbits, 6
gpasm-0.14.1 (Aug 18 2017)   libio18f1230_a-ugetc.asm8-18-2017  19:25:33          PAGE  5


LOC  OBJECT CODE     LINE SOURCE TEXT
  VALUE

00000A D000           00213         BRA     _00108_DS_
                      00214 ; ;ic:10:       if iTemp8 [k15 lr9:10 so:0]{ ia0 a2p0 re0 rm0 nos0 ru0 dp0}{volatile-unsigned-bitfield {6,1} fixed}[bad ] == 0 goto _iffalse_1($4)
                      00215 ; ;ic:11:       iTemp10 [k18 lr11:12 so:0]{ ia0 a2p0 re0 rm1 nos0 ru0 dp0}{unsigned-bitfield {0,1} near* fixed}[remat] := iTemp0 [k3 lr3:31 so:0]{ ia0 a2p0 re0 rm1 nos0 ru0 dp0}{volatile-unsigned-char near* fixed}[remat]
                      00216 ; ;ic:12:       *(iTemp10 [k18 lr11:12 so:0]{ ia1 a2p0 re0 rm1 nos0 ru0 dp0}{unsigned-bitfield {0,1} near* fixed}[remat]) := 0x0 {const-unsigned-char literal}
                      00217 ; #     BCF     _USART_Status, 0, B
                      00218 ; #;;ic:13:     iTemp11 [k19 lr13:14 so:0]{ ia0 a2p0 re0 rm1 nos0 ru0 dp0}{volatile-unsigned-bitfield {0,1} near* fixed}[remat] = &[_RCSTAbits [k11 lr0:0 so:0]{ ia0 a2p0 re0 rm0 nos0 ru0 dp0}{volatile-struct __00000163 fixed}]
                      00219 ; #;;ic:14:     iTemp12 [k21 lr14:15 so:0]{ ia0 a2p0 re0 rm1 nos0 ru0 dp0}{volatile-unsigned-bitfield {0,1} near* fixed}[remat] := iTemp11 [k19 lr13:14 so:0]{ ia0 a2p0 re0 rm1 nos0 ru0 dp0}{volatile-unsigned-bitfield {0,1} near* fixed}[remat]
                      00220 ; #;;ic:15:     iTemp13 [k22 lr15:16 so:0]{ ia0 a2p0 re0 rm0 nos0 ru0 dp0}{volatile-unsigned-bitfield {0,1} fixed}[bad ] = @[iTemp12 [k21 lr14:15 so:0]{ ia1 a2p0 re0 rm1 nos0 ru0 dp0}{volatile-unsigned-bitfield {0,1} near* fixed}[remat] + 0x0 {const-unsigned-char literal}]
                      00221 ; #     BTFSS   _RCSTAbits, 0
                      00222 ; #     GOTO    _00108_DS_
                      00223 ; #;;ic:16:     if iTemp13 [k22 lr15:16 so:0]{ ia0 a2p0 re0 rm0 nos0 ru0 dp0}{volatile-unsigned-bitfield {0,1} fixed}[bad ] == 0 goto _iffalse_1($4)
                      00224 ; #;;ic:17:     iTemp15 [k25 lr17:18 so:0]{ ia0 a2p0 re0 rm1 nos0 ru0 dp0}{unsigned-bitfield {0,1} near* fixed}[remat] := iTemp0 [k3 lr3:31 so:0]{ ia0 a2p0 re0 rm1 nos0 ru0 dp0}{volatile-unsigned-char near* fixed}[remat]
                      00225 ; #;;ic:18:     *(iTemp15 [k25 lr17:18 so:0]{ ia1 a2p0 re0 rm1 nos0 ru0 dp0}{unsigned-bitfield {0,1} near* fixed}[remat]) := 0x1 {const-unsigned-char literal}
                      00226 ; #     BSF     _USART_Status, 0, B
                      00227 ; #;;ic:19:  _iffalse_1($4) :
                      00228 ; #;;ic:20:     iTemp16 [k26 lr20:21 so:0]{ ia0 a2p0 re0 rm1 nos0 ru0 dp0}{volatile-unsigned-bitfield {2,1} near* fixed}[remat] = &[_RCSTAbits [k11 lr0:0 so:0]{ ia0 a2p0 re0 rm0 nos0 ru0 dp0}{volatile-struct __00000163 fixed}]
                      00229 ; #;;ic:21:     iTemp17 [k28 lr21:22 so:0]{ ia0 a2p0 re0 rm1 nos0 ru0 dp0}{volatile-unsigned-bitfield {2,1} near* fixed}[remat] := iTemp16 [k26 lr20:21 so:0]{ ia0 a2p0 re0 rm1 nos0 ru0 dp0}{volatile-unsigned-bitfield {2,1} near* fixed}[remat]
                      00230 ; #;;ic:22:     iTemp18 [k29 lr22:23 so:0]{ ia0 a2p0 re0 rm0 nos0 ru0 dp0}{volatile-unsigned-bitfield {2,1} fixed}[bad ] = @[iTemp17 [k28 lr21:22 so:0]{ ia1 a2p0 re0 rm1 nos0 ru0 dp0}{volatile-unsigned-bitfield {2,1} near* fixed}[remat] + 0x0 {const-unsigned-char literal}]
                      00231 ; #     BTFSS   _RCSTAbits, 2
                      00232 ; removed redundant BANKSEL
                      00233 ;       .line   47; usart/ugetc.c       USART_Status.RX_NINE = 0;
00000C 9100           00234         BCF     _USART_Status, 0, B
                      00235 ;       .line   48; usart/ugetc.c       if (RCSTAbits.RX9D)
00000E A000           00236         BTFSS   _RCSTAbits, 0
000010 D000           00237         BRA     _10105_DS_
                      00238 ; removed redundant BANKSEL
                      00239 ;       .line   50; usart/ugetc.c       USART_Status.RX_NINE = 1;
000012 8100           00240         BSF     _USART_Status, 0, B
000014                00241 _10105_DS_:
000014                00242 _00108_DS_:
                      00243 ;       .line   54; usart/ugetc.c       if (RCSTAbits.FERR)
000014 A400           00244         BTFSS   _RCSTAbits, 2
000016 D000           00245         BRA     _00110_DS_
                      00246 ; ;ic:23:       if iTemp18 [k29 lr22:23 so:0]{ ia0 a2p0 re0 rm0 nos0 ru0 dp0}{volatile-unsigned-bitfield {2,1} fixed}[bad ] == 0 goto _iffalse_2($6)
                      00247 ; ;ic:24:       iTemp20 [k32 lr24:25 so:0]{ ia0 a2p0 re0 rm1 nos0 ru0 dp0}{unsigned-bitfield {2,1} near* fixed}[remat] := iTemp0 [k3 lr3:31 so:0]{ ia0 a2p0 re0 rm1 nos0 ru0 dp0}{volatile-unsigned-char near* fixed}[remat]
                      00248 ; ;ic:25:       *(iTemp20 [k32 lr24:25 so:0]{ ia1 a2p0 re0 rm1 nos0 ru0 dp0}{unsigned-bitfield {2,1} near* fixed}[remat]) := 0x1 {const-unsigned-char literal}
000018 0100           00249         BANKSEL _USART_Status
                      00250 ;       .line   55; usart/ugetc.c       USART_Status.FRAME_ERROR = 1;
00001A 8500           00251         BSF     _USART_Status, 2, B
                      00252 ; ;ic:26:  _iffalse_2($6) :
                      00253 ; ;ic:27:       iTemp21 [k33 lr27:28 so:0]{ ia0 a2p0 re0 rm1 nos0 ru0 dp0}{volatile-unsigned-bitfield {1,1} near* fixed}[remat] = &[_RCSTAbits [k11 lr0:0 so:0]{ ia0 a2p0 re0 rm0 nos0 ru0 dp0}{volatile-struct __00000163 fixed}]
                      00254 ; ;ic:28:       iTemp22 [k35 lr28:29 so:0]{ ia0 a2p0 re0 rm1 nos0 ru0 dp0}{volatile-unsigned-bitfield {1,1} near* fixed}[remat] := iTemp21 [k33 lr27:28 so:0]{ ia0 a2p0 re0 rm1 nos0 ru0 dp0}{volatile-unsigned-bitfield {1,1} near* fixed}[remat]
                      00255 ; ;ic:29:       iTemp23 [k36 lr29:30 so:0]{ ia0 a2p0 re0 rm0 nos0 ru0 dp0}{volatile-unsigned-bitfield {1,1} fixed}[bad ] = @[iTemp22 [k35 lr28:29 so:0]{ ia1 a2p0 re0 rm1 nos0 ru0 dp0}{volatile-unsigned-bitfield {1,1} near* fixed}[remat] + 0x0 {const-unsigned-char literal}]
00001C                00256 _00110_DS_:
                      00257 ;       .line   57; usart/ugetc.c       if (RCSTAbits.OERR)
00001C A200           00258         BTFSS   _RCSTAbits, 1
00001E D000           00259         BRA     _00112_DS_
                      00260 ; ;ic:30:       if iTemp23 [k36 lr29:30 so:0]{ ia0 a2p0 re0 rm0 nos0 ru0 dp0}{volatile-unsigned-bitfield {1,1} fixed}[bad ] == 0 goto _iffalse_3($8)
                      00261 ; ;ic:31:       iTemp25 [k39 lr31:32 so:0]{ ia0 a2p0 re0 rm1 nos0 ru0 dp0}{unsigned-bitfield {3,1} near* fixed}[remat] := iTemp0 [k3 lr3:31 so:0]{ ia0 a2p0 re0 rm1 nos0 ru0 dp0}{volatile-unsigned-char near* fixed}[remat]
                      00262 ; ;ic:32:       *(iTemp25 [k39 lr31:32 so:0]{ ia1 a2p0 re0 rm1 nos0 ru0 dp0}{unsigned-bitfield {3,1} near* fixed}[remat]) := 0x1 {const-unsigned-char literal}
000020 0100           00263         BANKSEL _USART_Status
                      00264 ;       .line   58; usart/ugetc.c       USART_Status.OVERRUN_ERROR = 1;
000022 8700           00265         BSF     _USART_Status, 3, B
gpasm-0.14.1 (Aug 18 2017)   libio18f1230_a-ugetc.asm8-18-2017  19:25:33          PAGE  6


LOC  OBJECT CODE     LINE SOURCE TEXT
  VALUE

                      00266 ; ;ic:33:  _iffalse_3($8) :
                      00267 ; ;ic:34:       ret _RCREG [k40 lr0:0 so:0]{ ia0 a2p0 re0 rm0 nos0 ru0 dp0}{volatile-unsigned-char sfr}
000024                00268 _00112_DS_:
                      00269 ;       .line   60; usart/ugetc.c       return (RCREG);
000024 5000           00270         MOVF    _RCREG, W
                      00271 ; ;ic:35:  _return($9) :
                      00272 ; ;ic:36:       eproc _usart_getc [k1 lr0:0 so:0]{ ia0 a2p0 re0 rm0 nos0 ru0 dp0}{unsigned-char function ( ) fixed}
000026 0012           00273         RETURN  
                      00274 
                      00275 
                      00276 
                      00277 ; Statistics:
                      00278 ; code size:       40 (0x0028) bytes ( 0.03%)
                      00279 ;                  20 (0x0014) words
                      00280 ; udata size:       0 (0x0000) bytes ( 0.00%)
                      00281 ; access size:      0 (0x0000) bytes
                      00282 
                      00283 
                      00284         end
gpasm-0.14.1 (Aug 18 2017)   libio18f1230_a-ugetc.asm8-18-2017  19:25:33          PAGE  7


SYMBOL TABLE
  LABEL                             VALUE

POSTDEC1                          00000FE5
PREINC1                           00000FE4
WREG                              00000FE8
_00108_DS_                        00000014
_00110_DS_                        0000001C
_00112_DS_                        00000024
_10105_DS_                        00000014
_ADCON0                           00000000
_ADCON0bits                       00000000
_ADCON1                           00000000
_ADCON1bits                       00000000
_ADCON2                           00000000
_ADCON2bits                       00000000
_ADRES                            00000000
_ADRESH                           00000000
_ADRESL                           00000000
_BAUDCON                          00000000
_BAUDCONbits                      00000000
_BAUDCTL                          00000000
_BAUDCTLbits                      00000000
_BSR                              00000000
_CMCON                            00000000
_CMCONbits                        00000000
_CVRCON                           00000000
_CVRCONbits                       00000000
_DDRA                             00000000
_DDRAbits                         00000000
_DDRB                             00000000
_DDRBbits                         00000000
_DTCON                            00000000
_DTCONbits                        00000000
_EEADR                            00000000
_EECON1                           00000000
_EECON1bits                       00000000
_EECON2                           00000000
_EEDATA                           00000000
_FLTCONFIG                        00000000
_FLTCONFIGbits                    00000000
_FSR0H                            00000000
_FSR0L                            00000000
_FSR1H                            00000000
_FSR1L                            00000000
_FSR2H                            00000000
_FSR2L                            00000000
_INDF0                            00000000
_INDF1                            00000000
_INDF2                            00000000
_INTCON                           00000000
_INTCON2                          00000000
_INTCON2bits                      00000000
_INTCON3                          00000000
_INTCON3bits                      00000000
_INTCONbits                       00000000
gpasm-0.14.1 (Aug 18 2017)   libio18f1230_a-ugetc.asm8-18-2017  19:25:33          PAGE  8


SYMBOL TABLE
  LABEL                             VALUE 

_IPR1                             00000000
_IPR1bits                         00000000
_IPR2                             00000000
_IPR2bits                         00000000
_IPR3                             00000000
_IPR3bits                         00000000
_LATA                             00000000
_LATAbits                         00000000
_LATB                             00000000
_LATBbits                         00000000
_LVDCON                           00000000
_LVDCONbits                       00000000
_OSCCON                           00000000
_OSCCONbits                       00000000
_OSCTUNE                          00000000
_OSCTUNEbits                      00000000
_OVDCOND                          00000000
_OVDCONDbits                      00000000
_OVDCONS                          00000000
_OVDCONSbits                      00000000
_PC                               00000000
_PCL                              00000000
_PCLATH                           00000000
_PCLATU                           00000000
_PDC0H                            00000000
_PDC0L                            00000000
_PDC1H                            00000000
_PDC1L                            00000000
_PDC2H                            00000000
_PDC2L                            00000000
_PIE1                             00000000
_PIE1bits                         00000000
_PIE2                             00000000
_PIE2bits                         00000000
_PIE3                             00000000
_PIE3bits                         00000000
_PIR1                             00000000
_PIR1bits                         00000000
_PIR2                             00000000
_PIR2bits                         00000000
_PIR3                             00000000
_PIR3bits                         00000000
_PLUSW0                           00000000
_PLUSW1                           00000000
_PLUSW2                           00000000
_PORTA                            00000000
_PORTAbits                        00000000
_PORTB                            00000000
_PORTBbits                        00000000
_POSTDEC0                         00000000
_POSTDEC1                         00000000
_POSTDEC2                         00000000
_POSTINC0                         00000000
gpasm-0.14.1 (Aug 18 2017)   libio18f1230_a-ugetc.asm8-18-2017  19:25:33          PAGE  9


SYMBOL TABLE
  LABEL                             VALUE 

_POSTINC1                         00000000
_POSTINC2                         00000000
_PREINC0                          00000000
_PREINC1                          00000000
_PREINC2                          00000000
_PROD                             00000000
_PRODH                            00000000
_PRODL                            00000000
_PTCON0                           00000000
_PTCON0bits                       00000000
_PTCON1                           00000000
_PTCON1bits                       00000000
_PTMRH                            00000000
_PTMRL                            00000000
_PTPERH                           00000000
_PTPERL                           00000000
_PWMCON0                          00000000
_PWMCON0bits                      00000000
_PWMCON1                          00000000
_PWMCON1bits                      00000000
_RCON                             00000000
_RCONbits                         00000000
_RCREG                            00000000
_RCSTA                            00000000
_RCSTAbits                        00000000
_SEVTCMPH                         00000000
_SEVTCMPL                         00000000
_SPBRG                            00000000
_SPBRGH                           00000000
_STATUS                           00000000
_STATUSbits                       00000000
_STKPTR                           00000000
_STKPTRbits                       00000000
_T0CON                            00000000
_T0CONbits                        00000000
_T1CON                            00000000
_T1CONbits                        00000000
_TABLAT                           00000000
_TBLPTR                           00000000
_TBLPTRH                          00000000
_TBLPTRL                          00000000
_TBLPTRU                          00000000
_TMR0H                            00000000
_TMR0L                            00000000
_TMR1H                            00000000
_TMR1L                            00000000
_TOS                              00000000
_TOSH                             00000000
_TOSL                             00000000
_TOSU                             00000000
_TRISA                            00000000
_TRISAbits                        00000000
_TRISB                            00000000
gpasm-0.14.1 (Aug 18 2017)   libio18f1230_a-ugetc.asm8-18-2017  19:25:33          PAGE 10


SYMBOL TABLE
  LABEL                             VALUE 

_TRISBbits                        00000000
_TXREG                            00000000
_TXSTA                            00000000
_TXSTAbits                        00000000
_USART_Status                     00000000
_WDTCON                           00000000
_WDTCONbits                       00000000
_WREG                             00000000
__18F1230                         00000001
_usart_getc                       00000000

Errors   :     0
Warnings :     0 reported,     0 suppressed
Messages :     0 reported,     0 suppressed

